This is XeTeX, Version 3.141592653-2.6-0.999997 (TeX Live 2025) (preloaded format=xelatex 2025.10.15)  30 OCT 2025 18:36
entering extended mode
 restricted \write18 enabled.
 file:line:error style messages enabled.
 %&-line parsing enabled.
**main
(./main.tex
LaTeX2e <2025-06-01> patch level 1
L3 programming layer <2025-09-02>
(/usr/local/texlive/2025/texmf-dist/tex/latex/base/article.cls
Document Class: article 2025/01/22 v1.4n Standard LaTeX document class
(/usr/local/texlive/2025/texmf-dist/tex/latex/base/size10.clo
File: size10.clo 2025/01/22 v1.4n Standard LaTeX file (size option)
)
\c@part=\count271
\c@section=\count272
\c@subsection=\count273
\c@subsubsection=\count274
\c@paragraph=\count275
\c@subparagraph=\count276
\c@figure=\count277
\c@table=\count278
\abovecaptionskip=\skip49
\belowcaptionskip=\skip50
\bibindent=\dimen148
) (/usr/local/texlive/2025/texmf-dist/tex/latex/fontspec/fontspec.sty (/usr/local/texlive/2025/texmf-dist/tex/latex/l3packages/xparse/xparse.sty (/usr/local/texlive/2025/texmf-dist/tex/latex/l3kernel/expl3.sty
Package: expl3 2025-09-02 L3 programming layer (loader) 
 (/usr/local/texlive/2025/texmf-dist/tex/latex/l3backend/l3backend-xetex.def
File: l3backend-xetex.def 2025-06-09 L3 backend support: XeTeX
\g__graphics_track_int=\count279
\g__pdfannot_backend_int=\count280
\g__pdfannot_backend_link_int=\count281
))
Package: xparse 2024-08-16 L3 Experimental document command parser
)
Package: fontspec 2025/09/29 v2.9g Font selection for XeLaTeX and LuaLaTeX
 (/usr/local/texlive/2025/texmf-dist/tex/latex/fontspec/fontspec-xetex.sty
Package: fontspec-xetex 2025/09/29 v2.9g Font selection for XeLaTeX and LuaLaTeX
\l__fontspec_script_int=\count282
\l__fontspec_language_int=\count283
\l__fontspec_strnum_int=\count284
\l__fontspec_tmp_int=\count285
\l__fontspec_tmpa_int=\count286
\l__fontspec_tmpb_int=\count287
\l__fontspec_tmpc_int=\count288
\l__fontspec_em_int=\count289
\l__fontspec_emdef_int=\count290
\l__fontspec_strong_int=\count291
\l__fontspec_strongdef_int=\count292
\l__fontspec_tmpa_dim=\dimen149
\l__fontspec_tmpb_dim=\dimen150
\l__fontspec_tmpc_dim=\dimen151
 (/usr/local/texlive/2025/texmf-dist/tex/latex/base/fontenc.sty
Package: fontenc 2024/12/21 v2.1c Standard LaTeX package
) (/usr/local/texlive/2025/texmf-dist/tex/latex/fontspec/fontspec.cfg))) (/usr/local/texlive/2025/texmf-dist/tex/latex/graphics/graphicx.sty
Package: graphicx 2024/12/31 v1.2e Enhanced LaTeX Graphics (DPC,SPQR)
 (/usr/local/texlive/2025/texmf-dist/tex/latex/graphics/keyval.sty
Package: keyval 2022/05/29 v1.15 key=value parser (DPC)
\KV@toks@=\toks17
) (/usr/local/texlive/2025/texmf-dist/tex/latex/graphics/graphics.sty
Package: graphics 2024/08/06 v1.4g Standard LaTeX Graphics (DPC,SPQR)
 (/usr/local/texlive/2025/texmf-dist/tex/latex/graphics/trig.sty
Package: trig 2023/12/02 v1.11 sin cos tan (DPC)
) (/usr/local/texlive/2025/texmf-dist/tex/latex/graphics-cfg/graphics.cfg
File: graphics.cfg 2016/06/04 v1.11 sample graphics configuration
)
Package graphics Info: Driver file: xetex.def on input line 106.
 (/usr/local/texlive/2025/texmf-dist/tex/latex/graphics-def/xetex.def
File: xetex.def 2025/09/29 v5.0o Graphics/color driver for xetex
))
\Gin@req@height=\dimen152
\Gin@req@width=\dimen153
) (/usr/local/texlive/2025/texmf-dist/tex/latex/fancyvrb/fancyvrb.sty
Package: fancyvrb 2025/07/28 4.6 verbatim text (tvz,hv)
\FV@CodeLineNo=\count293
\FV@InFile=\read2
\FV@TabBox=\box53
\c@FancyVerbLine=\count294
\FV@StepNumber=\count295
\FV@OutFile=\write3
) (/usr/local/texlive/2025/texmf-dist/tex/latex/graphics/color.sty
Package: color 2025/01/14 v1.3e Standard LaTeX Color (DPC)
 (/usr/local/texlive/2025/texmf-dist/tex/latex/graphics-cfg/color.cfg
File: color.cfg 2016/01/02 v1.6 sample color configuration
)
Package color Info: Driver file: xetex.def on input line 149.
 (/usr/local/texlive/2025/texmf-dist/tex/latex/graphics/mathcolor.ltx)) (/usr/local/texlive/2025/texmf-dist/tex/latex/fvextra/fvextra.sty
Package: fvextra 2025/05/29 v1.13.2 fvextra - extensions and patches for fancyvrb
 (/usr/local/texlive/2025/texmf-dist/tex/latex/etoolbox/etoolbox.sty
Package: etoolbox 2025/10/02 v2.5m e-TeX tools for LaTeX (JAW)
\etb@tempcnta=\count296
) (/usr/local/texlive/2025/texmf-dist/tex/generic/pdftexcmds/pdftexcmds.sty
Package: pdftexcmds 2020-06-27 v0.33 Utility functions of pdfTeX for LuaTeX (HO)
 (/usr/local/texlive/2025/texmf-dist/tex/generic/infwarerr/infwarerr.sty
Package: infwarerr 2019/12/03 v1.5 Providing info/warning/error messages (HO)
) (/usr/local/texlive/2025/texmf-dist/tex/generic/iftex/iftex.sty
Package: iftex 2024/12/12 v1.0g TeX engine tests
) (/usr/local/texlive/2025/texmf-dist/tex/generic/ltxcmds/ltxcmds.sty
Package: ltxcmds 2023-12-04 v1.26 LaTeX kernel commands for general use (HO)
)
Package pdftexcmds Info: \pdf@primitive is available.
Package pdftexcmds Info: \pdf@ifprimitive is available.
Package pdftexcmds Info: \pdfdraftmode not found.
) (/usr/local/texlive/2025/texmf-dist/tex/latex/upquote/upquote.sty
Package: upquote 2012/04/19 v1.3 upright-quote and grave-accent glyphs in verbatim
 (/usr/local/texlive/2025/texmf-dist/tex/latex/base/textcomp.sty
Package: textcomp 2024/04/24 v2.1b Standard LaTeX package
)) (/usr/local/texlive/2025/texmf-dist/tex/latex/lineno/lineno.sty
Package: lineno 2025/05/13 line numbers on paragraphs v5.5
 (/usr/local/texlive/2025/texmf-dist/tex/latex/kvoptions/kvoptions.sty
Package: kvoptions 2022-06-15 v3.15 Key value format for package options (HO)
 (/usr/local/texlive/2025/texmf-dist/tex/latex/kvsetkeys/kvsetkeys.sty
Package: kvsetkeys 2022-10-05 v1.19 Key value parser (HO)
))
\linenopenalty=\count297
\output=\toks18
\linenoprevgraf=\count298
\linenumbersep=\dimen154
\linenumberwidth=\dimen155
\c@linenumber=\count299
\c@pagewiselinenumber=\count300
\c@LN@truepage=\count301
\c@internallinenumber=\count302
\c@internallinenumbers=\count303
\quotelinenumbersep=\dimen156
\bframerule=\dimen157
\bframesep=\dimen158
\bframebox=\box54
)
\c@FancyVerbWriteLine=\count304
\c@FancyVerbBufferLine=\count305
\c@FV@TrueTabGroupLevel=\count306
\c@FV@TrueTabCounter=\count307
\FV@TabBox@Group=\box55
\FV@bgcolorstructbox=\box56
\FV@TmpLength=\skip51
\c@FV@HighlightLinesStart=\count308
\c@FV@HighlightLinesStop=\count309
\FV@LoopCount=\count310
\FV@NCharsBox=\box57
\FV@BreakIndent=\dimen159
\FV@BreakIndentNChars=\count311
\FV@BreakSymbolSepLeft=\dimen160
\FV@BreakSymbolSepLeftNChars=\count312
\FV@BreakSymbolSepRight=\dimen161
\FV@BreakSymbolSepRightNChars=\count313
\FV@BreakSymbolIndentLeft=\dimen162
\FV@BreakSymbolIndentLeftNChars=\count314
\FV@BreakSymbolIndentRight=\dimen163
\FV@BreakSymbolIndentRightNChars=\count315
\c@FancyVerbLineBreakLast=\count316
\FV@LineBox=\box58
\FV@LineIndentBox=\box59
\c@FV@BreakBufferDepth=\count317
\FV@LineWidth=\dimen164
) (/usr/local/texlive/2025/texmf-dist/tex/latex/tools/longtable.sty
Package: longtable 2024-12-18 v4.23 Multi-page Table package (DPC)
\LTleft=\skip52
\LTright=\skip53
\LTpre=\skip54
\LTpost=\skip55
\LTchunksize=\count318
\LTcapwidth=\dimen165
\LT@head=\box60
\LT@firsthead=\box61
\LT@foot=\box62
\LT@lastfoot=\box63
\LT@gbox=\box64
\LT@cols=\count319
\LT@rows=\count320
\c@LT@tables=\count321
\c@LT@chunks=\count322
\LT@p@ftn=\toks19
) (/usr/local/texlive/2025/texmf-dist/tex/latex/booktabs/booktabs.sty
Package: booktabs 2020/01/12 v1.61803398 Publication quality tables
\heavyrulewidth=\dimen166
\lightrulewidth=\dimen167
\cmidrulewidth=\dimen168
\belowrulesep=\dimen169
\belowbottomsep=\dimen170
\aboverulesep=\dimen171
\abovetopsep=\dimen172
\cmidrulesep=\dimen173
\cmidrulekern=\dimen174
\defaultaddspace=\dimen175
\@cmidla=\count323
\@cmidlb=\count324
\@aboverulesep=\dimen176
\@belowrulesep=\dimen177
\@thisruleclass=\count325
\@lastruleclass=\count326
\@thisrulewidth=\dimen178
) (/usr/local/texlive/2025/texmf-dist/tex/latex/tools/array.sty
Package: array 2025/06/08 v2.6j Tabular extension package (FMi)
\col@sep=\dimen179
\ar@mcellbox=\box65
\extrarowheight=\dimen180
\NC@list=\toks20
\extratabsurround=\skip56
\backup@length=\skip57
\ar@cellbox=\box66
) (/usr/local/texlive/2025/texmf-dist/tex/latex/multirow/multirow.sty
Package: multirow 2024/11/12 v2.9 Span multiple rows of a table
\multirow@colwidth=\skip58
\multirow@cntb=\count327
\multirow@dima=\skip59
\bigstrutjot=\dimen181
) (/usr/local/texlive/2025/texmf-dist/tex/latex/xcolor/xcolor.sty
Package: xcolor 2024/09/29 v3.02 LaTeX color extensions (UK)
 (/usr/local/texlive/2025/texmf-dist/tex/latex/graphics-cfg/color.cfg
File: color.cfg 2016/01/02 v1.6 sample color configuration
)
Package xcolor Info: Driver file: xetex.def on input line 274.
LaTeX Info: Redefining \color on input line 762.
 (/usr/local/texlive/2025/texmf-dist/tex/latex/graphics/mathcolor.ltx)
Package xcolor Info: Model `cmy' substituted by `cmy0' on input line 1349.
Package xcolor Info: Model `RGB' extended on input line 1365.
Package xcolor Info: Model `HTML' substituted by `rgb' on input line 1367.
Package xcolor Info: Model `Hsb' substituted by `hsb' on input line 1368.
Package xcolor Info: Model `tHsb' substituted by `hsb' on input line 1369.
Package xcolor Info: Model `HSB' substituted by `hsb' on input line 1370.
Package xcolor Info: Model `Gray' substituted by `gray' on input line 1371.
Package xcolor Info: Model `wave' substituted by `hsb' on input line 1372.
)

Package fontspec Info: 
(fontspec)             Font family 'SFUIText-Regular(0)' created for font
(fontspec)             'SFUIText-Regular' with options
(fontspec)             [Ligatures=TeX,Path=./fonts/,Extension=.ttf].
(fontspec)              
(fontspec)              This font family consists of the following NFSS
(fontspec)             series/shapes:
(fontspec)              
(fontspec)             - 'normal' (m/n) with NFSS spec.:
(fontspec)             <->"[./fonts/SFUIText-Regular.ttf]/OT:script=latn;language=dflt;mapping=tex-text;"
(fontspec)             - 'small caps'  (m/sc) with NFSS spec.:
(fontspec)             <->"[./fonts/SFUIText-Regular.ttf]/OT:script=latn;language=dflt;+smcp;mapping=tex-text;"


Package fontspec Info: 
(fontspec)             Font family 'SourceCodePro-Regular(0)' created for font
(fontspec)             'SourceCodePro-Regular' with options
(fontspec)             [WordSpace={1,0,0},HyphenChar=None,PunctuationSpace=WordSpace,Path=./fonts/,Extension=.ttf].
(fontspec)              
(fontspec)              This font family consists of the following NFSS
(fontspec)             series/shapes:
(fontspec)              
(fontspec)             - 'normal' (m/n) with NFSS spec.:
(fontspec)             <->"[./fonts/SourceCodePro-Regular.ttf]/OT:script=latn;language=dflt;"


Package fontspec Info: 
(fontspec)             Font family 'SourceCodePro-Regular(1)' created for font
(fontspec)             'SourceCodePro-Regular' with options
(fontspec)             [Path=./fonts/,Extension=.ttf].
(fontspec)              
(fontspec)              This font family consists of the following NFSS
(fontspec)             series/shapes:
(fontspec)              
(fontspec)             - 'normal' (m/n) with NFSS spec.:
(fontspec)             <->"[./fonts/SourceCodePro-Regular.ttf]/OT:script=latn;language=dflt;"


Package fontspec Info: 
(fontspec)             Font family 'SourceCodePro-SemiBold(0)' created for
(fontspec)             font 'SourceCodePro-SemiBold' with options
(fontspec)             [Path=./fonts/,Extension=.ttf].
(fontspec)              
(fontspec)              This font family consists of the following NFSS
(fontspec)             series/shapes:
(fontspec)              
(fontspec)             - 'normal' (m/n) with NFSS spec.:
(fontspec)             <->"[./fonts/SourceCodePro-SemiBold.ttf]/OT:script=latn;language=dflt;"

 (/usr/local/texlive/2025/texmf-dist/tex/latex/framed/framed.sty
Package: framed 2011/10/22 v 0.96: framed or shaded text with page breaks
\OuterFrameSep=\skip60
\fb@frw=\dimen182
\fb@frh=\dimen183
\FrameRule=\dimen184
\FrameSep=\dimen185
) (./rfcstyle.sty
Package: rfcstyle 2025/01/01 v1.0 HOPR RFC Style Package
 (/usr/local/texlive/2025/texmf-dist/tex/latex/geometry/geometry.sty
Package: geometry 2020/01/02 v5.9 Page Geometry
 (/usr/local/texlive/2025/texmf-dist/tex/generic/iftex/ifvtex.sty
Package: ifvtex 2019/10/25 v1.7 ifvtex legacy package. Use iftex instead.
)
\Gm@cnth=\count328
\Gm@cntv=\count329
\c@Gm@tempcnt=\count330
\Gm@bindingoffset=\dimen186
\Gm@wd@mp=\dimen187
\Gm@odd@mp=\dimen188
\Gm@even@mp=\dimen189
\Gm@layoutwidth=\dimen190
\Gm@layoutheight=\dimen191
\Gm@layouthoffset=\dimen192
\Gm@layoutvoffset=\dimen193
\Gm@dimlist=\toks21
) (/usr/local/texlive/2025/texmf-dist/tex/latex/fancyhdr/fancyhdr.sty
Package: fancyhdr 2025/02/07 v5.2 Extensive control of page headers and footers
\f@nch@headwidth=\skip61
\f@nch@offset@elh=\skip62
\f@nch@offset@erh=\skip63
\f@nch@offset@olh=\skip64
\f@nch@offset@orh=\skip65
\f@nch@offset@elf=\skip66
\f@nch@offset@erf=\skip67
\f@nch@offset@olf=\skip68
\f@nch@offset@orf=\skip69
\f@nch@height=\skip70
\f@nch@footalignment=\skip71
\f@nch@widthL=\skip72
\f@nch@widthC=\skip73
\f@nch@widthR=\skip74
\@temptokenb=\toks22
) (/usr/local/texlive/2025/texmf-dist/tex/latex/titlesec/titlesec.sty
Package: titlesec 2025/01/04 v2.17 Sectioning titles
\ttl@box=\box67
\beforetitleunit=\skip75
\aftertitleunit=\skip76
\ttl@plus=\dimen194
\ttl@minus=\dimen195
\ttl@toksa=\toks23
\titlewidth=\dimen196
\titlewidthlast=\dimen197
\titlewidthfirst=\dimen198
) (/usr/local/texlive/2025/texmf-dist/tex/latex/hyperref/hyperref.sty
Package: hyperref 2025-07-12 v7.01o Hypertext links for LaTeX
 (/usr/local/texlive/2025/texmf-dist/tex/generic/kvdefinekeys/kvdefinekeys.sty
Package: kvdefinekeys 2019-12-19 v1.6 Define keys (HO)
) (/usr/local/texlive/2025/texmf-dist/tex/generic/pdfescape/pdfescape.sty
Package: pdfescape 2019/12/09 v1.15 Implements pdfTeX's escape features (HO)
) (/usr/local/texlive/2025/texmf-dist/tex/latex/hycolor/hycolor.sty
Package: hycolor 2020-01-27 v1.10 Color options for hyperref/bookmark (HO)
) (/usr/local/texlive/2025/texmf-dist/tex/latex/hyperref/nameref.sty
Package: nameref 2025-06-21 v2.57 Cross-referencing by name of section
 (/usr/local/texlive/2025/texmf-dist/tex/latex/refcount/refcount.sty
Package: refcount 2019/12/15 v3.6 Data extraction from label references (HO)
) (/usr/local/texlive/2025/texmf-dist/tex/generic/gettitlestring/gettitlestring.sty
Package: gettitlestring 2019/12/15 v1.6 Cleanup title references (HO)
)
\c@section@level=\count331
) (/usr/local/texlive/2025/texmf-dist/tex/generic/stringenc/stringenc.sty
Package: stringenc 2019/11/29 v1.12 Convert strings between diff. encodings (HO)
)
\@linkdim=\dimen199
\Hy@linkcounter=\count332
\Hy@pagecounter=\count333
 (/usr/local/texlive/2025/texmf-dist/tex/latex/hyperref/pd1enc.def
File: pd1enc.def 2025-07-12 v7.01o Hyperref: PDFDocEncoding definition (HO)
) (/usr/local/texlive/2025/texmf-dist/tex/generic/intcalc/intcalc.sty
Package: intcalc 2019/12/15 v1.3 Expandable calculations with integers (HO)
)
\Hy@SavedSpaceFactor=\count334
 (/usr/local/texlive/2025/texmf-dist/tex/latex/hyperref/puenc.def
File: puenc.def 2025-07-12 v7.01o Hyperref: PDF Unicode definition (HO)
)
Package hyperref Info: Hyper figures OFF on input line 4195.
Package hyperref Info: Link nesting OFF on input line 4200.
Package hyperref Info: Hyper index ON on input line 4203.
Package hyperref Info: Plain pages OFF on input line 4210.
Package hyperref Info: Backreferencing OFF on input line 4215.
Package hyperref Info: Implicit mode ON; LaTeX internals redefined.
Package hyperref Info: Bookmarks ON on input line 4462.
\c@Hy@tempcnt=\count335
 (/usr/local/texlive/2025/texmf-dist/tex/latex/url/url.sty
\Urlmuskip=\muskip17
Package: url 2013/09/16  ver 3.4  Verb mode for urls, etc.
)
LaTeX Info: Redefining \url on input line 4801.
\XeTeXLinkMargin=\dimen256
 (/usr/local/texlive/2025/texmf-dist/tex/generic/bitset/bitset.sty
Package: bitset 2019/12/09 v1.3 Handle bit-vector datatype (HO)
 (/usr/local/texlive/2025/texmf-dist/tex/generic/bigintcalc/bigintcalc.sty
Package: bigintcalc 2019/12/15 v1.5 Expandable calculations on big integers (HO)
))
\Fld@menulength=\count336
\Field@Width=\dimen257
\Fld@charsize=\dimen258
Package hyperref Info: Hyper figures OFF on input line 6078.
Package hyperref Info: Link nesting OFF on input line 6083.
Package hyperref Info: Hyper index ON on input line 6086.
Package hyperref Info: backreferencing OFF on input line 6093.
Package hyperref Info: Link coloring OFF on input line 6098.
Package hyperref Info: Link coloring with OCG OFF on input line 6103.
Package hyperref Info: PDF/A mode OFF on input line 6108.
\Hy@abspage=\count337
\c@Item=\count338
\c@Hfootnote=\count339
)
Package hyperref Info: Driver (autodetected): hxetex.
 (/usr/local/texlive/2025/texmf-dist/tex/latex/hyperref/hxetex.def
File: hxetex.def 2025-07-12 v7.01o Hyperref driver for XeTeX
\pdfm@box=\box68
\c@Hy@AnnotLevel=\count340
\HyField@AnnotCount=\count341
\Fld@listcount=\count342
\c@bookmark@seq@number=\count343
 (/usr/local/texlive/2025/texmf-dist/tex/latex/rerunfilecheck/rerunfilecheck.sty
Package: rerunfilecheck 2025-06-21 v1.11 Rerun checks for auxiliary files (HO)
 (/usr/local/texlive/2025/texmf-dist/tex/generic/uniquecounter/uniquecounter.sty
Package: uniquecounter 2019/12/15 v1.4 Provide unlimited unique counter (HO)
)
Package uniquecounter Info: New unique counter `rerunfilecheck' on input line 284.
)
\Hy@SectionHShift=\skip77
) (/usr/local/texlive/2025/texmf-dist/tex/latex/enumitem/enumitem.sty
Package: enumitem 2025/02/06 v3.11 Customized lists
\labelindent=\skip78
\enit@outerparindent=\dimen259
\enit@toks=\toks24
\enit@inbox=\box69
\enit@count@id=\count344
\enitdp@description=\count345
) (/usr/local/texlive/2025/texmf-dist/tex/latex/ragged2e/ragged2e.sty
Package: ragged2e 2023/06/22 v3.6 ragged2e Package
\CenteringLeftskip=\skip79
\RaggedLeftLeftskip=\skip80
\RaggedRightLeftskip=\skip81
\CenteringRightskip=\skip82
\RaggedLeftRightskip=\skip83
\RaggedRightRightskip=\skip84
\CenteringParfillskip=\skip85
\RaggedLeftParfillskip=\skip86
\RaggedRightParfillskip=\skip87
\JustifyingParfillskip=\skip88
\CenteringParindent=\skip89
\RaggedLeftParindent=\skip90
\RaggedRightParindent=\skip91
\JustifyingParindent=\skip92
) (/usr/local/texlive/2025/texmf-dist/tex/latex/tcolorbox/tcolorbox.sty
Package: tcolorbox 2025/09/09 version 6.8.0 text color boxes
 (/usr/local/texlive/2025/texmf-dist/tex/latex/pgf/frontendlayer/tikz.sty (/usr/local/texlive/2025/texmf-dist/tex/latex/pgf/basiclayer/pgf.sty (/usr/local/texlive/2025/texmf-dist/tex/latex/pgf/utilities/pgfrcs.sty (/usr/local/texlive/2025/texmf-dist/tex/generic/pgf/utilities/pgfutil-common.tex
\pgfutil@everybye=\toks25
\pgfutil@tempdima=\dimen260
\pgfutil@tempdimb=\dimen261
) (/usr/local/texlive/2025/texmf-dist/tex/generic/pgf/utilities/pgfutil-latex.def
\pgfutil@abb=\box70
) (/usr/local/texlive/2025/texmf-dist/tex/generic/pgf/utilities/pgfrcs.code.tex (/usr/local/texlive/2025/texmf-dist/tex/generic/pgf/pgf.revision.tex)
Package: pgfrcs 2025-08-29 v3.1.11a (3.1.11a)
))
Package: pgf 2025-08-29 v3.1.11a (3.1.11a)
 (/usr/local/texlive/2025/texmf-dist/tex/latex/pgf/basiclayer/pgfcore.sty (/usr/local/texlive/2025/texmf-dist/tex/latex/pgf/systemlayer/pgfsys.sty (/usr/local/texlive/2025/texmf-dist/tex/generic/pgf/systemlayer/pgfsys.code.tex
Package: pgfsys 2025-08-29 v3.1.11a (3.1.11a)
 (/usr/local/texlive/2025/texmf-dist/tex/generic/pgf/utilities/pgfkeys.code.tex
\pgfkeys@pathtoks=\toks26
\pgfkeys@temptoks=\toks27
 (/usr/local/texlive/2025/texmf-dist/tex/generic/pgf/utilities/pgfkeyslibraryfiltered.code.tex
\pgfkeys@tmptoks=\toks28
))
\pgf@x=\dimen262
\pgf@y=\dimen263
\pgf@xa=\dimen264
\pgf@ya=\dimen265
\pgf@xb=\dimen266
\pgf@yb=\dimen267
\pgf@xc=\dimen268
\pgf@yc=\dimen269
\pgf@xd=\dimen270
\pgf@yd=\dimen271
\w@pgf@writea=\write4
\r@pgf@reada=\read3
\c@pgf@counta=\count346
\c@pgf@countb=\count347
\c@pgf@countc=\count348
\c@pgf@countd=\count349
\t@pgf@toka=\toks29
\t@pgf@tokb=\toks30
\t@pgf@tokc=\toks31
\pgf@sys@id@count=\count350
 (/usr/local/texlive/2025/texmf-dist/tex/generic/pgf/systemlayer/pgf.cfg
File: pgf.cfg 2025-08-29 v3.1.11a (3.1.11a)
)
Driver file for pgf: pgfsys-xetex.def
 (/usr/local/texlive/2025/texmf-dist/tex/generic/pgf/systemlayer/pgfsys-xetex.def
File: pgfsys-xetex.def 2025-08-29 v3.1.11a (3.1.11a)
 (/usr/local/texlive/2025/texmf-dist/tex/generic/pgf/systemlayer/pgfsys-dvipdfmx.def
File: pgfsys-dvipdfmx.def 2025-08-29 v3.1.11a (3.1.11a)
 (/usr/local/texlive/2025/texmf-dist/tex/generic/pgf/systemlayer/pgfsys-common-pdf.def
File: pgfsys-common-pdf.def 2025-08-29 v3.1.11a (3.1.11a)
)
\pgfsys@objnum=\count351
))) (/usr/local/texlive/2025/texmf-dist/tex/generic/pgf/systemlayer/pgfsyssoftpath.code.tex
File: pgfsyssoftpath.code.tex 2025-08-29 v3.1.11a (3.1.11a)
\pgfsyssoftpath@smallbuffer@items=\count352
\pgfsyssoftpath@bigbuffer@items=\count353
) (/usr/local/texlive/2025/texmf-dist/tex/generic/pgf/systemlayer/pgfsysprotocol.code.tex
File: pgfsysprotocol.code.tex 2025-08-29 v3.1.11a (3.1.11a)
)) (/usr/local/texlive/2025/texmf-dist/tex/generic/pgf/basiclayer/pgfcore.code.tex
Package: pgfcore 2025-08-29 v3.1.11a (3.1.11a)
 (/usr/local/texlive/2025/texmf-dist/tex/generic/pgf/math/pgfmath.code.tex (/usr/local/texlive/2025/texmf-dist/tex/generic/pgf/math/pgfmathutil.code.tex) (/usr/local/texlive/2025/texmf-dist/tex/generic/pgf/math/pgfmathparser.code.tex
\pgfmath@dimen=\dimen272
\pgfmath@count=\count354
\pgfmath@box=\box71
\pgfmath@toks=\toks32
\pgfmath@stack@operand=\toks33
\pgfmath@stack@operation=\toks34
) (/usr/local/texlive/2025/texmf-dist/tex/generic/pgf/math/pgfmathfunctions.code.tex) (/usr/local/texlive/2025/texmf-dist/tex/generic/pgf/math/pgfmathfunctions.basic.code.tex) (/usr/local/texlive/2025/texmf-dist/tex/generic/pgf/math/pgfmathfunctions.trigonometric.code.tex) (/usr/local/texlive/2025/texmf-dist/tex/generic/pgf/math/pgfmathfunctions.random.code.tex) (/usr/local/texlive/2025/texmf-dist/tex/generic/pgf/math/pgfmathfunctions.comparison.code.tex) (/usr/local/texlive/2025/texmf-dist/tex/generic/pgf/math/pgfmathfunctions.base.code.tex) (/usr/local/texlive/2025/texmf-dist/tex/generic/pgf/math/pgfmathfunctions.round.code.tex) (/usr/local/texlive/2025/texmf-dist/tex/generic/pgf/math/pgfmathfunctions.misc.code.tex) (/usr/local/texlive/2025/texmf-dist/tex/generic/pgf/math/pgfmathfunctions.integerarithmetics.code.tex) (/usr/local/texlive/2025/texmf-dist/tex/generic/pgf/math/pgfmathcalc.code.tex) (/usr/local/texlive/2025/texmf-dist/tex/generic/pgf/math/pgfmathfloat.code.tex
\c@pgfmathroundto@lastzeros=\count355
)) (/usr/local/texlive/2025/texmf-dist/tex/generic/pgf/math/pgfint.code.tex) (/usr/local/texlive/2025/texmf-dist/tex/generic/pgf/basiclayer/pgfcorepoints.code.tex
File: pgfcorepoints.code.tex 2025-08-29 v3.1.11a (3.1.11a)
\pgf@picminx=\dimen273
\pgf@picmaxx=\dimen274
\pgf@picminy=\dimen275
\pgf@picmaxy=\dimen276
\pgf@pathminx=\dimen277
\pgf@pathmaxx=\dimen278
\pgf@pathminy=\dimen279
\pgf@pathmaxy=\dimen280
\pgf@xx=\dimen281
\pgf@xy=\dimen282
\pgf@yx=\dimen283
\pgf@yy=\dimen284
\pgf@zx=\dimen285
\pgf@zy=\dimen286
) (/usr/local/texlive/2025/texmf-dist/tex/generic/pgf/basiclayer/pgfcorepathconstruct.code.tex
File: pgfcorepathconstruct.code.tex 2025-08-29 v3.1.11a (3.1.11a)
\pgf@path@lastx=\dimen287
\pgf@path@lasty=\dimen288
) (/usr/local/texlive/2025/texmf-dist/tex/generic/pgf/basiclayer/pgfcorepathusage.code.tex
File: pgfcorepathusage.code.tex 2025-08-29 v3.1.11a (3.1.11a)
\pgf@shorten@end@additional=\dimen289
\pgf@shorten@start@additional=\dimen290
) (/usr/local/texlive/2025/texmf-dist/tex/generic/pgf/basiclayer/pgfcorescopes.code.tex
File: pgfcorescopes.code.tex 2025-08-29 v3.1.11a (3.1.11a)
\pgfpic=\box72
\pgf@hbox=\box73
\pgf@layerbox@main=\box74
\pgf@picture@serial@count=\count356
) (/usr/local/texlive/2025/texmf-dist/tex/generic/pgf/basiclayer/pgfcoregraphicstate.code.tex
File: pgfcoregraphicstate.code.tex 2025-08-29 v3.1.11a (3.1.11a)
\pgflinewidth=\dimen291
) (/usr/local/texlive/2025/texmf-dist/tex/generic/pgf/basiclayer/pgfcoretransformations.code.tex
File: pgfcoretransformations.code.tex 2025-08-29 v3.1.11a (3.1.11a)
\pgf@pt@x=\dimen292
\pgf@pt@y=\dimen293
\pgf@pt@temp=\dimen294
) (/usr/local/texlive/2025/texmf-dist/tex/generic/pgf/basiclayer/pgfcorequick.code.tex
File: pgfcorequick.code.tex 2025-08-29 v3.1.11a (3.1.11a)
) (/usr/local/texlive/2025/texmf-dist/tex/generic/pgf/basiclayer/pgfcoreobjects.code.tex
File: pgfcoreobjects.code.tex 2025-08-29 v3.1.11a (3.1.11a)
) (/usr/local/texlive/2025/texmf-dist/tex/generic/pgf/basiclayer/pgfcorepathprocessing.code.tex
File: pgfcorepathprocessing.code.tex 2025-08-29 v3.1.11a (3.1.11a)
) (/usr/local/texlive/2025/texmf-dist/tex/generic/pgf/basiclayer/pgfcorearrows.code.tex
File: pgfcorearrows.code.tex 2025-08-29 v3.1.11a (3.1.11a)
\pgfarrowsep=\dimen295
) (/usr/local/texlive/2025/texmf-dist/tex/generic/pgf/basiclayer/pgfcoreshade.code.tex
File: pgfcoreshade.code.tex 2025-08-29 v3.1.11a (3.1.11a)
\pgf@max=\dimen296
\pgf@sys@shading@range@num=\count357
\pgf@shadingcount=\count358
) (/usr/local/texlive/2025/texmf-dist/tex/generic/pgf/basiclayer/pgfcoreimage.code.tex
File: pgfcoreimage.code.tex 2025-08-29 v3.1.11a (3.1.11a)
) (/usr/local/texlive/2025/texmf-dist/tex/generic/pgf/basiclayer/pgfcoreexternal.code.tex
File: pgfcoreexternal.code.tex 2025-08-29 v3.1.11a (3.1.11a)
\pgfexternal@startupbox=\box75
) (/usr/local/texlive/2025/texmf-dist/tex/generic/pgf/basiclayer/pgfcorelayers.code.tex
File: pgfcorelayers.code.tex 2025-08-29 v3.1.11a (3.1.11a)
) (/usr/local/texlive/2025/texmf-dist/tex/generic/pgf/basiclayer/pgfcoretransparency.code.tex
File: pgfcoretransparency.code.tex 2025-08-29 v3.1.11a (3.1.11a)
) (/usr/local/texlive/2025/texmf-dist/tex/generic/pgf/basiclayer/pgfcorepatterns.code.tex
File: pgfcorepatterns.code.tex 2025-08-29 v3.1.11a (3.1.11a)
) (/usr/local/texlive/2025/texmf-dist/tex/generic/pgf/basiclayer/pgfcorerdf.code.tex
File: pgfcorerdf.code.tex 2025-08-29 v3.1.11a (3.1.11a)
))) (/usr/local/texlive/2025/texmf-dist/tex/generic/pgf/modules/pgfmoduleshapes.code.tex
File: pgfmoduleshapes.code.tex 2025-08-29 v3.1.11a (3.1.11a)
\pgfnodeparttextbox=\box76
) (/usr/local/texlive/2025/texmf-dist/tex/generic/pgf/modules/pgfmoduleplot.code.tex
File: pgfmoduleplot.code.tex 2025-08-29 v3.1.11a (3.1.11a)
) (/usr/local/texlive/2025/texmf-dist/tex/latex/pgf/compatibility/pgfcomp-version-0-65.sty
Package: pgfcomp-version-0-65 2025-08-29 v3.1.11a (3.1.11a)
\pgf@nodesepstart=\dimen297
\pgf@nodesepend=\dimen298
) (/usr/local/texlive/2025/texmf-dist/tex/latex/pgf/compatibility/pgfcomp-version-1-18.sty
Package: pgfcomp-version-1-18 2025-08-29 v3.1.11a (3.1.11a)
)) (/usr/local/texlive/2025/texmf-dist/tex/latex/pgf/utilities/pgffor.sty (/usr/local/texlive/2025/texmf-dist/tex/latex/pgf/utilities/pgfkeys.sty (/usr/local/texlive/2025/texmf-dist/tex/generic/pgf/utilities/pgfkeys.code.tex)) (/usr/local/texlive/2025/texmf-dist/tex/latex/pgf/math/pgfmath.sty (/usr/local/texlive/2025/texmf-dist/tex/generic/pgf/math/pgfmath.code.tex)) (/usr/local/texlive/2025/texmf-dist/tex/generic/pgf/utilities/pgffor.code.tex
Package: pgffor 2025-08-29 v3.1.11a (3.1.11a)
\pgffor@iter=\dimen299
\pgffor@skip=\dimen300
\pgffor@stack=\toks35
\pgffor@toks=\toks36
)) (/usr/local/texlive/2025/texmf-dist/tex/generic/pgf/frontendlayer/tikz/tikz.code.tex
Package: tikz 2025-08-29 v3.1.11a (3.1.11a)
 (/usr/local/texlive/2025/texmf-dist/tex/generic/pgf/libraries/pgflibraryplothandlers.code.tex
File: pgflibraryplothandlers.code.tex 2025-08-29 v3.1.11a (3.1.11a)
\pgf@plot@mark@count=\count359
\pgfplotmarksize=\dimen301
)
\tikz@lastx=\dimen302
\tikz@lasty=\dimen303
\tikz@lastxsaved=\dimen304
\tikz@lastysaved=\dimen305
\tikz@lastmovetox=\dimen306
\tikz@lastmovetoy=\dimen307
\tikzleveldistance=\dimen308
\tikzsiblingdistance=\dimen309
\tikz@figbox=\box77
\tikz@figbox@bg=\box78
\tikz@tempbox=\box79
\tikz@tempbox@bg=\box80
\tikztreelevel=\count360
\tikznumberofchildren=\count361
\tikznumberofcurrentchild=\count362
\tikz@fig@count=\count363
 (/usr/local/texlive/2025/texmf-dist/tex/generic/pgf/modules/pgfmodulematrix.code.tex
File: pgfmodulematrix.code.tex 2025-08-29 v3.1.11a (3.1.11a)
\pgfmatrixcurrentrow=\count364
\pgfmatrixcurrentcolumn=\count365
\pgf@matrix@numberofcolumns=\count366
)
\tikz@expandcount=\count367
 (/usr/local/texlive/2025/texmf-dist/tex/generic/pgf/frontendlayer/tikz/libraries/tikzlibrarytopaths.code.tex
File: tikzlibrarytopaths.code.tex 2025-08-29 v3.1.11a (3.1.11a)
))) (/usr/local/texlive/2025/texmf-dist/tex/latex/tools/verbatim.sty
Package: verbatim 2024-01-22 v1.5x LaTeX2e package for verbatim enhancements
\every@verbatim=\toks37
\verbatim@line=\toks38
\verbatim@in@stream=\read4
) (/usr/local/texlive/2025/texmf-dist/tex/latex/environ/environ.sty
Package: environ 2014/05/04 v0.3 A new way to define environments
 (/usr/local/texlive/2025/texmf-dist/tex/latex/trimspaces/trimspaces.sty
Package: trimspaces 2009/09/17 v1.1 Trim spaces around a token list
)
\@envbody=\toks39
)
\tcb@titlebox=\box81
\tcb@upperbox=\box82
\tcb@lowerbox=\box83
\tcb@phantombox=\box84
\c@tcbbreakpart=\count368
\c@tcblayer=\count369
\c@tcolorbox@number=\count370
\l__tcobox_tmpa_box=\box85
\l__tcobox_tmpa_dim=\dimen310
\tcb@temp=\box86
\tcb@temp=\box87
\tcb@temp=\box88
\tcb@temp=\box89

(/usr/local/texlive/2025/texmf-dist/tex/latex/tcolorbox/tcbraster.code.tex
Library (tcolorbox): 'tcbraster.code.tex' version '6.8.0'
\c@tcbrastercolumn=\count371
\c@tcbrasterrow=\count372
\c@tcbrasternum=\count373
\c@tcbraster=\count374
) (/usr/local/texlive/2025/texmf-dist/tex/latex/tcolorbox/tcbskins.code.tex
Library (tcolorbox): 'tcbskins.code.tex' version '6.8.0'
(/usr/local/texlive/2025/texmf-dist/tex/latex/tikzfill/tikzfill.image.sty
Package: tikzfill.image 2023/08/08 v1.0.1 Image filling library for TikZ
 (/usr/local/texlive/2025/texmf-dist/tex/latex/tikzfill/tikzfill-common.sty
Package: tikzfill-common 2023/08/08 v1.0.1 Auxiliary code for tikzfill
) (/usr/local/texlive/2025/texmf-dist/tex/latex/tikzfill/tikzlibraryfill.image.code.tex
File: tikzlibraryfill.image.code.tex 2023/08/08 v1.0.1 Image filling library
\l__tikzfill_img_box=\box90
)) (/usr/local/texlive/2025/texmf-dist/tex/latex/tcolorbox/tcbskinsjigsaw.code.tex
Library (tcolorbox): 'tcbskinsjigsaw.code.tex' version '6.8.0'
)) (/usr/local/texlive/2025/texmf-dist/tex/latex/tcolorbox/tcbbreakable.code.tex
Library (tcolorbox): 'tcbbreakable.code.tex' version '6.8.0'
(/usr/local/texlive/2025/texmf-dist/tex/latex/pdfcol/pdfcol.sty
Package: pdfcol 2022-09-21 v1.7 Handle new color stacks for pdfTeX (HO)
Package pdfcol Info: Interface disabled because of missing PDF mode of pdfTeX.
)
Package pdfcol Info: pdfTeX's color stacks are not available.
\tcb@testbox=\box91
\tcb@totalupperbox=\box92
\tcb@totallowerbox=\box93
) (/usr/local/texlive/2025/texmf-dist/tex/latex/tcolorbox/tcbhooks.code.tex
Library (tcolorbox): 'tcbhooks.code.tex' version '6.8.0'
) (/usr/local/texlive/2025/texmf-dist/tex/latex/tcolorbox/tcbtheorems.code.tex
Library (tcolorbox): 'tcbtheorems.code.tex' version '6.8.0'
(/usr/local/texlive/2025/texmf-dist/tex/latex/amsmath/amsmath.sty
Package: amsmath 2025/06/16 v2.17y AMS math features
\@mathmargin=\skip93

For additional information on amsmath, use the `?' option.
(/usr/local/texlive/2025/texmf-dist/tex/latex/amsmath/amstext.sty
Package: amstext 2024/11/17 v2.01 AMS text
 (/usr/local/texlive/2025/texmf-dist/tex/latex/amsmath/amsgen.sty
File: amsgen.sty 1999/11/30 v2.0 generic functions
\@emptytoks=\toks40
\ex@=\dimen311
)) (/usr/local/texlive/2025/texmf-dist/tex/latex/amsmath/amsbsy.sty
Package: amsbsy 1999/11/29 v1.2d Bold Symbols
\pmbraise@=\dimen312
) (/usr/local/texlive/2025/texmf-dist/tex/latex/amsmath/amsopn.sty
Package: amsopn 2022/04/08 v2.04 operator names
)
\inf@bad=\count375
LaTeX Info: Redefining \frac on input line 233.
\uproot@=\count376
\leftroot@=\count377
LaTeX Info: Redefining \overline on input line 398.
LaTeX Info: Redefining \colon on input line 409.
\classnum@=\count378
\DOTSCASE@=\count379
LaTeX Info: Redefining \ldots on input line 495.
LaTeX Info: Redefining \dots on input line 498.
LaTeX Info: Redefining \cdots on input line 619.
\Mathstrutbox@=\box94
\strutbox@=\box95
LaTeX Info: Redefining \big on input line 721.
LaTeX Info: Redefining \Big on input line 722.
LaTeX Info: Redefining \bigg on input line 723.
LaTeX Info: Redefining \Bigg on input line 724.
\big@size=\dimen313
LaTeX Font Info:    Redeclaring font encoding OML on input line 742.
LaTeX Font Info:    Redeclaring font encoding OMS on input line 743.
\macc@depth=\count380
LaTeX Info: Redefining \bmod on input line 904.
LaTeX Info: Redefining \pmod on input line 909.
LaTeX Info: Redefining \smash on input line 939.
LaTeX Info: Redefining \relbar on input line 969.
LaTeX Info: Redefining \Relbar on input line 970.
\c@MaxMatrixCols=\count381
\dotsspace@=\muskip18
\c@parentequation=\count382
\dspbrk@lvl=\count383
\tag@help=\toks41
\row@=\count384
\column@=\count385
\maxfields@=\count386
\andhelp@=\toks42
\eqnshift@=\dimen314
\alignsep@=\dimen315
\tagshift@=\dimen316
\tagwidth@=\dimen317
\totwidth@=\dimen318
\lineht@=\dimen319
\@envbody=\toks43
\multlinegap=\skip94
\multlinetaggap=\skip95
\mathdisplay@stack=\toks44
LaTeX Info: Redefining \[ on input line 2949.
LaTeX Info: Redefining \] on input line 2950.
)
\@LN@amsmath@ams@eqpen=\count387
) (/usr/local/texlive/2025/texmf-dist/tex/latex/tcolorbox/tcbfitting.code.tex
Library (tcolorbox): 'tcbfitting.code.tex' version '6.8.0'
\tcbfitdim=\dimen320
\tcb@lowerfitdim=\dimen321
\tcb@upperfitdim=\dimen322
\tcb@cur@hbadness=\count388
) (/usr/local/texlive/2025/texmf-dist/tex/latex/tcolorbox/tcblistingsutf8.code.tex
Library (tcolorbox): 'tcblistingsutf8.code.tex' version '6.8.0'
(/usr/local/texlive/2025/texmf-dist/tex/latex/tcolorbox/tcblistings.code.tex
Library (tcolorbox): 'tcblistings.code.tex' version '6.8.0'
(/usr/local/texlive/2025/texmf-dist/tex/latex/listings/listings.sty
\lst@mode=\count389
\lst@gtempboxa=\box96
\lst@token=\toks45
\lst@length=\count390
\lst@currlwidth=\dimen323
\lst@column=\count391
\lst@pos=\count392
\lst@lostspace=\dimen324
\lst@width=\dimen325
\lst@newlines=\count393
\lst@lineno=\count394
\lst@maxwidth=\dimen326
 (/usr/local/texlive/2025/texmf-dist/tex/latex/listings/lstpatch.sty
File: lstpatch.sty 2024/09/23 1.10c (Carsten Heinz)
) (/usr/local/texlive/2025/texmf-dist/tex/latex/listings/lstmisc.sty
File: lstmisc.sty 2024/09/23 1.10c (Carsten Heinz)
\c@lstnumber=\count395
\lst@skipnumbers=\count396
\lst@framebox=\box97
) (/usr/local/texlive/2025/texmf-dist/tex/latex/listings/listings.cfg
File: listings.cfg 2024/09/23 1.10c listings configuration
))
Package: listings 2024/09/23 1.10c (Carsten Heinz)
 (/usr/local/texlive/2025/texmf-dist/tex/latex/tcolorbox/tcblistingscore.code.tex
Library (tcolorbox): 'tcblistingscore.code.tex' version '6.8.0'
(/usr/local/texlive/2025/texmf-dist/tex/latex/tcolorbox/tcbprocessing.code.tex
Library (tcolorbox): 'tcbprocessing.code.tex' version '6.8.0'
)
\c@tcblisting=\count397
))
Package tcolorbox Info: Library `listingsutf8' is compatible with pdftex only. Library `listings` is loaded instead. on input line 29.
) (/usr/local/texlive/2025/texmf-dist/tex/latex/tcolorbox/tcbexternal.code.tex
Library (tcolorbox): 'tcbexternal.code.tex' version '6.8.0'
) (/usr/local/texlive/2025/texmf-dist/tex/latex/tcolorbox/tcbmagazine.code.tex
Library (tcolorbox): 'tcbmagazine.code.tex' version '6.8.0'
) (/usr/local/texlive/2025/texmf-dist/tex/latex/tcolorbox/tcbvignette.code.tex
Library (tcolorbox): 'tcbvignette.code.tex' version '6.8.0'
(/usr/local/texlive/2025/texmf-dist/tex/generic/pgf/frontendlayer/tikz/libraries/tikzlibraryfadings.code.tex
File: tikzlibraryfadings.code.tex 2025-08-29 v3.1.11a (3.1.11a)
 (/usr/local/texlive/2025/texmf-dist/tex/generic/pgf/libraries/pgflibraryfadings.code.tex
File: pgflibraryfadings.code.tex 2025-08-29 v3.1.11a (3.1.11a)
))) (/usr/local/texlive/2025/texmf-dist/tex/latex/tcolorbox/tcbposter.code.tex
Library (tcolorbox): 'tcbposter.code.tex' version '6.8.0'
)) (/usr/local/texlive/2025/texmf-dist/tex/latex/needspace/needspace.sty
Package: needspace 2025/03/13 v1.3e reserve vertical space
)
\MinLongtableSpace=\skip96
Package hyperref Info: Option `colorlinks' set `true' on input line 249.
 (/usr/local/texlive/2025/texmf-dist/tex/latex/tocloft/tocloft.sty
Package: tocloft 2017/08/31 v2.3i parameterised ToC, etc., typesetting
Package tocloft Info: The document has section divisions on input line 51.
\cftparskip=\skip97
\cftbeforetoctitleskip=\skip98
\cftaftertoctitleskip=\skip99
\cftbeforepartskip=\skip100
\cftpartnumwidth=\skip101
\cftpartindent=\skip102
\cftbeforesecskip=\skip103
\cftsecindent=\skip104
\cftsecnumwidth=\skip105
\cftbeforesubsecskip=\skip106
\cftsubsecindent=\skip107
\cftsubsecnumwidth=\skip108
\cftbeforesubsubsecskip=\skip109
\cftsubsubsecindent=\skip110
\cftsubsubsecnumwidth=\skip111
\cftbeforeparaskip=\skip112
\cftparaindent=\skip113
\cftparanumwidth=\skip114
\cftbeforesubparaskip=\skip115
\cftsubparaindent=\skip116
\cftsubparanumwidth=\skip117
\cftbeforeloftitleskip=\skip118
\cftafterloftitleskip=\skip119
\cftbeforefigskip=\skip120
\cftfigindent=\skip121
\cftfignumwidth=\skip122
\c@lofdepth=\count398
\c@lotdepth=\count399
\cftbeforelottitleskip=\skip123
\cftafterlottitleskip=\skip124
\cftbeforetabskip=\skip125
\cfttabindent=\skip126
\cfttabnumwidth=\skip127
) (/usr/local/texlive/2025/texmf-dist/tex/latex/caption/caption.sty
Package: caption 2023/08/05 v3.6o Customizing captions (AR)
 (/usr/local/texlive/2025/texmf-dist/tex/latex/caption/caption3.sty
Package: caption3 2023/07/31 v2.4d caption3 kernel (AR)
\caption@tempdima=\dimen327
\captionmargin=\dimen328
\caption@leftmargin=\dimen329
\caption@rightmargin=\dimen330
\caption@width=\dimen331
\caption@indent=\dimen332
\caption@parindent=\dimen333
\caption@hangindent=\dimen334
Package caption Info: Standard document class detected.
)
\c@caption@flags=\count400
\c@continuedfloat=\count401
Package caption Info: hyperref package is loaded.
Package caption Info: listings package is loaded.
Package caption Info: longtable package is loaded.
 (/usr/local/texlive/2025/texmf-dist/tex/latex/caption/ltcaption.sty
Package: ltcaption 2021/01/08 v1.4c longtable captions (AR)
)) (/usr/local/texlive/2025/texmf-dist/tex/latex/float/float.sty
Package: float 2001/11/08 v1.3d Float enhancements (AL)
\c@float@type=\count402
\float@exts=\toks46
\float@box=\box98
\@float@everytoks=\toks47
\@floatcapt=\box99
)
\@float@every@figure=\toks48
\@float@every@table=\toks49
 (/usr/local/texlive/2025/texmf-dist/tex/latex/amsfonts/amssymb.sty
Package: amssymb 2013/01/14 v3.01 AMS font symbols
 (/usr/local/texlive/2025/texmf-dist/tex/latex/amsfonts/amsfonts.sty
Package: amsfonts 2013/01/14 v3.01 Basic AMSFonts support
\symAMSa=\mathgroup4
\symAMSb=\mathgroup5
LaTeX Font Info:    Redeclaring math symbol \hbar on input line 98.
LaTeX Font Info:    Overwriting math alphabet `\mathfrak' in version `bold'
(Font)                  U/euf/m/n --> U/euf/b/n on input line 106.
)) (/usr/local/texlive/2025/texmf-dist/tex/latex/mathtools/mathtools.sty
Package: mathtools 2024/10/04 v1.31 mathematical typesetting tools
 (/usr/local/texlive/2025/texmf-dist/tex/latex/tools/calc.sty
Package: calc 2025/03/01 v4.3b Infix arithmetic (KKT,FJ)
\calc@Acount=\count403
\calc@Bcount=\count404
\calc@Adimen=\dimen335
\calc@Bdimen=\dimen336
\calc@Askip=\skip128
\calc@Bskip=\skip129
LaTeX Info: Redefining \setlength on input line 86.
LaTeX Info: Redefining \addtolength on input line 87.
\calc@Ccount=\count405
\calc@Cskip=\skip130
) (/usr/local/texlive/2025/texmf-dist/tex/latex/mathtools/mhsetup.sty
Package: mhsetup 2021/03/18 v1.4 programming setup (MH)
)
\g_MT_multlinerow_int=\count406
\l_MT_multwidth_dim=\dimen337
\origjot=\skip131
\l_MT_shortvdotswithinadjustabove_dim=\dimen338
\l_MT_shortvdotswithinadjustbelow_dim=\dimen339
\l_MT_above_intertext_sep=\dimen340
\l_MT_below_intertext_sep=\dimen341
\l_MT_above_shortintertext_sep=\dimen342
\l_MT_below_shortintertext_sep=\dimen343
\xmathstrut@box=\box100
\xmathstrut@dim=\dimen344
) (/usr/local/texlive/2025/texmf-dist/tex/latex/mdframed/mdframed.sty
Package: mdframed 2013/07/01 1.9b: mdframed
 (/usr/local/texlive/2025/texmf-dist/tex/latex/zref/zref-abspage.sty
Package: zref-abspage 2025-06-08 v2.36 Module abspage for zref (HO)
 (/usr/local/texlive/2025/texmf-dist/tex/latex/zref/zref-base.sty
Package: zref-base 2025-06-08 v2.36 Module base for zref (HO)
 (/usr/local/texlive/2025/texmf-dist/tex/generic/etexcmds/etexcmds.sty
Package: etexcmds 2019/12/15 v1.7 Avoid name clashes with e-TeX commands (HO)
) (/usr/local/texlive/2025/texmf-dist/tex/latex/auxhook/auxhook.sty
Package: auxhook 2019-12-17 v1.6 Hooks for auxiliary files (HO)
)
Package zref Info: New property list: main on input line 767.
Package zref Info: New property: default on input line 768.
Package zref Info: New property: page on input line 769.
)
\c@abspage=\count407
Package zref Info: New property: abspage on input line 67.
)
\mdf@templength=\skip132
\c@mdf@globalstyle@cnt=\count408
\mdf@skipabove@length=\skip133
\mdf@skipbelow@length=\skip134
\mdf@leftmargin@length=\skip135
\mdf@rightmargin@length=\skip136
\mdf@innerleftmargin@length=\skip137
\mdf@innerrightmargin@length=\skip138
\mdf@innertopmargin@length=\skip139
\mdf@innerbottommargin@length=\skip140
\mdf@splittopskip@length=\skip141
\mdf@splitbottomskip@length=\skip142
\mdf@outermargin@length=\skip143
\mdf@innermargin@length=\skip144
\mdf@linewidth@length=\skip145
\mdf@innerlinewidth@length=\skip146
\mdf@middlelinewidth@length=\skip147
\mdf@outerlinewidth@length=\skip148
\mdf@roundcorner@length=\skip149
\mdf@footenotedistance@length=\skip150
\mdf@userdefinedwidth@length=\skip151
\mdf@needspace@length=\skip152
\mdf@frametitleaboveskip@length=\skip153
\mdf@frametitlebelowskip@length=\skip154
\mdf@frametitlerulewidth@length=\skip155
\mdf@frametitleleftmargin@length=\skip156
\mdf@frametitlerightmargin@length=\skip157
\mdf@shadowsize@length=\skip158
\mdf@extratopheight@length=\skip159
\mdf@subtitleabovelinewidth@length=\skip160
\mdf@subtitlebelowlinewidth@length=\skip161
\mdf@subtitleaboveskip@length=\skip162
\mdf@subtitlebelowskip@length=\skip163
\mdf@subtitleinneraboveskip@length=\skip164
\mdf@subtitleinnerbelowskip@length=\skip165
\mdf@subsubtitleabovelinewidth@length=\skip166
\mdf@subsubtitlebelowlinewidth@length=\skip167
\mdf@subsubtitleaboveskip@length=\skip168
\mdf@subsubtitlebelowskip@length=\skip169
\mdf@subsubtitleinneraboveskip@length=\skip170
\mdf@subsubtitleinnerbelowskip@length=\skip171
 (/usr/local/texlive/2025/texmf-dist/tex/latex/mdframed/md-frame-0.mdf
File: md-frame-0.mdf 2013/07/01\ 1.9b: md-frame-0
)
\mdf@frametitlebox=\box101
\mdf@footnotebox=\box102
\mdf@splitbox@one=\box103
\mdf@splitbox@two=\box104
\mdf@splitbox@save=\box105
\mdfsplitboxwidth=\skip172
\mdfsplitboxtotalwidth=\skip173
\mdfsplitboxheight=\skip174
\mdfsplitboxdepth=\skip175
\mdfsplitboxtotalheight=\skip176
\mdfframetitleboxwidth=\skip177
\mdfframetitleboxtotalwidth=\skip178
\mdfframetitleboxheight=\skip179
\mdfframetitleboxdepth=\skip180
\mdfframetitleboxtotalheight=\skip181
\mdffootnoteboxwidth=\skip182
\mdffootnoteboxtotalwidth=\skip183
\mdffootnoteboxheight=\skip184
\mdffootnoteboxdepth=\skip185
\mdffootnoteboxtotalheight=\skip186
\mdftotallinewidth=\skip187
\mdfboundingboxwidth=\skip188
\mdfboundingboxtotalwidth=\skip189
\mdfboundingboxheight=\skip190
\mdfboundingboxdepth=\skip191
\mdfboundingboxtotalheight=\skip192
\mdf@freevspace@length=\skip193
\mdf@horizontalwidthofbox@length=\skip194
\mdf@verticalmarginwhole@length=\skip195
\mdf@horizontalspaceofbox=\skip196
\mdfsubtitleheight=\skip197
\mdfsubsubtitleheight=\skip198
\c@mdfcountframes=\count409

****** mdframed patching \endmdf@trivlist

****** -- success******

\mdf@envdepth=\count410
\c@mdf@env@i=\count411
\c@mdf@env@ii=\count412
\c@mdf@zref@counter=\count413
Package zref Info: New property: mdf@pagevalue on input line 895.
) (/usr/local/texlive/2025/texmf-dist/tex/latex/acronym/acronym.sty
Package: acronym 2025/01/17 v1.50 Support for acronyms (Tobias Oetiker)
 (/usr/local/texlive/2025/texmf-dist/tex/latex/bigfoot/suffix.sty
Package: suffix 2006/07/15 1.5a Variant command support
) (/usr/local/texlive/2025/texmf-dist/tex/generic/xstring/xstring.sty (/usr/local/texlive/2025/texmf-dist/tex/generic/xstring/xstring.tex
\xs_counta=\count414
\xs_countb=\count415
)
Package: xstring 2023/08/22 v1.86 String manipulations (CT)
)
\AC@clearlist=\toks50
) (/usr/local/texlive/2025/texmf-dist/tex/latex/placeins/placeins.sty
Package: placeins 2005/04/18  v 2.2
)) (/usr/local/texlive/2025/texmf-dist/tex/latex/hyphenat/hyphenat.sty
Package: hyphenat 2009/09/02 v2.3c hyphenation utilities
\langwohyphens=\language90
LaTeX Info: Redefining \_ on input line 43.
) (./main.aux (./0001-rfc-process/0001-rfc-process-pandoc.aux) (./0002-mixnet-keywords/0002-mixnet-keywords-pandoc.aux

LaTeX Warning: Label `abstract' multiply defined.


LaTeX Warning: Label `motivation' multiply defined.


LaTeX Warning: Label `terminology' multiply defined.


LaTeX Warning: Label `references' multiply defined.

) (./0003-hopr-overview/0003-hopr-overview-pandoc.aux

LaTeX Warning: Label `abstract' multiply defined.


LaTeX Warning: Label `motivation' multiply defined.


LaTeX Warning: Label `terminology' multiply defined.


LaTeX Warning: Label `references' multiply defined.

) (./0004-hopr-packet-protocol/0004-hopr-packet-protocol-pandoc.aux

LaTeX Warning: Label `abstract' multiply defined.


LaTeX Warning: Label `references' multiply defined.

) (./0005-proof-of-relay/0005-proof-of-relay-pandoc.aux

LaTeX Warning: Label `abstract' multiply defined.


LaTeX Warning: Label `motivation' multiply defined.


LaTeX Warning: Label `terminology' multiply defined.


LaTeX Warning: Label `references' multiply defined.

) (./0006-hopr-mixer/0006-hopr-mixer-pandoc.aux

LaTeX Warning: Label `abstract' multiply defined.


LaTeX Warning: Label `motivation' multiply defined.


LaTeX Warning: Label `terminology' multiply defined.


LaTeX Warning: Label `specification' multiply defined.


LaTeX Warning: Label `design-considerations' multiply defined.


LaTeX Warning: Label `security-considerations' multiply defined.


LaTeX Warning: Label `unresolved-questions' multiply defined.


LaTeX Warning: Label `future-work' multiply defined.


LaTeX Warning: Label `references' multiply defined.

) (./0007-economic-reward-system/0007-economic-reward-system-pandoc.aux

LaTeX Warning: Label `abstract' multiply defined.


LaTeX Warning: Label `motivation' multiply defined.


LaTeX Warning: Label `terminology' multiply defined.


LaTeX Warning: Label `references' multiply defined.

) (./0008-session-protocol/0008-session-protocol-pandoc.aux

LaTeX Warning: Label `abstract' multiply defined.


LaTeX Warning: Label `motivation' multiply defined.


LaTeX Warning: Label `terminology' multiply defined.


LaTeX Warning: Label `specification' multiply defined.


LaTeX Warning: Label `protocol-overview' multiply defined.


LaTeX Warning: Label `design-considerations' multiply defined.


LaTeX Warning: Label `compatibility' multiply defined.


LaTeX Warning: Label `security-considerations' multiply defined.


LaTeX Warning: Label `future-work' multiply defined.


LaTeX Warning: Label `references' multiply defined.

) (./0009-session-start-protocol/0009-session-start-protocol-pandoc.aux

LaTeX Warning: Label `abstract' multiply defined.


LaTeX Warning: Label `motivation' multiply defined.


LaTeX Warning: Label `terminology' multiply defined.


LaTeX Warning: Label `specification' multiply defined.


LaTeX Warning: Label `protocol-overview' multiply defined.


LaTeX Warning: Label `message-types' multiply defined.


LaTeX Warning: Label `byte-order' multiply defined.


LaTeX Warning: Label `protocol-flow' multiply defined.


LaTeX Warning: Label `protocol-constants' multiply defined.


LaTeX Warning: Label `example-message-exchanges' multiply defined.


LaTeX Warning: Label `design-considerations' multiply defined.


LaTeX Warning: Label `compatibility' multiply defined.


LaTeX Warning: Label `version-compatibility' multiply defined.


LaTeX Warning: Label `transport-requirements' multiply defined.


LaTeX Warning: Label `security-considerations' multiply defined.


LaTeX Warning: Label `protocol-security' multiply defined.


LaTeX Warning: Label `future-work' multiply defined.


LaTeX Warning: Label `implementation-notes' multiply defined.


LaTeX Warning: Label `testing-recommendations' multiply defined.


LaTeX Warning: Label `references' multiply defined.


LaTeX Warning: Label `appendix-1' multiply defined.

) (./0010-automatic-path-discovery/0010-automatic-path-discovery-pandoc.aux

LaTeX Warning: Label `abstract' multiply defined.


LaTeX Warning: Label `motivation' multiply defined.


LaTeX Warning: Label `terminology' multiply defined.


LaTeX Warning: Label `specification' multiply defined.


LaTeX Warning: Label `overview' multiply defined.


LaTeX Warning: Label `design-considerations' multiply defined.


LaTeX Warning: Label `compatibility' multiply defined.


LaTeX Warning: Label `security-considerations' multiply defined.


LaTeX Warning: Label `drawbacks' multiply defined.


LaTeX Warning: Label `alternatives' multiply defined.


LaTeX Warning: Label `unresolved-questions' multiply defined.


LaTeX Warning: Label `future-work' multiply defined.


LaTeX Warning: Label `references' multiply defined.

) (./0011-application-protocol/0011-application-protocol-pandoc.aux

LaTeX Warning: Label `abstract' multiply defined.


LaTeX Warning: Label `motivation' multiply defined.


LaTeX Warning: Label `terminology' multiply defined.


LaTeX Warning: Label `introduction' multiply defined.


LaTeX Warning: Label `specification' multiply defined.


LaTeX Warning: Label `appendix-1' multiply defined.


LaTeX Warning: Label `references' multiply defined.

))
\openout1 = `main.aux'.

LaTeX Font Info:    Checking defaults for OML/cmm/m/it on input line 59.
LaTeX Font Info:    ... okay on input line 59.
LaTeX Font Info:    Checking defaults for OMS/cmsy/m/n on input line 59.
LaTeX Font Info:    ... okay on input line 59.
LaTeX Font Info:    Checking defaults for OT1/cmr/m/n on input line 59.
LaTeX Font Info:    ... okay on input line 59.
LaTeX Font Info:    Checking defaults for T1/cmr/m/n on input line 59.
LaTeX Font Info:    ... okay on input line 59.
LaTeX Font Info:    Checking defaults for TS1/cmr/m/n on input line 59.
LaTeX Font Info:    ... okay on input line 59.
LaTeX Font Info:    Checking defaults for TU/lmr/m/n on input line 59.
LaTeX Font Info:    ... okay on input line 59.
LaTeX Font Info:    Checking defaults for OMX/cmex/m/n on input line 59.
LaTeX Font Info:    ... okay on input line 59.
LaTeX Font Info:    Checking defaults for U/cmr/m/n on input line 59.
LaTeX Font Info:    ... okay on input line 59.
LaTeX Font Info:    Checking defaults for PD1/pdf/m/n on input line 59.
LaTeX Font Info:    ... okay on input line 59.
LaTeX Font Info:    Checking defaults for PU/pdf/m/n on input line 59.
LaTeX Font Info:    ... okay on input line 59.

Package fontspec Info: 
(fontspec)             Adjusting the maths setup (use [no-math] to avoid
(fontspec)             this).

\symlegacymaths=\mathgroup6
LaTeX Font Info:    Overwriting symbol font `legacymaths' in version `bold'
(Font)                  OT1/cmr/m/n --> OT1/cmr/bx/n on input line 59.
LaTeX Font Info:    Redeclaring math accent \acute on input line 59.
LaTeX Font Info:    Redeclaring math accent \grave on input line 59.
LaTeX Font Info:    Redeclaring math accent \ddot on input line 59.
LaTeX Font Info:    Redeclaring math accent \tilde on input line 59.
LaTeX Font Info:    Redeclaring math accent \bar on input line 59.
LaTeX Font Info:    Redeclaring math accent \breve on input line 59.
LaTeX Font Info:    Redeclaring math accent \check on input line 59.
LaTeX Font Info:    Redeclaring math accent \hat on input line 59.
LaTeX Font Info:    Redeclaring math accent \dot on input line 59.
LaTeX Font Info:    Redeclaring math accent \mathring on input line 59.
LaTeX Font Info:    Redeclaring math symbol \Gamma on input line 59.
LaTeX Font Info:    Redeclaring math symbol \Delta on input line 59.
LaTeX Font Info:    Redeclaring math symbol \Theta on input line 59.
LaTeX Font Info:    Redeclaring math symbol \Lambda on input line 59.
LaTeX Font Info:    Redeclaring math symbol \Xi on input line 59.
LaTeX Font Info:    Redeclaring math symbol \Pi on input line 59.
LaTeX Font Info:    Redeclaring math symbol \Sigma on input line 59.
LaTeX Font Info:    Redeclaring math symbol \Upsilon on input line 59.
LaTeX Font Info:    Redeclaring math symbol \Phi on input line 59.
LaTeX Font Info:    Redeclaring math symbol \Psi on input line 59.
LaTeX Font Info:    Redeclaring math symbol \Omega on input line 59.
LaTeX Font Info:    Redeclaring math symbol \mathdollar on input line 59.
LaTeX Font Info:    Redeclaring symbol font `operators' on input line 59.
LaTeX Font Info:    Encoding `OT1' has changed to `TU' for symbol font
(Font)              `operators' in the math version `normal' on input line 59.
LaTeX Font Info:    Overwriting symbol font `operators' in version `normal'
(Font)                  OT1/cmr/m/n --> TU/SFUIText-Regular(0)/m/n on input line 59.
LaTeX Font Info:    Encoding `OT1' has changed to `TU' for symbol font
(Font)              `operators' in the math version `bold' on input line 59.
LaTeX Font Info:    Overwriting symbol font `operators' in version `bold'
(Font)                  OT1/cmr/bx/n --> TU/SFUIText-Regular(0)/m/n on input line 59.
LaTeX Font Info:    Overwriting symbol font `operators' in version `normal'
(Font)                  TU/SFUIText-Regular(0)/m/n --> TU/SFUIText-Regular(0)/m/n on input line 59.
LaTeX Font Info:    Overwriting math alphabet `\mathit' in version `normal'
(Font)                  OT1/cmr/m/it --> TU/SFUIText-Regular(0)/m/it on input line 59.
LaTeX Font Info:    Overwriting math alphabet `\mathbf' in version `normal'
(Font)                  OT1/cmr/bx/n --> TU/SFUIText-Regular(0)/b/n on input line 59.
LaTeX Font Info:    Overwriting math alphabet `\mathsf' in version `normal'
(Font)                  OT1/cmss/m/n --> TU/lmss/m/n on input line 59.
LaTeX Font Info:    Overwriting math alphabet `\mathtt' in version `normal'
(Font)                  OT1/cmtt/m/n --> TU/SourceCodePro-Regular(0)/m/n on input line 59.
LaTeX Font Info:    Overwriting symbol font `operators' in version `bold'
(Font)                  TU/SFUIText-Regular(0)/m/n --> TU/SFUIText-Regular(0)/b/n on input line 59.
LaTeX Font Info:    Overwriting math alphabet `\mathit' in version `bold'
(Font)                  OT1/cmr/bx/it --> TU/SFUIText-Regular(0)/b/it on input line 59.
LaTeX Font Info:    Overwriting math alphabet `\mathsf' in version `bold'
(Font)                  OT1/cmss/bx/n --> TU/lmss/b/n on input line 59.
LaTeX Font Info:    Overwriting math alphabet `\mathtt' in version `bold'
(Font)                  OT1/cmtt/m/n --> TU/SourceCodePro-Regular(0)/b/n on input line 59.

*geometry* driver: auto-detecting
*geometry* detected driver: xetex
*geometry* verbose mode - [ preamble ] result:
* driver: xetex
* paper: custom
* layout: <same size as paper>
* layoutoffset:(h,v)=(0.0pt,0.0pt)
* modes: twoside 
* h-part:(L,W,R)=(51.21504pt, 338.58754pt, 31.2982pt)
* v-part:(T,H,B)=(64.58788pt, 445.56992pt, 121.49338pt)
* \paperwidth=421.10078pt
* \paperheight=631.65117pt
* \textwidth=338.58754pt
* \textheight=445.56992pt
* \oddsidemargin=-21.05495pt
* \evensidemargin=-40.97179pt
* \topmargin=-44.68211pt
* \headheight=12.0pt
* \headsep=25.0pt
* \topskip=10.0pt
* \footskip=30.0pt
* \marginparwidth=121.0pt
* \marginparsep=11.0pt
* \columnsep=10.0pt
* \skip\footins=9.0pt plus 4.0pt minus 2.0pt
* \hoffset=0.0pt
* \voffset=0.0pt
* \mag=1000
* \@twocolumnfalse
* \@twosidetrue
* \@mparswitchtrue
* \@reversemarginfalse
* (1in=72.27pt=25.4mm, 1cm=28.453pt)

Package hyperref Info: Link coloring ON on input line 59.
(./main.out) (./main.out)
\@outlinefile=\write5
\openout5 = `main.out'.

\c@lstlisting=\count416
Package caption Info: Begin \AtBeginDocument code.
Package caption Info: float package is loaded.
Package caption Info: End \AtBeginDocument code.


LaTeX Font Warning: Font shape `TU/SFUIText-Regular(0)/b/n' undefined
(Font)              using `TU/SFUIText-Regular(0)/m/n' instead on input line 63.

(./main.toc

LaTeX Font Warning: Font shape `TU/SourceCodePro-Regular(1)/b/n' undefined
(Font)              using `TU/SourceCodePro-Regular(1)/m/n' instead on input line 1.

LaTeX Font Info:    Trying to load font information for U+msa on input line 1.
(/usr/local/texlive/2025/texmf-dist/tex/latex/amsfonts/umsa.fd
File: umsa.fd 2013/01/14 v3.01 AMS symbols A
)
LaTeX Font Info:    Trying to load font information for U+msb on input line 1.
 (/usr/local/texlive/2025/texmf-dist/tex/latex/amsfonts/umsb.fd
File: umsb.fd 2013/01/14 v3.01 AMS symbols B
)
Underfull \hbox (badness 10000) in paragraph at lines 1--1
[][] [][][]\TU/SourceCodePro-Regular(1)/m/n/16 RFC-0001: RFC Lifecycle, Process 
 []


Underfull \hbox (badness 10000) in paragraph at lines 24--24
[][] [][][]\TU/SourceCodePro-Regular(1)/b/n/16 RFC-0002: Common mixnet terms 
 []



[1

]

[2]

[3]

[4]

[5]
Underfull \hbox (badness 10000) in paragraph at lines 250--250
[][] [][][]\TU/SourceCodePro-Regular(1)/b/n/16 RFC-0010: Automatic path 
 []



[6]
Underfull \hbox (badness 10000) in paragraph at lines 277--277
[][] [][][]\TU/SourceCodePro-Regular(1)/b/n/16 RFC-0011: Application Layer 
 []

)
\tf@toc=\write6
\openout6 = `main.toc'.



[7]

[8

]
\openout2 = `0001-rfc-process/0001-rfc-process-pandoc.aux'.

 (./0001-rfc-process/0001-rfc-process-pandoc.tex

[9

]
File: 0001-rfc-process/mermaid_1.png Graphic file (type bmp)
<0001-rfc-process/mermaid_1.png>


[10]

[11]
Underfull \vbox (badness 2111) has occurred while \output is active []



[12]

[13]
Underfull \hbox (badness 1365) in paragraph at lines 264--266
\TU/SFUIText-Regular(0)/b/n/8 All RFCs MUST follow consistent terminology formatting to ensure clarity and 
 []



[14]

LaTeX Font Warning: Font shape `TU/SFUIText-Regular(0)/m/it' undefined
(Font)              using `TU/SFUIText-Regular(0)/m/n' instead on input line 289.



[15])

[16]
\openout2 = `0002-mixnet-keywords/0002-mixnet-keywords-pandoc.aux'.

 (./0002-mixnet-keywords/0002-mixnet-keywords-pandoc.tex
Underfull \hbox (badness 1584) in paragraph at lines 49--55
[]\TU/SourceCodePro-SemiBold(0)/m/n/8 Mixnet \TU/SFUIText-Regular(0)/m/it/8 (also known as a \TU/SourceCodePro-SemiBold(0)/m/n/8 Mix network\TU/SFUIText-Regular(0)/m/it/8 ): a routing protocol that creates 
 []



[17




]
Underfull \vbox (badness 10000) has occurred while \output is active []



[18]
Underfull \hbox (badness 1038) in paragraph at lines 107--112
\TU/SFUIText-Regular(0)/m/it/8 layers of encryption. Each intermediary node (or hop) can only decrypt its 
 []


Underfull \vbox (badness 10000) has occurred while \output is active []



[19])

[20]
\openout2 = `0003-hopr-overview/0003-hopr-overview-pandoc.aux'.

 (./0003-hopr-overview/0003-hopr-overview-pandoc.tex
Underfull \vbox (badness 2221) has occurred while \output is active []



[21




]
Underfull \hbox (badness 1152) in paragraph at lines 110--115
\TU/SFUIText-Regular(0)/m/it/8 The HOPR network is a decentralised, peer-to-peer mix network that provides 
 []



[22]

[23]

[24]

[25]
Underfull \hbox (badness 1097) in paragraph at lines 339--344
[]\TU/SourceCodePro-SemiBold(0)/m/n/8 Configurable delays\TU/SFUIText-Regular(0)/m/it/8 : supports configurable minimum delay and delay 
 []



[26]
Underfull \hbox (badness 2310) in paragraph at lines 393--398
[]\TU/SourceCodePro-SemiBold(0)/m/n/8 Payment channels\TU/SFUIText-Regular(0)/m/it/8 : unidirectional payment channels enable efficient 
 []



[27]
Underfull \hbox (badness 1584) in paragraph at lines 473--477
[]\TU/SourceCodePro-SemiBold(0)/m/n/8 Extensibility\TU/SFUIText-Regular(0)/m/it/8 : the modular design allows for protocol extensions and 
 []


Underfull \vbox (badness 10000) has occurred while \output is active []



[28]
Underfull \hbox (badness 2005) in paragraph at lines 501--505
[]\TU/SFUIText-Regular(0)/m/it/8 [05] Pfitzmann, A., & Khntopp, M. (2001). [][]Anonymity, Unobservability, and 
 []


Underfull \hbox (badness 1762) in paragraph at lines 501--505
\TU/SFUIText-Regular(0)/m/it/8 PseudonymityA Proposal for Terminology[][]. In Designing Privacy Enhancing 
 []

)

[29]

[30



]
\openout2 = `0004-hopr-packet-protocol/0004-hopr-packet-protocol-pandoc.aux'.

 (./0004-hopr-packet-protocol/0004-hopr-packet-protocol-pandoc.tex

[31

]

[32]

[33]

[34]

[35]

[36]

[37]

[38]

[39]

[40]

[41]

[42]

[43]
Underfull \vbox (badness 2134) has occurred while \output is active []



[44]

[45]

[46]
Underfull \vbox (badness 4886) has occurred while \output is active []



[47]

[48]

[49])

[50]
\openout2 = `0005-proof-of-relay/0005-proof-of-relay-pandoc.aux'.

 (./0005-proof-of-relay/0005-proof-of-relay-pandoc.tex

[51




]
Underfull \hbox (badness 1033) in paragraph at lines 124--127
[]\TU/SFUIText-Regular(0)/m/it/8 The security parameter []\TU/SourceCodePro-Regular(0)/m/n/8 L[] \TU/SFUIText-Regular(0)/m/it/8 SHALL NOT be less than 2^128, meaning the chosen 
 []



[52]
Underfull \hbox (badness 1838) in paragraph at lines 133--139
[]\TU/SourceCodePro-SemiBold(0)/m/n/8 EC group\TU/SFUIText-Regular(0)/m/it/8 : a specific elliptic curve []\TU/SourceCodePro-Regular(0)/m/n/8 E[] \TU/SFUIText-Regular(0)/m/it/8 group over a finite field, where the 
 []


Underfull \hbox (badness 2261) in paragraph at lines 139--142
[]\TU/SourceCodePro-SemiBold(0)/m/n/8 MUL(a,B)\TU/SFUIText-Regular(0)/m/it/8 : scalar multiplication of an EC point []\TU/SourceCodePro-Regular(0)/m/n/8 B[] \TU/SFUIText-Regular(0)/m/it/8 by a scalar []\TU/SourceCodePro-Regular(0)/m/n/8 a[] \TU/SFUIText-Regular(0)/m/it/8 from the 
 []



[53]

[54]

[55]
Underfull \hbox (badness 1590) in paragraph at lines 329--331
[]\TU/SFUIText-Regular(0)/m/it/8 Their creation MAY happen at the same time as the HOPR packet, or MAY be 
 []



[56]

[57]
Underfull \vbox (badness 1178) has occurred while \output is active []



[58]

[59]

[60]

[61]

[62]
Underfull \hbox (badness 1286) in paragraph at lines 777--782
\TU/SFUIText-Regular(0)/m/it/8 Per section 4.3.3 in [][]RFC-0004[][], each packet without []\TU/SourceCodePro-Regular(0)/m/n/8 NoAckFlag[] \TU/SFUIText-Regular(0)/m/it/8 set MUST be 
 []



[63]

[64]

[65]

[66]

[67]
File: 0005-proof-of-relay/mermaid_1.png Graphic file (type bmp)
<0005-proof-of-relay/mermaid_1.png>


[68]

[69]
Underfull \vbox (badness 10000) has occurred while \output is active []



[70])

[71]

[72



]
\openout2 = `0006-hopr-mixer/0006-hopr-mixer-pandoc.aux'.

 (./0006-hopr-mixer/0006-hopr-mixer-pandoc.tex

[73

]

[74]

[75]
Missing character: There is no  (U+2208) in font [./fonts/SourceCodePro-Regular.ttf]/OT:script=latn;language=dflt;!
Missing character: There is no  (U+2208) in font [./fonts/SourceCodePro-Regular.ttf]/OT:script=latn;language=dflt;!


[76]

[77]

[78])

[79]

[80



]
\openout2 = `0007-economic-reward-system/0007-economic-reward-system-pandoc.aux'.

 (./0007-economic-reward-system/0007-economic-reward-system-pandoc.tex

[81

]
Underfull \vbox (badness 10000) has occurred while \output is active []



[82]
File: 0007-economic-reward-system/mermaid_1.png Graphic file (type bmp)
<0007-economic-reward-system/mermaid_1.png>


[83]

[84]
File: 0007-economic-reward-system/mermaid_2.png Graphic file (type bmp)
<0007-economic-reward-system/mermaid_2.png>


LaTeX Warning: Float too large for page by 0.00063pt on input line 182.



[85]

[86]
File: 0007-economic-reward-system/mermaid_3.png Graphic file (type bmp)
<0007-economic-reward-system/mermaid_3.png>


[87]

[88]
File: 0007-economic-reward-system/mermaid_4.png Graphic file (type bmp)
<0007-economic-reward-system/mermaid_4.png>


[89]
File: 0007-economic-reward-system/mermaid_5.png Graphic file (type bmp)
<0007-economic-reward-system/mermaid_5.png>


[90]

[91]

[92]

[93])

[94]
\openout2 = `0008-session-protocol/0008-session-protocol-pandoc.aux'.

 (./0008-session-protocol/0008-session-protocol-pandoc.tex

[95




]

[96]
File: 0008-session-protocol/mermaid_1.png Graphic file (type bmp)
<0008-session-protocol/mermaid_1.png>


[97]
Underfull \hbox (badness 1062) in paragraph at lines 251--254
[]\TU/SourceCodePro-SemiBold(0)/m/n/8 Frame ID \TU/SFUIText-Regular(0)/m/it/8 field (4 bytes) in Segment, Retransmission Request, and Frame 
 []



[98]
File: 0008-session-protocol/mermaid_2.png Graphic file (type bmp)
<0008-session-protocol/mermaid_2.png>

Overfull \hbox (1.41429pt too wide) in paragraph at lines 295--295
[]|\TU/SFUIText-Regular(0)/m/n/7 Variable|  
 []


Overfull \hbox (1.36212pt too wide) in paragraph at lines 324--324
[]|\TU/SFUIText-Regular(0)/m/n/7 5-0|  
 []



[99]
Overfull \hbox (7.91211pt too wide) in paragraph at lines 338--339
[]\TU/SFUIText-Regular(0)/m/n/7 Requirement  
 []


Overfull \hbox (2.0193pt too wide) in paragraph at lines 380--380
[]|\TU/SFUIText-Regular(0)/m/n/7 4,294,967,295|  
 []

File: 0008-session-protocol/mermaid_3.png Graphic file (type bmp)
<0008-session-protocol/mermaid_3.png>


[100]

[101]
File: 0008-session-protocol/mermaid_4.png Graphic file (type bmp)
<0008-session-protocol/mermaid_4.png>


[102]
File: 0008-session-protocol/mermaid_5.png Graphic file (type bmp)
<0008-session-protocol/mermaid_5.png>


[103]

[104]
File: 0008-session-protocol/mermaid_6.png Graphic file (type bmp)
<0008-session-protocol/mermaid_6.png>

Underfull \vbox (badness 7397) has occurred while \output is active []



[105]
Overfull \hbox (12.72725pt too wide) in paragraph at lines 612--613
[]|\TU/SFUIText-Regular(0)/m/n/7 Implementation-defined|  
 []

File: 0008-session-protocol/mermaid_7.png Graphic file (type bmp)
<0008-session-protocol/mermaid_7.png>


[106]
File: 0008-session-protocol/mermaid_8.png Graphic file (type bmp)
<0008-session-protocol/mermaid_8.png>
File: 0008-session-protocol/mermaid_9.png Graphic file (type bmp)
<0008-session-protocol/mermaid_9.png>


[107]
File: 0008-session-protocol/mermaid_10.png Graphic file (type bmp)
<0008-session-protocol/mermaid_10.png>
File: 0008-session-protocol/mermaid_11.png Graphic file (type bmp)
<0008-session-protocol/mermaid_11.png>


[108]

[109]

[110])

[111]

[112



]
\openout2 = `0009-session-start-protocol/0009-session-start-protocol-pandoc.aux'.

 (./0009-session-start-protocol/0009-session-start-protocol-pandoc.tex
Underfull \hbox (badness 1210) in paragraph at lines 46--52
\TU/SFUIText-Regular(0)/m/it/8 ([][]RFC-0008[][]), which handles actual data transmission once a session has been 
 []



[113

]

[114]
File: 0009-session-start-protocol/mermaid_1.png Graphic file (type bmp)
<0009-session-start-protocol/mermaid_1.png>


[115]

[116]
File: 0009-session-start-protocol/mermaid_2.png Graphic file (type bmp)
<0009-session-start-protocol/mermaid_2.png>

Overfull \hbox (1.87102pt too wide) in paragraph at lines 294--294
\TU/SFUIText-Regular(0)/m/n/7 bytes|  
 []


Overfull \hbox (11.81937pt too wide) in paragraph at lines 296--296
[]|\TU/SourceCodePro-SemiBold(0)/m/n/7 Capabilities|  
 []


Overfull \hbox (3.41936pt too wide) in paragraph at lines 298--298
[]|\TU/SourceCodePro-SemiBold(0)/m/n/7 Additional 
 []


Overfull \hbox (1.87102pt too wide) in paragraph at lines 298--298
\TU/SFUIText-Regular(0)/m/n/7 bytes|  
 []


Overfull \hbox (10.3715pt too wide) in paragraph at lines 301--301
[]|\TU/SFUIText-Regular(0)/m/n/7 Variable|  
 []



[117]
File: 0009-session-start-protocol/mermaid_3.png Graphic file (type bmp)
<0009-session-start-protocol/mermaid_3.png>

Overfull \hbox (1.41393pt too wide) in paragraph at lines 367--367
\TU/SFUIText-Regular(0)/m/n/7 bytes|  
 []


Overfull \hbox (9.91441pt too wide) in paragraph at lines 370--370
[]|\TU/SFUIText-Regular(0)/m/n/7 Variable|  
 []

File: 0009-session-start-protocol/mermaid_4.png Graphic file (type bmp)
<0009-session-start-protocol/mermaid_4.png>


[118]
Overfull \hbox (8.66138pt too wide) in paragraph at lines 408--408
[]|\TU/SourceCodePro-SemiBold(0)/m/n/7 Challenge|  
 []


Overfull \hbox (2.41583pt too wide) in paragraph at lines 408--408
\TU/SFUIText-Regular(0)/m/n/7 bytes|  
 []


Overfull \hbox (4.55432pt too wide) in paragraph at lines 424--425
[]\TU/SFUIText-Regular(0)/m/n/7 Code  
 []

File: 0009-session-start-protocol/mermaid_5.png Graphic file (type bmp)
<0009-session-start-protocol/mermaid_5.png>

Overfull \vbox (49.92719pt too high) has occurred while \output is active []



[119]
Overfull \hbox (2.87454pt too wide) in paragraph at lines 478--478
[]|\TU/SourceCodePro-SemiBold(0)/m/n/7 Additional 
 []


Overfull \hbox (1.65863pt too wide) in paragraph at lines 478--478
\TU/SFUIText-Regular(0)/m/n/7 bytes|  
 []


Overfull \hbox (10.15912pt too wide) in paragraph at lines 481--481
[]|\TU/SFUIText-Regular(0)/m/n/7 Variable|  
 []

File: 0009-session-start-protocol/mermaid_6.png Graphic file (type bmp)
<0009-session-start-protocol/mermaid_6.png>


[120]
Overfull \hbox (2.78546pt too wide) in paragraph at lines 530--531
[]\TU/SFUIText-Regular(0)/m/n/7 Requirement 
 []

File: 0009-session-start-protocol/mermaid_7.png Graphic file (type bmp)
<0009-session-start-protocol/mermaid_7.png>


[121]
File: 0009-session-start-protocol/mermaid_8.png Graphic file (type bmp)
<0009-session-start-protocol/mermaid_8.png>
File: 0009-session-start-protocol/mermaid_9.png Graphic file (type bmp)
<0009-session-start-protocol/mermaid_9.png>


[122]
File: 0009-session-start-protocol/mermaid_10.png Graphic file (type bmp)
<0009-session-start-protocol/mermaid_10.png>


[123]

[124]

[125]

[126]
Underfull \hbox (badness 1122) in paragraph at lines 824--826
\TU/SFUIText-Regular(0)/m/it/8 The following attack vectors exist when the protocol is used without adequate 
 []



[127]
Underfull \hbox (badness 2119) in paragraph at lines 869--873
[]\TU/SourceCodePro-SemiBold(0)/m/n/8 Unpredictable session identifiers\TU/SFUIText-Regular(0)/m/it/8 : Generate session IDs using 
 []



[128])

[129]

[130



]
\openout2 = `0010-automatic-path-discovery/0010-automatic-path-discovery-pandoc.aux'.

 (./0010-automatic-path-discovery/0010-automatic-path-discovery-pandoc.tex
Underfull \hbox (badness 1308) in paragraph at lines 65--71
\TU/SFUIText-Regular(0)/m/it/8 is delegated to upper protocol layers (see [][]RFC-0008[][]). This design places the 
 []



[131

]

[132]

[133]

[134]
Underfull \hbox (badness 1448) in paragraph at lines 259--262
\TU/SFUIText-Regular(0)/m/it/8 traversing three hops (out, relay, and back). This represents a complete 
 []



[135]
File: 0010-automatic-path-discovery/mermaid_1.png Graphic file (type bmp)
<0010-automatic-path-discovery/mermaid_1.png>


[136]

[137]
File: 0010-automatic-path-discovery/mermaid_2.png Graphic file (type bmp)
<0010-automatic-path-discovery/mermaid_2.png>


[138]

[139]

[140]

[141]

[142]

[143]

[144]

[145]

[146]

[147]
Underfull \hbox (badness 2469) in paragraph at lines 851--854
[]\TU/SourceCodePro-SemiBold(0)/m/n/8 Formal slashing logic\TU/SFUIText-Regular(0)/m/it/8 : Define a formal slashing mechanism with 
 []



[148])

[149]

[150



]
\openout2 = `0011-application-protocol/0011-application-protocol-pandoc.aux'.

 (./0011-application-protocol/0011-application-protocol-pandoc.tex
Underfull \hbox (badness 5519) in paragraph at lines 6--6
|[]\TU/SourceCodePro-Regular(1)/b/n/16 RFC-0011: Application Layer 
 []



[151

]

[152]
Underfull \hbox (badness 1742) in paragraph at lines 148--152
[]\TU/SourceCodePro-Regular(0)/m/n/8 0x0000000000000001[]\TU/SFUIText-Regular(0)/m/it/8 : reserved for the session start protocol (session 
 []



[153])

[154] (./main.aux (./0001-rfc-process/0001-rfc-process-pandoc.aux) (./0002-mixnet-keywords/0002-mixnet-keywords-pandoc.aux) (./0003-hopr-overview/0003-hopr-overview-pandoc.aux) (./0004-hopr-packet-protocol/0004-hopr-packet-protocol-pandoc.aux) (./0005-proof-of-relay/0005-proof-of-relay-pandoc.aux) (./0006-hopr-mixer/0006-hopr-mixer-pandoc.aux) (./0007-economic-reward-system/0007-economic-reward-system-pandoc.aux) (./0008-session-protocol/0008-session-protocol-pandoc.aux) (./0009-session-start-protocol/0009-session-start-protocol-pandoc.aux) (./0010-automatic-path-discovery/0010-automatic-path-discovery-pandoc.aux) (./0011-application-protocol/0011-application-protocol-pandoc.aux))
 ***********
LaTeX2e <2025-06-01> patch level 1
L3 programming layer <2025-09-02>
 ***********


LaTeX Font Warning: Some font shapes were not available, defaults substituted.


LaTeX Warning: There were multiply-defined labels.

Package rerunfilecheck Info: File `main.out' has not changed.
(rerunfilecheck)             Checksum: F0C92D7E91C8DAB778238B082314BD26;37261.
 ) 
Here is how much of TeX's memory you used:
 36876 strings out of 468389
 795269 string characters out of 5440619
 1336029 words of memory out of 5000000
 64701 multiletter control sequences out of 15000+600000
 632026 words of font info for 81 fonts, out of 8000000 for 9000
 1348 hyphenation exceptions out of 8191
 117i,13n,120p,2263b,979s stack positions out of 10000i,1000n,20000p,200000b,200000s

Output written on main.pdf (154 pages).
