\BOOKMARK [1][-]{section.1}{\376\377\000R\000F\000C\000-\0000\0000\0000\0001\000:\000\040\000R\000F\000C\000\040\000L\000i\000f\000e\000\040\000C\000y\000c\000l\000e\000,\000\040\000P\000r\000o\000c\000e\000s\000s\000\040\000a\000n\000d\000\040\000S\000t\000r\000u\000c\000t\000u\000r\000e}{}% 1
\BOOKMARK [2][-]{subsection.1.1}{\376\377\0001\000.\000\040\000A\000b\000s\000t\000r\000a\000c\000t}{section.1}% 2
\BOOKMARK [2][-]{subsection.1.2}{\376\377\0002\000.\000\040\000M\000o\000t\000i\000v\000a\000t\000i\000o\000n}{section.1}% 3
\BOOKMARK [2][-]{subsection.1.3}{\376\377\0003\000.\000\040\000T\000e\000r\000m\000i\000n\000o\000l\000o\000g\000y}{section.1}% 4
\BOOKMARK [2][-]{subsection.1.4}{\376\377\0004\000.\000\040\000S\000p\000e\000c\000i\000f\000i\000c\000a\000t\000i\000o\000n}{section.1}% 5
\BOOKMARK [3][-]{subsubsection.1.4.1}{\376\377\0004\000.\0001\000.\000\040\000R\000F\000C\000\040\000L\000i\000f\000e\000\040\000C\000y\000c\000l\000e\000\040\000S\000t\000a\000g\000e\000s}{subsection.1.4}% 6
\BOOKMARK [3][-]{subsubsection.1.4.2}{\376\377\0004\000.\0002\000.\000\040\000F\000i\000l\000e\000\040\000S\000t\000r\000u\000c\000t\000u\000r\000e}{subsection.1.4}% 7
\BOOKMARK [3][-]{subsubsection.1.4.3}{\376\377\0004\000.\0003\000.\000\040\000V\000a\000l\000i\000d\000a\000t\000i\000o\000n\000\040\000R\000u\000l\000e\000s}{subsection.1.4}% 8
\BOOKMARK [3][-]{subsubsection.1.4.4}{\376\377\0004\000.\0004\000.\000\040\000R\000F\000C\000\040\000D\000o\000c\000u\000m\000e\000n\000t\000\040\000S\000t\000r\000u\000c\000t\000u\000r\000e}{subsection.1.4}% 9
\BOOKMARK [2][-]{subsection.1.5}{\376\377\0005\000.\000\040\000D\000e\000s\000i\000g\000n\000\040\000C\000o\000n\000s\000i\000d\000e\000r\000a\000t\000i\000o\000n\000s}{section.1}% 10
\BOOKMARK [2][-]{subsection.1.6}{\376\377\0006\000.\000\040\000C\000o\000m\000p\000a\000t\000i\000b\000i\000l\000i\000t\000y}{section.1}% 11
\BOOKMARK [2][-]{subsection.1.7}{\376\377\0007\000.\000\040\000S\000e\000c\000u\000r\000i\000t\000y\000\040\000C\000o\000n\000s\000i\000d\000e\000r\000a\000t\000i\000o\000n\000s}{section.1}% 12
\BOOKMARK [2][-]{subsection.1.8}{\376\377\0008\000.\000\040\000D\000r\000a\000w\000b\000a\000c\000k\000s}{section.1}% 13
\BOOKMARK [2][-]{subsection.1.9}{\376\377\0009\000.\000\040\000A\000l\000t\000e\000r\000n\000a\000t\000i\000v\000e\000s}{section.1}% 14
\BOOKMARK [2][-]{subsection.1.10}{\376\377\0001\0000\000.\000\040\000U\000n\000r\000e\000s\000o\000l\000v\000e\000d\000\040\000Q\000u\000e\000s\000t\000i\000o\000n\000s}{section.1}% 15
\BOOKMARK [2][-]{subsection.1.11}{\376\377\0001\0001\000.\000\040\000F\000u\000t\000u\000r\000e\000\040\000W\000o\000r\000k}{section.1}% 16
\BOOKMARK [2][-]{subsection.1.12}{\376\377\0001\0002\000.\000\040\000R\000e\000f\000e\000r\000e\000n\000c\000e\000s}{section.1}% 17
\BOOKMARK [1][-]{section.2}{\376\377\000R\000F\000C\000-\0000\0000\0000\0002\000:\000\040\000C\000o\000m\000m\000o\000n\000\040\000m\000i\000x\000n\000e\000t\000\040\000t\000e\000r\000m\000s\000\040\000a\000n\000d\000\040\000k\000e\000y\000w\000o\000r\000d\000s}{}% 18
\BOOKMARK [2][-]{subsection.2.1}{\376\377\0001\000.\000\040\000A\000b\000s\000t\000r\000a\000c\000t}{section.2}% 19
\BOOKMARK [2][-]{subsection.2.2}{\376\377\0002\000.\000\040\000M\000o\000t\000i\000v\000a\000t\000i\000o\000n}{section.2}% 20
\BOOKMARK [2][-]{subsection.2.3}{\376\377\0003\000.\000\040\000T\000e\000r\000m\000i\000n\000o\000l\000o\000g\000y}{section.2}% 21
\BOOKMARK [2][-]{subsection.2.4}{\376\377\0004\000.\000\040\000R\000e\000f\000e\000r\000e\000n\000c\000e\000s}{section.2}% 22
\BOOKMARK [1][-]{section.3}{\376\377\000R\000F\000C\000-\0000\0000\0000\0004\000\040\000H\000O\000P\000R\000\040\000P\000a\000c\000k\000e\000t\000\040\000P\000r\000o\000t\000o\000c\000o\000l}{}% 23
\BOOKMARK [2][-]{subsection.3.1}{\376\377\0001\000.\000\040\000A\000b\000s\000t\000r\000a\000c\000t}{section.3}% 24
\BOOKMARK [2][-]{subsection.3.2}{\376\377\0002\000.\000\040\000I\000n\000t\000r\000o\000d\000u\000c\000t\000i\000o\000n}{section.3}% 25
\BOOKMARK [3][-]{subsubsection.3.2.1}{\376\377\0002\000.\0001\000.\000\040\000C\000o\000n\000v\000e\000n\000t\000i\000o\000n\000s\000\040\000a\000n\000d\000\040\000t\000e\000r\000m\000i\000n\000o\000l\000o\000g\000y}{subsection.3.2}% 26
\BOOKMARK [3][-]{subsubsection.3.2.2}{\376\377\0002\000.\0002\000.\000\040\000G\000l\000o\000b\000a\000l\000\040\000p\000a\000c\000k\000e\000t\000\040\000f\000o\000r\000m\000a\000t\000\040\000p\000a\000r\000a\000m\000e\000t\000e\000r\000s}{subsection.3.2}% 27
\BOOKMARK [2][-]{subsection.3.3}{\376\377\0003\000.\000\040\000F\000o\000r\000w\000a\000r\000d\000\040\000p\000a\000c\000k\000e\000t\000\040\000c\000r\000e\000a\000t\000i\000o\000n}{section.3}% 28
\BOOKMARK [3][-]{subsubsection.3.3.1}{\376\377\0003\000.\0001\000.\000\040\000P\000a\000r\000t\000i\000a\000l\000\040\000T\000i\000c\000k\000e\000t\000\040\000c\000r\000e\000a\000t\000i\000o\000n}{subsection.3.3}% 29
\BOOKMARK [3][-]{subsubsection.3.3.2}{\376\377\0003\000.\0002\000.\000\040\000G\000e\000n\000e\000r\000a\000t\000i\000n\000g\000\040\000t\000h\000e\000\040\000S\000h\000a\000r\000e\000d\000\040\000s\000e\000c\000r\000e\000t\000s}{subsection.3.3}% 30
\BOOKMARK [3][-]{subsubsection.3.3.3}{\376\377\0003\000.\0003\000.\000\040\000G\000e\000n\000e\000r\000a\000t\000i\000n\000g\000\040\000t\000h\000e\000\040\000P\000r\000o\000o\000f\000\040\000o\000f\000\040\000R\000e\000l\000a\000y}{subsection.3.3}% 31
\BOOKMARK [3][-]{subsubsection.3.3.4}{\376\377\0003\000.\0004\000.\000\040\000F\000o\000r\000w\000a\000r\000d\000\040\000M\000e\000t\000a\000\040\000P\000a\000c\000k\000e\000t\000\040\000c\000r\000e\000a\000t\000i\000o\000n}{subsection.3.3}% 32
\BOOKMARK [3][-]{subsubsection.3.3.5}{\376\377\0003\000.\0005\000.\000\040\000F\000i\000n\000a\000l\000\040\000f\000o\000r\000w\000a\000r\000d\000\040\000p\000a\000c\000k\000e\000t\000\040\000o\000v\000e\000r\000v\000i\000e\000w}{subsection.3.3}% 33
\BOOKMARK [2][-]{subsection.3.4}{\376\377\0004\000.\000\040\000R\000e\000p\000l\000y\000\040\000p\000a\000c\000k\000e\000t\000\040\000c\000r\000e\000a\000t\000i\000o\000n}{section.3}% 34
\BOOKMARK [3][-]{subsubsection.3.4.1}{\376\377\0004\000.\0001\000.\000\040\000R\000e\000p\000l\000y\000\040\000p\000a\000c\000k\000e\000t\000\040\000t\000i\000c\000k\000e\000t\000\040\000c\000r\000e\000a\000t\000i\000o\000n}{subsection.3.4}% 35
\BOOKMARK [3][-]{subsubsection.3.4.2}{\376\377\0004\000.\0002\000.\000\040\000R\000e\000p\000l\000y\000\040\000m\000e\000t\000a\000\040\000p\000a\000c\000k\000e\000t\000\040\000c\000r\000e\000a\000t\000i\000o\000n}{subsection.3.4}% 36
\BOOKMARK [2][-]{subsection.3.5}{\376\377\0005\000.\000\040\000P\000a\000c\000k\000e\000t\000\040\000p\000r\000o\000c\000e\000s\000s\000i\000n\000g}{section.3}% 37
\BOOKMARK [3][-]{subsubsection.3.5.1}{\376\377\0005\000.\0001\000.\000\040\000A\000d\000v\000a\000n\000c\000i\000n\000g\000\040\000t\000h\000e\000\040\000A\000l\000p\000h\000a\000\040\000v\000a\000l\000u\000e}{subsection.3.5}% 38
\BOOKMARK [3][-]{subsubsection.3.5.2}{\376\377\0005\000.\0002\000.\000\040\000H\000e\000a\000d\000e\000r\000\040\000p\000r\000o\000c\000e\000s\000s\000i\000n\000g}{subsection.3.5}% 39
\BOOKMARK [3][-]{subsubsection.3.5.3}{\376\377\0005\000.\0003\000.\000\040\000P\000a\000c\000k\000e\000t\000\040\000p\000r\000o\000c\000e\000s\000s\000i\000n\000g}{subsection.3.5}% 40
\BOOKMARK [3][-]{subsubsection.3.5.4}{\376\377\0005\000.\0004\000.\000\040\000T\000i\000c\000k\000e\000t\000\040\000v\000e\000r\000i\000f\000i\000c\000a\000t\000i\000o\000n\000\040\000a\000n\000d\000\040\000a\000c\000k\000n\000o\000w\000l\000e\000d\000g\000e\000m\000e\000n\000t}{subsection.3.5}% 41
\BOOKMARK [2][-]{subsection.3.6}{\376\377\0006\000.\000\040\000A\000p\000p\000e\000n\000d\000i\000x\000\040\000A}{section.3}% 42
\BOOKMARK [2][-]{subsection.3.7}{\376\377\0007\000.\000\040\000R\000e\000f\000e\000r\000e\000n\000c\000e\000s}{section.3}% 43
\BOOKMARK [1][-]{section.4}{\376\377\000R\000F\000C\000-\0000\0000\0000\0005\000:\000\040\000P\000r\000o\000o\000f\000\040\000o\000f\000\040\000R\000e\000l\000a\000y}{}% 44
\BOOKMARK [2][-]{subsection.4.1}{\376\377\0001\000.\000\040\000A\000b\000s\000t\000r\000a\000c\000t}{section.4}% 45
\BOOKMARK [2][-]{subsection.4.2}{\376\377\0002\000.\000\040\000M\000o\000t\000i\000v\000a\000t\000i\000o\000n}{section.4}% 46
\BOOKMARK [2][-]{subsection.4.3}{\376\377\0003\000.\000\040\000T\000e\000r\000m\000i\000n\000o\000l\000o\000g\000y}{section.4}% 47
\BOOKMARK [3][-]{subsubsection.4.3.1}{\376\377\0003\000.\0001\000.\000\040\000C\000r\000y\000p\000t\000o\000g\000r\000a\000p\000h\000i\000c\000\040\000a\000n\000d\000\040\000s\000e\000c\000u\000r\000i\000t\000y\000\040\000p\000a\000r\000a\000m\000e\000t\000e\000r\000s}{subsection.4.3}% 48
\BOOKMARK [2][-]{subsection.4.4}{\376\377\0004\000.\000\040\000P\000a\000y\000m\000e\000n\000t\000\040\000c\000h\000a\000n\000n\000e\000l\000s}{section.4}% 49
\BOOKMARK [3][-]{subsubsection.4.4.1}{\376\377\0004\000.\0001\000.\000\040\000P\000a\000y\000m\000e\000n\000t\000\040\000c\000h\000a\000n\000n\000e\000l\000\040\000l\000i\000f\000e\000-\000c\000y\000c\000l\000e}{subsection.4.4}% 50
\BOOKMARK [2][-]{subsection.4.5}{\376\377\0005\000.\000\040\000T\000i\000c\000k\000e\000t\000s}{section.4}% 51
\BOOKMARK [3][-]{subsubsection.4.5.1}{\376\377\0005\000.\0001\000.\000\040\000T\000i\000c\000k\000e\000t\000\040\000s\000t\000r\000u\000c\000t\000u\000r\000e\000\040\000e\000n\000c\000o\000d\000i\000n\000g}{subsection.4.5}% 52
\BOOKMARK [3][-]{subsubsection.4.5.2}{\376\377\0005\000.\0002\000.\000\040\000C\000o\000n\000s\000t\000r\000u\000c\000t\000i\000o\000n\000\040\000o\000f\000\040\000P\000r\000o\000o\000f\000-\000o\000f\000-\000R\000e\000l\000a\000y\000\040\000\050\000P\000o\000R\000\051\000\040\000s\000e\000c\000r\000e\000t\000s}{subsection.4.5}% 53
\BOOKMARK [3][-]{subsubsection.4.5.3}{\376\377\0005\000.\0003\000\040\000C\000r\000e\000a\000t\000i\000o\000n\000\040\000o\000f\000\040\000t\000h\000e\000\040\000t\000i\000c\000k\000e\000t\000\040\000f\000o\000r\000\040\000t\000h\000e\000\040\000f\000i\000r\000s\000t\000\040\000r\000e\000l\000a\000y\000e\000r}{subsection.4.5}% 54
\BOOKMARK [3][-]{subsubsection.4.5.4}{\376\377\0005\000.\0004\000.\000\040\000T\000i\000c\000k\000e\000t\000\040\000p\000r\000o\000c\000e\000s\000s\000i\000n\000g\000\040\000a\000t\000\040\000a\000\040\000n\000o\000d\000e}{subsection.4.5}% 55
\BOOKMARK [2][-]{subsection.4.6}{\376\377\0006\000\040\000T\000i\000c\000k\000e\000t\000\040\000a\000n\000d\000\040\000C\000h\000a\000n\000n\000e\000l\000\040\000i\000n\000t\000e\000r\000a\000c\000t\000i\000o\000n\000s}{section.4}% 56
\BOOKMARK [3][-]{subsubsection.4.6.1}{\376\377\0006\000.\0001\000.\000\040\000D\000i\000s\000c\000o\000v\000e\000r\000i\000n\000g\000\040\000a\000c\000k\000n\000o\000w\000l\000e\000d\000g\000e\000d\000\040\000w\000i\000n\000n\000i\000n\000g\000\040\000t\000i\000c\000k\000e\000t\000s}{subsection.4.6}% 57
\BOOKMARK [3][-]{subsubsection.4.6.2}{\376\377\0006\000.\0002\000.\000\040\000C\000l\000a\000i\000m\000i\000n\000g\000\040\000a\000\040\000w\000i\000n\000n\000i\000n\000g\000\040\000t\000i\000c\000k\000e\000t}{subsection.4.6}% 58
\BOOKMARK [2][-]{subsection.4.7}{\376\377\0007\000.\000\040\000A\000p\000p\000e\000n\000d\000i\000x\000\040\0001}{section.4}% 59
\BOOKMARK [2][-]{subsection.4.8}{\376\377\0008\000.\000\040\000A\000p\000p\000e\000n\000d\000i\000x\000\040\0002}{section.4}% 60
\BOOKMARK [3][-]{subsubsection.4.8.1}{\376\377\0008\000.\0001\000.\000\040\000A\000l\000l\000o\000w\000e\000d\000\040\000t\000r\000a\000n\000s\000i\000t\000i\000o\000n\000s}{subsection.4.8}% 61
\BOOKMARK [2][-]{subsection.4.9}{\376\377\0009\000.\000\040\000A\000p\000p\000e\000n\000d\000i\000x\000\040\0003}{section.4}% 62
\BOOKMARK [2][-]{subsection.4.10}{\376\377\0001\0000\000.\000\040\000R\000e\000f\000e\000r\000e\000n\000c\000e\000s}{section.4}% 63
\BOOKMARK [1][-]{section.5}{\376\377\000R\000F\000C\000-\0000\0000\0000\0006\000:\000\040\000H\000O\000P\000R\000\040\000M\000i\000x\000e\000r}{}% 64
\BOOKMARK [2][-]{subsection.5.1}{\376\377\0001\000.\000\040\000A\000b\000s\000t\000r\000a\000c\000t}{section.5}% 65
\BOOKMARK [2][-]{subsection.5.2}{\376\377\0002\000.\000\040\000M\000o\000t\000i\000v\000a\000t\000i\000o\000n}{section.5}% 66
\BOOKMARK [2][-]{subsection.5.3}{\376\377\0003\000.\000\040\000T\000e\000r\000m\000i\000n\000o\000l\000o\000g\000y}{section.5}% 67
\BOOKMARK [2][-]{subsection.5.4}{\376\377\0004\000.\000\040\000S\000p\000e\000c\000i\000f\000i\000c\000a\000t\000i\000o\000n}{section.5}% 68
\BOOKMARK [3][-]{subsubsection.5.4.1}{\376\377\0004\000.\0001\000.\000\040\000O\000v\000e\000r\000v\000i\000e\000w}{subsection.5.4}% 69
\BOOKMARK [3][-]{subsubsection.5.4.2}{\376\377\0004\000.\0002\000.\000\040\000C\000o\000n\000f\000i\000g\000u\000r\000a\000t\000i\000o\000n\000\040\000P\000a\000r\000a\000m\000e\000t\000e\000r\000s}{subsection.5.4}% 70
\BOOKMARK [3][-]{subsubsection.5.4.3}{\376\377\0004\000.\0003\000.\000\040\000C\000o\000r\000e\000\040\000C\000o\000m\000p\000o\000n\000e\000n\000t\000s}{subsection.5.4}% 71
\BOOKMARK [3][-]{subsubsection.5.4.4}{\376\377\0004\000.\0004\000.\000\040\000O\000p\000e\000r\000a\000t\000i\000o\000n\000a\000l\000\040\000B\000e\000h\000a\000v\000i\000o\000r}{subsection.5.4}% 72
\BOOKMARK [3][-]{subsubsection.5.4.5}{\376\377\0004\000.\0005\000.\000\040\000S\000p\000e\000c\000i\000a\000l\000\040\000C\000a\000s\000e\000s}{subsection.5.4}% 73
\BOOKMARK [2][-]{subsection.5.5}{\376\377\0005\000.\000\040\000D\000e\000s\000i\000g\000n\000\040\000C\000o\000n\000s\000i\000d\000e\000r\000a\000t\000i\000o\000n\000s}{section.5}% 74
\BOOKMARK [3][-]{subsubsection.5.5.1}{\376\377\0005\000.\0001\000.\000\040\000P\000e\000r\000f\000o\000r\000m\000a\000n\000c\000e\000\040\000O\000p\000t\000i\000m\000i\000z\000a\000t\000i\000o\000n}{subsection.5.5}% 75
\BOOKMARK [3][-]{subsubsection.5.5.2}{\376\377\0005\000.\0002\000.\000\040\000A\000b\000u\000s\000e\000\040\000R\000e\000s\000i\000s\000t\000a\000n\000c\000e\000\040\000a\000n\000d\000\040\000R\000e\000s\000o\000u\000r\000c\000e\000\040\000L\000i\000m\000i\000t\000s}{subsection.5.5}% 76
\BOOKMARK [3][-]{subsubsection.5.5.3}{\376\377\0005\000.\0003\000.\000\040\000M\000o\000n\000i\000t\000o\000r\000i\000n\000g\000\040\000a\000n\000d\000\040\000M\000e\000t\000r\000i\000c\000s}{subsection.5.5}% 77
\BOOKMARK [2][-]{subsection.5.6}{\376\377\0006\000.\000\040\000S\000e\000c\000u\000r\000i\000t\000y\000\040\000C\000o\000n\000s\000i\000d\000e\000r\000a\000t\000i\000o\000n\000s}{section.5}% 78
\BOOKMARK [3][-]{subsubsection.5.6.1}{\376\377\0006\000.\0001\000.\000\040\000T\000h\000r\000e\000a\000t\000\040\000M\000o\000d\000e\000l}{subsection.5.6}% 79
\BOOKMARK [3][-]{subsubsection.5.6.2}{\376\377\0006\000.\0002\000.\000\040\000L\000i\000m\000i\000t\000a\000t\000i\000o\000n\000s}{subsection.5.6}% 80
\BOOKMARK [2][-]{subsection.5.7}{\376\377\0007\000.\000\040\000D\000r\000a\000w\000b\000a\000c\000k\000s}{section.5}% 81
\BOOKMARK [2][-]{subsection.5.8}{\376\377\0008\000.\000\040\000A\000l\000t\000e\000r\000n\000a\000t\000i\000v\000e\000s}{section.5}% 82
\BOOKMARK [2][-]{subsection.5.9}{\376\377\0009\000.\000\040\000U\000n\000r\000e\000s\000o\000l\000v\000e\000d\000\040\000Q\000u\000e\000s\000t\000i\000o\000n\000s}{section.5}% 83
\BOOKMARK [2][-]{subsection.5.10}{\376\377\0001\0000\000.\000\040\000F\000u\000t\000u\000r\000e\000\040\000W\000o\000r\000k}{section.5}% 84
\BOOKMARK [2][-]{subsection.5.11}{\376\377\0001\0001\000.\000\040\000R\000e\000f\000e\000r\000e\000n\000c\000e\000s}{section.5}% 85
\BOOKMARK [1][-]{section.6}{\376\377\000R\000F\000C\000-\0000\0000\0000\0007\000:\000\040\000E\000c\000o\000n\000o\000m\000i\000c\000\040\000R\000e\000w\000a\000r\000d\000\040\000S\000y\000s\000t\000e\000m}{}% 86
\BOOKMARK [2][-]{subsection.6.1}{\376\377\0001\000.\000\040\000A\000b\000s\000t\000r\000a\000c\000t}{section.6}% 87
\BOOKMARK [2][-]{subsection.6.2}{\376\377\0002\000.\000\040\000M\000o\000t\000i\000v\000a\000t\000i\000o\000n}{section.6}% 88
\BOOKMARK [2][-]{subsection.6.3}{\376\377\0003\000.\000\040\000T\000e\000r\000m\000i\000n\000o\000l\000o\000g\000y}{section.6}% 89
\BOOKMARK [2][-]{subsection.6.4}{\376\377\0004\000.\000\040\000S\000y\000s\000t\000e\000m\000\040\000O\000v\000e\000r\000v\000i\000e\000w}{section.6}% 90
\BOOKMARK [2][-]{subsection.6.5}{\376\377\0005\000.\000\040\000D\000a\000t\000a\000\040\000C\000o\000l\000l\000e\000c\000t\000i\000o\000n\000\040\000a\000n\000d\000\040\000E\000n\000r\000i\000c\000h\000m\000e\000n\000t}{section.6}% 91
\BOOKMARK [3][-]{subsubsection.6.5.1}{\376\377\0005\000.\0001\000\040\000D\000a\000t\000a\000\040\000S\000o\000u\000r\000c\000e\000s}{subsection.6.5}% 92
\BOOKMARK [3][-]{subsubsection.6.5.2}{\376\377\0005\000.\0002\000\040\000D\000a\000t\000a\000\040\000E\000n\000r\000i\000c\000h\000m\000e\000n\000t}{subsection.6.5}% 93
\BOOKMARK [2][-]{subsection.6.6}{\376\377\0006\000.\000\040\000P\000e\000e\000r\000\040\000E\000l\000i\000g\000i\000b\000i\000l\000i\000t\000y\000\040\000F\000i\000l\000t\000e\000r\000i\000n\000g}{section.6}% 94
\BOOKMARK [2][-]{subsection.6.7}{\376\377\0007\000.\000\040\000E\000c\000o\000n\000o\000m\000i\000c\000\040\000M\000o\000d\000e\000l\000\040\000A\000p\000p\000l\000i\000c\000a\000t\000i\000o\000n}{section.6}% 95
\BOOKMARK [2][-]{subsection.6.8}{\376\377\0008\000.\000\040\000M\000e\000s\000s\000a\000g\000e\000\040\000T\000i\000m\000i\000n\000g\000\040\000a\000n\000d\000\040\000D\000e\000l\000a\000y\000\040\000C\000a\000l\000c\000u\000l\000a\000t\000i\000o\000n}{section.6}% 96
\BOOKMARK [2][-]{subsection.6.9}{\376\377\0009\000.\000\040\000M\000e\000s\000s\000a\000g\000e\000\040\000S\000e\000n\000d\000i\000n\000g\000\040\000A\000r\000c\000h\000i\000t\000e\000c\000t\000u\000r\000e}{section.6}% 97
\BOOKMARK [2][-]{subsection.6.10}{\376\377\0001\0000\000.\000\040\000S\000e\000c\000u\000r\000i\000t\000y\000\040\000a\000n\000d\000\040\000M\000o\000n\000i\000t\000o\000r\000i\000n\000g}{section.6}% 98
\BOOKMARK [2][-]{subsection.6.11}{\376\377\0001\0001\000.\000\040\000A\000p\000p\000e\000n\000d\000i\000x\000:\000\040\000D\000a\000t\000a\000\040\000S\000t\000r\000u\000c\000t\000u\000r\000e\000s}{section.6}% 99
\BOOKMARK [3][-]{subsubsection.6.11.1}{\376\377\000R\000e\000g\000i\000s\000t\000e\000r\000e\000d\000\040\000N\000o\000d\000e}{subsection.6.11}% 100
\BOOKMARK [3][-]{subsubsection.6.11.2}{\376\377\000S\000a\000f\000e}{subsection.6.11}% 101
\BOOKMARK [3][-]{subsubsection.6.11.3}{\376\377\000A\000l\000l\000o\000c\000a\000t\000i\000o\000n}{subsection.6.11}% 102
\BOOKMARK [3][-]{subsubsection.6.11.4}{\376\377\000E\000O\000A\000\040\000B\000a\000l\000a\000n\000c\000e}{subsection.6.11}% 103
\BOOKMARK [3][-]{subsubsection.6.11.5}{\376\377\000T\000o\000p\000o\000l\000o\000g\000y\000\040\000E\000n\000t\000r\000y}{subsection.6.11}% 104
\BOOKMARK [3][-]{subsubsection.6.11.6}{\376\377\000P\000e\000e\000r\000\040\000\050\000E\000n\000r\000i\000c\000h\000e\000d\000\051}{subsection.6.11}% 105
\BOOKMARK [2][-]{subsection.6.12}{\376\377\0001\0002\000.\000\040\000R\000e\000f\000e\000r\000e\000n\000c\000e\000s}{section.6}% 106
\BOOKMARK [2][-]{subsection.6.13}{\376\377\0001\0003\000.\000\040\000C\000h\000a\000n\000g\000e\000l\000o\000g}{section.6}% 107
\BOOKMARK [1][-]{section.7}{\376\377\000R\000F\000C\000-\0000\0000\0000\0008\000:\000\040\000S\000e\000s\000s\000i\000o\000n\000\040\000D\000a\000t\000a\000\040\000P\000r\000o\000t\000o\000c\000o\000l}{}% 108
\BOOKMARK [2][-]{subsection.7.1}{\376\377\0001\000.\000\040\000A\000b\000s\000t\000r\000a\000c\000t}{section.7}% 109
\BOOKMARK [2][-]{subsection.7.2}{\376\377\0002\000.\000\040\000M\000o\000t\000i\000v\000a\000t\000i\000o\000n}{section.7}% 110
\BOOKMARK [2][-]{subsection.7.3}{\376\377\0003\000.\000\040\000T\000e\000r\000m\000i\000n\000o\000l\000o\000g\000y}{section.7}% 111
\BOOKMARK [2][-]{subsection.7.4}{\376\377\0004\000.\000\040\000S\000p\000e\000c\000i\000f\000i\000c\000a\000t\000i\000o\000n}{section.7}% 112
\BOOKMARK [3][-]{subsubsection.7.4.1}{\376\377\0004\000.\0001\000\040\000P\000r\000o\000t\000o\000c\000o\000l\000\040\000O\000v\000e\000r\000v\000i\000e\000w}{subsection.7.4}% 113
\BOOKMARK [3][-]{subsubsection.7.4.2}{\376\377\0004\000.\0002\000\040\000S\000e\000s\000s\000i\000o\000n\000\040\000D\000a\000t\000a\000\040\000P\000r\000o\000t\000o\000c\000o\000l\000\040\000M\000e\000s\000s\000a\000g\000e\000\040\000F\000o\000r\000m\000a\000t}{subsection.7.4}% 114
\BOOKMARK [3][-]{subsubsection.7.4.3}{\376\377\0004\000.\0003\000\040\000S\000e\000g\000m\000e\000n\000t\000\040\000M\000e\000s\000s\000a\000g\000e}{subsection.7.4}% 115
\BOOKMARK [3][-]{subsubsection.7.4.4}{\376\377\0004\000.\0004\000\040\000R\000e\000t\000r\000a\000n\000s\000m\000i\000s\000s\000i\000o\000n\000\040\000R\000e\000q\000u\000e\000s\000t\000\040\000M\000e\000s\000s\000a\000g\000e}{subsection.7.4}% 116
\BOOKMARK [3][-]{subsubsection.7.4.5}{\376\377\0004\000.\0005\000\040\000F\000r\000a\000m\000e\000\040\000A\000c\000k\000n\000o\000w\000l\000e\000d\000g\000e\000m\000e\000n\000t\000\040\000M\000e\000s\000s\000a\000g\000e}{subsection.7.4}% 117
\BOOKMARK [3][-]{subsubsection.7.4.6}{\376\377\0004\000.\0006\000\040\000P\000r\000o\000t\000o\000c\000o\000l\000\040\000S\000t\000a\000t\000e\000\040\000M\000a\000c\000h\000i\000n\000e\000s}{subsection.7.4}% 118
\BOOKMARK [3][-]{subsubsection.7.4.7}{\376\377\0004\000.\0007\000\040\000T\000i\000m\000i\000n\000g\000\040\000a\000n\000d\000\040\000R\000e\000l\000i\000a\000b\000i\000l\000i\000t\000y\000\040\000P\000a\000r\000a\000m\000e\000t\000e\000r\000s}{subsection.7.4}% 119
\BOOKMARK [3][-]{subsubsection.7.4.8}{\376\377\0004\000.\0008\000\040\000S\000e\000s\000s\000i\000o\000n\000\040\000T\000e\000r\000m\000i\000n\000a\000t\000i\000o\000n}{subsection.7.4}% 120
\BOOKMARK [3][-]{subsubsection.7.4.9}{\376\377\0004\000.\0009\000\040\000E\000x\000a\000m\000p\000l\000e\000\040\000M\000e\000s\000s\000a\000g\000e\000\040\000E\000x\000c\000h\000a\000n\000g\000e\000s}{subsection.7.4}% 121
\BOOKMARK [2][-]{subsection.7.5}{\376\377\0005\000.\000\040\000D\000e\000s\000i\000g\000n\000\040\000C\000o\000n\000s\000i\000d\000e\000r\000a\000t\000i\000o\000n\000s}{section.7}% 122
\BOOKMARK [3][-]{subsubsection.7.5.1}{\376\377\0005\000.\0001\000\040\000M\000a\000x\000i\000m\000u\000m\000\040\000S\000e\000g\000m\000e\000n\000t\000s\000\040\000L\000i\000m\000i\000t\000a\000t\000i\000o\000n}{subsection.7.5}% 123
\BOOKMARK [3][-]{subsubsection.7.5.2}{\376\377\0005\000.\0002\000\040\000F\000r\000a\000m\000e\000\040\000I\000D\000\040\000S\000p\000a\000c\000e}{subsection.7.5}% 124
\BOOKMARK [3][-]{subsubsection.7.5.3}{\376\377\0005\000.\0003\000\040\000R\000e\000t\000r\000a\000n\000s\000m\000i\000s\000s\000i\000o\000n\000\040\000R\000e\000q\000u\000e\000s\000t\000\040\000D\000e\000s\000i\000g\000n}{subsection.7.5}% 125
\BOOKMARK [3][-]{subsubsection.7.5.4}{\376\377\0005\000.\0004\000\040\000P\000r\000o\000t\000o\000c\000o\000l\000\040\000O\000v\000e\000r\000h\000e\000a\000d}{subsection.7.5}% 126
\BOOKMARK [2][-]{subsection.7.6}{\376\377\0006\000.\000\040\000C\000o\000m\000p\000a\000t\000i\000b\000i\000l\000i\000t\000y}{section.7}% 127
\BOOKMARK [3][-]{subsubsection.7.6.1}{\376\377\0006\000.\0001\000\040\000V\000e\000r\000s\000i\000o\000n\000\040\000C\000o\000m\000p\000a\000t\000i\000b\000i\000l\000i\000t\000y}{subsection.7.6}% 128
\BOOKMARK [3][-]{subsubsection.7.6.2}{\376\377\0006\000.\0002\000\040\000T\000r\000a\000n\000s\000p\000o\000r\000t\000\040\000R\000e\000q\000u\000i\000r\000e\000m\000e\000n\000t\000s}{subsection.7.6}% 129
\BOOKMARK [2][-]{subsection.7.7}{\376\377\0007\000.\000\040\000S\000e\000c\000u\000r\000i\000t\000y\000\040\000C\000o\000n\000s\000i\000d\000e\000r\000a\000t\000i\000o\000n\000s}{section.7}% 130
\BOOKMARK [3][-]{subsubsection.7.7.1}{\376\377\0007\000.\0001\000\040\000P\000r\000o\000t\000o\000c\000o\000l\000\040\000S\000e\000c\000u\000r\000i\000t\000y}{subsection.7.7}% 131
\BOOKMARK [2][-]{subsection.7.8}{\376\377\0008\000.\000\040\000F\000u\000t\000u\000r\000e\000\040\000W\000o\000r\000k}{section.7}% 132
\BOOKMARK [2][-]{subsection.7.9}{\376\377\0009\000.\000\040\000I\000m\000p\000l\000e\000m\000e\000n\000t\000a\000t\000i\000o\000n\000\040\000N\000o\000t\000e\000s}{section.7}% 133
\BOOKMARK [3][-]{subsubsection.7.9.1}{\376\377\0009\000.\0001\000\040\000T\000e\000s\000t\000i\000n\000g\000\040\000R\000e\000c\000o\000m\000m\000e\000n\000d\000a\000t\000i\000o\000n\000s}{subsection.7.9}% 134
\BOOKMARK [2][-]{subsection.7.10}{\376\377\0001\0000\000.\000\040\000R\000e\000f\000e\000r\000e\000n\000c\000e\000s}{section.7}% 135
\BOOKMARK [1][-]{section.8}{\376\377\000R\000F\000C\000-\0000\0000\0000\0009\000:\000\040\000S\000e\000s\000s\000i\000o\000n\000\040\000S\000t\000a\000r\000t\000\040\000P\000r\000o\000t\000o\000c\000o\000l}{}% 136
\BOOKMARK [2][-]{subsection.8.1}{\376\377\0001\000.\000\040\000A\000b\000s\000t\000r\000a\000c\000t}{section.8}% 137
\BOOKMARK [2][-]{subsection.8.2}{\376\377\0002\000.\000\040\000M\000o\000t\000i\000v\000a\000t\000i\000o\000n}{section.8}% 138
\BOOKMARK [2][-]{subsection.8.3}{\376\377\0003\000.\000\040\000T\000e\000r\000m\000i\000n\000o\000l\000o\000g\000y}{section.8}% 139
\BOOKMARK [2][-]{subsection.8.4}{\376\377\0004\000.\000\040\000S\000p\000e\000c\000i\000f\000i\000c\000a\000t\000i\000o\000n}{section.8}% 140
\BOOKMARK [3][-]{subsubsection.8.4.1}{\376\377\0004\000.\0001\000\040\000P\000r\000o\000t\000o\000c\000o\000l\000\040\000O\000v\000e\000r\000v\000i\000e\000w}{subsection.8.4}% 141
\BOOKMARK [3][-]{subsubsection.8.4.2}{\376\377\0004\000.\0002\000\040\000M\000e\000s\000s\000a\000g\000e\000\040\000F\000o\000r\000m\000a\000t}{subsection.8.4}% 142
\BOOKMARK [3][-]{subsubsection.8.4.3}{\376\377\0004\000.\0003\000\040\000S\000t\000a\000r\000t\000S\000e\000s\000s\000i\000o\000n\000\040\000M\000e\000s\000s\000a\000g\000e}{subsection.8.4}% 143
\BOOKMARK [3][-]{subsubsection.8.4.4}{\376\377\0004\000.\0004\000\040\000S\000e\000s\000s\000i\000o\000n\000E\000s\000t\000a\000b\000l\000i\000s\000h\000e\000d\000\040\000M\000e\000s\000s\000a\000g\000e}{subsection.8.4}% 144
\BOOKMARK [3][-]{subsubsection.8.4.5}{\376\377\0004\000.\0005\000\040\000S\000e\000s\000s\000i\000o\000n\000E\000r\000r\000o\000r\000\040\000M\000e\000s\000s\000a\000g\000e}{subsection.8.4}% 145
\BOOKMARK [3][-]{subsubsection.8.4.6}{\376\377\0004\000.\0006\000\040\000K\000e\000e\000p\000A\000l\000i\000v\000e\000\040\000M\000e\000s\000s\000a\000g\000e}{subsection.8.4}% 146
\BOOKMARK [3][-]{subsubsection.8.4.7}{\376\377\0004\000.\0007\000\040\000P\000r\000o\000t\000o\000c\000o\000l\000\040\000F\000l\000o\000w}{subsection.8.4}% 147
\BOOKMARK [3][-]{subsubsection.8.4.8}{\376\377\0004\000.\0008\000\040\000P\000r\000o\000t\000o\000c\000o\000l\000\040\000C\000o\000n\000s\000t\000a\000n\000t\000s}{subsection.8.4}% 148
\BOOKMARK [3][-]{subsubsection.8.4.9}{\376\377\0004\000.\0009\000\040\000P\000r\000o\000t\000o\000c\000o\000l\000\040\000R\000u\000l\000e\000s}{subsection.8.4}% 149
\BOOKMARK [3][-]{subsubsection.8.4.10}{\376\377\0004\000.\0001\0000\000\040\000E\000x\000a\000m\000p\000l\000e\000\040\000M\000e\000s\000s\000a\000g\000e\000\040\000E\000x\000c\000h\000a\000n\000g\000e\000s}{subsection.8.4}% 150
\BOOKMARK [2][-]{subsection.8.5}{\376\377\0005\000.\000\040\000D\000e\000s\000i\000g\000n\000\040\000C\000o\000n\000s\000i\000d\000e\000r\000a\000t\000i\000o\000n\000s}{section.8}% 151
\BOOKMARK [3][-]{subsubsection.8.5.1}{\376\377\0005\000.\0001\000\040\000C\000B\000O\000R\000\040\000E\000n\000c\000o\000d\000i\000n\000g}{subsection.8.5}% 152
\BOOKMARK [3][-]{subsubsection.8.5.2}{\376\377\0005\000.\0002\000\040\000C\000h\000a\000l\000l\000e\000n\000g\000e\000-\000R\000e\000s\000p\000o\000n\000s\000e\000\040\000D\000e\000s\000i\000g\000n}{subsection.8.5}% 153
\BOOKMARK [3][-]{subsubsection.8.5.3}{\376\377\0005\000.\0003\000\040\000C\000a\000p\000a\000b\000i\000l\000i\000t\000y\000\040\000N\000e\000g\000o\000t\000i\000a\000t\000i\000o\000n}{subsection.8.5}% 154
\BOOKMARK [3][-]{subsubsection.8.5.4}{\376\377\0005\000.\0004\000\040\000T\000r\000a\000n\000s\000p\000o\000r\000t\000\040\000I\000n\000d\000e\000p\000e\000n\000d\000e\000n\000c\000e}{subsection.8.5}% 155
\BOOKMARK [3][-]{subsubsection.8.5.5}{\376\377\0005\000.\0005\000\040\000E\000r\000r\000o\000r\000\040\000H\000a\000n\000d\000l\000i\000n\000g}{subsection.8.5}% 156
\BOOKMARK [2][-]{subsection.8.6}{\376\377\0006\000.\000\040\000C\000o\000m\000p\000a\000t\000i\000b\000i\000l\000i\000t\000y}{section.8}% 157
\BOOKMARK [3][-]{subsubsection.8.6.1}{\376\377\0006\000.\0001\000\040\000V\000e\000r\000s\000i\000o\000n\000\040\000C\000o\000m\000p\000a\000t\000i\000b\000i\000l\000i\000t\000y}{subsection.8.6}% 158
\BOOKMARK [3][-]{subsubsection.8.6.2}{\376\377\0006\000.\0002\000\040\000T\000r\000a\000n\000s\000p\000o\000r\000t\000\040\000R\000e\000q\000u\000i\000r\000e\000m\000e\000n\000t\000s}{subsection.8.6}% 159
\BOOKMARK [3][-]{subsubsection.8.6.3}{\376\377\0006\000.\0003\000\040\000I\000n\000t\000e\000g\000r\000a\000t\000i\000o\000n\000\040\000w\000i\000t\000h\000\040\000H\000O\000P\000R\000\040\000S\000e\000s\000s\000i\000o\000n\000\040\000D\000a\000t\000a\000\040\000P\000r\000o\000t\000o\000c\000o\000l}{subsection.8.6}% 160
\BOOKMARK [2][-]{subsection.8.7}{\376\377\0007\000.\000\040\000S\000e\000c\000u\000r\000i\000t\000y\000\040\000C\000o\000n\000s\000i\000d\000e\000r\000a\000t\000i\000o\000n\000s}{section.8}% 161
\BOOKMARK [3][-]{subsubsection.8.7.1}{\376\377\0007\000.\0001\000\040\000P\000r\000o\000t\000o\000c\000o\000l\000\040\000S\000e\000c\000u\000r\000i\000t\000y}{subsection.8.7}% 162
\BOOKMARK [3][-]{subsubsection.8.7.2}{\376\377\0007\000.\0002\000\040\000A\000t\000t\000a\000c\000k\000\040\000V\000e\000c\000t\000o\000r\000s}{subsection.8.7}% 163
\BOOKMARK [3][-]{subsubsection.8.7.3}{\376\377\0007\000.\0003\000\040\000M\000i\000t\000i\000g\000a\000t\000i\000o\000n\000\040\000S\000t\000r\000a\000t\000e\000g\000i\000e\000s}{subsection.8.7}% 164
\BOOKMARK [2][-]{subsection.8.8}{\376\377\0008\000.\000\040\000F\000u\000t\000u\000r\000e\000\040\000W\000o\000r\000k}{section.8}% 165
\BOOKMARK [2][-]{subsection.8.9}{\376\377\0009\000.\000\040\000I\000m\000p\000l\000e\000m\000e\000n\000t\000a\000t\000i\000o\000n\000\040\000N\000o\000t\000e\000s}{section.8}% 166
\BOOKMARK [3][-]{subsubsection.8.9.1}{\376\377\0009\000.\0001\000\040\000T\000e\000s\000t\000i\000n\000g\000\040\000R\000e\000c\000o\000m\000m\000e\000n\000d\000a\000t\000i\000o\000n\000s}{subsection.8.9}% 167
\BOOKMARK [2][-]{subsection.8.10}{\376\377\0001\0000\000.\000\040\000R\000e\000f\000e\000r\000e\000n\000c\000e\000s}{section.8}% 168
\BOOKMARK [2][-]{subsection.8.11}{\376\377\0001\0001\000.\000\040\000R\000e\000l\000a\000t\000e\000d\000\040\000L\000i\000n\000k\000s}{section.8}% 169
\BOOKMARK [2][-]{subsection.8.12}{\376\377\0001\0002\000.\000\040\000A\000p\000p\000e\000n\000d\000i\000x\000\040\0001}{section.8}% 170
\BOOKMARK [1][-]{section.9}{\376\377\000R\000F\000C\000-\0000\0000\0001\0000\000:\000\040\000A\000u\000t\000o\000m\000a\000t\000i\000c\000\040\000p\000a\000t\000h\000\040\000d\000i\000s\000c\000o\000v\000e\000r\000y}{}% 171
\BOOKMARK [2][-]{subsection.9.1}{\376\377\0001\000.\000\040\000A\000b\000s\000t\000r\000a\000c\000t}{section.9}% 172
\BOOKMARK [2][-]{subsection.9.2}{\376\377\0002\000.\000\040\000M\000o\000t\000i\000v\000a\000t\000i\000o\000n}{section.9}% 173
\BOOKMARK [2][-]{subsection.9.3}{\376\377\0003\000.\000\040\000T\000e\000r\000m\000i\000n\000o\000l\000o\000g\000y}{section.9}% 174
\BOOKMARK [2][-]{subsection.9.4}{\376\377\0004\000.\000\040\000S\000p\000e\000c\000i\000f\000i\000c\000a\000t\000i\000o\000n}{section.9}% 175
\BOOKMARK [3][-]{subsubsection.9.4.1}{\376\377\0004\000.\0001\000\040\000O\000v\000e\000r\000v\000i\000e\000w}{subsection.9.4}% 176
\BOOKMARK [3][-]{subsubsection.9.4.2}{\376\377\0004\000.\0002\000\040\000N\000e\000t\000w\000o\000r\000k\000\040\000p\000r\000o\000b\000i\000n\000g}{subsection.9.4}% 177
\BOOKMARK [3][-]{subsubsection.9.4.3}{\376\377\0004\000.\0003\000.\000\040\000T\000e\000l\000e\000m\000e\000t\000r\000y}{subsection.9.4}% 178
\BOOKMARK [3][-]{subsubsection.9.4.4}{\376\377\0004\000.\0004\000\040\000C\000o\000m\000p\000o\000n\000e\000n\000t\000\040\000p\000l\000a\000c\000e\000m\000e\000n\000t}{subsection.9.4}% 179
\BOOKMARK [2][-]{subsection.9.5}{\376\377\0005\000.\000\040\000D\000e\000s\000i\000g\000n\000\040\000c\000o\000n\000s\000i\000d\000e\000r\000a\000t\000i\000o\000n\000s}{section.9}% 180
\BOOKMARK [2][-]{subsection.9.6}{\376\377\0006\000.\000\040\000C\000o\000m\000p\000a\000t\000i\000b\000i\000l\000i\000t\000y}{section.9}% 181
\BOOKMARK [2][-]{subsection.9.7}{\376\377\0007\000.\000\040\000S\000e\000c\000u\000r\000i\000t\000y\000\040\000C\000o\000n\000s\000i\000d\000e\000r\000a\000t\000i\000o\000n\000s}{section.9}% 182
\BOOKMARK [2][-]{subsection.9.8}{\376\377\0008\000.\000\040\000D\000r\000a\000w\000b\000a\000c\000k\000s}{section.9}% 183
\BOOKMARK [2][-]{subsection.9.9}{\376\377\0009\000.\000\040\000A\000l\000t\000e\000r\000n\000a\000t\000i\000v\000e\000s}{section.9}% 184
\BOOKMARK [2][-]{subsection.9.10}{\376\377\0001\0000\000.\000\040\000U\000n\000r\000e\000s\000o\000l\000v\000e\000d\000\040\000Q\000u\000e\000s\000t\000i\000o\000n\000s}{section.9}% 185
\BOOKMARK [2][-]{subsection.9.11}{\376\377\0001\0001\000.\000\040\000F\000u\000t\000u\000r\000e\000\040\000W\000o\000r\000k}{section.9}% 186
\BOOKMARK [2][-]{subsection.9.12}{\376\377\0001\0002\000.\000\040\000R\000e\000f\000e\000r\000e\000n\000c\000e\000s}{section.9}% 187
\BOOKMARK [1][-]{section.10}{\376\377\000R\000F\000C\000-\0000\0000\0001\0001\000\040\000A\000p\000p\000l\000i\000c\000a\000t\000i\000o\000n\000\040\000L\000a\000y\000e\000r\000\040\000p\000r\000o\000t\000o\000c\000o\000l}{}% 188
\BOOKMARK [2][-]{subsection.10.1}{\376\377\0001\000.\000\040\000A\000b\000s\000t\000r\000a\000c\000t}{section.10}% 189
\BOOKMARK [2][-]{subsection.10.2}{\376\377\0002\000.\000\040\000M\000o\000t\000i\000v\000a\000t\000i\000o\000n}{section.10}% 190
\BOOKMARK [2][-]{subsection.10.3}{\376\377\0003\000.\000\040\000T\000e\000r\000m\000i\000n\000o\000l\000o\000g\000y}{section.10}% 191
\BOOKMARK [2][-]{subsection.10.4}{\376\377\0004\000.\000\040\000I\000n\000t\000r\000o\000d\000u\000c\000t\000i\000o\000n}{section.10}% 192
\BOOKMARK [2][-]{subsection.10.5}{\376\377\0005\000.\000\040\000S\000p\000e\000c\000i\000f\000i\000c\000a\000t\000i\000o\000n}{section.10}% 193
\BOOKMARK [3][-]{subsubsection.10.5.1}{\376\377\0005\000.\0001\000\040\000W\000i\000r\000e\000\040\000f\000o\000r\000m\000a\000t\000\040\000e\000n\000c\000o\000d\000i\000n\000g}{subsection.10.5}% 194
\BOOKMARK [2][-]{subsection.10.6}{\376\377\0006\000.\000\040\000A\000p\000p\000e\000n\000d\000i\000x\000\040\0001}{section.10}% 195
\BOOKMARK [3][-]{subsubsection.10.6.1}{\376\377\000H\000O\000P\000R\000\040\000p\000a\000c\000k\000e\000t\000\040\000p\000r\000o\000t\000o\000c\000o\000l\000\040\000s\000i\000g\000n\000a\000l\000s\000\040\000i\000n\000\040\000t\000h\000e\000\040\000c\000u\000r\000r\000e\000n\000t\000\040\000i\000m\000p\000l\000e\000m\000e\000n\000t\000a\000t\000i\000o\000n}{subsection.10.6}% 196
\BOOKMARK [2][-]{subsection.10.7}{\376\377\0007\000.\000\040\000R\000e\000f\000e\000r\000e\000n\000c\000e\000s}{section.10}% 197
\BOOKMARK [1][-]{section.11}{\376\377\000R\000F\000C\000-\0000\0000\0001\0003\000:\000\040\000R\000e\000t\000u\000r\000n\000\040\000p\000a\000t\000h\000\040\000i\000n\000c\000e\000n\000t\000i\000v\000i\000z\000a\000t\000i\000o\000n}{}% 198
\BOOKMARK [2][-]{subsection.11.1}{\376\377\0001\000.\000\040\000A\000b\000s\000t\000r\000a\000c\000t}{section.11}% 199
\BOOKMARK [2][-]{subsection.11.2}{\376\377\0002\000.\000\040\000M\000o\000t\000i\000v\000a\000t\000i\000o\000n}{section.11}% 200
\BOOKMARK [2][-]{subsection.11.3}{\376\377\0003\000.\000\040\000T\000e\000r\000m\000i\000n\000o\000l\000o\000g\000y}{section.11}% 201
\BOOKMARK [2][-]{subsection.11.4}{\376\377\0004\000.\000\040\000S\000p\000e\000c\000i\000f\000i\000c\000a\000t\000i\000o\000n}{section.11}% 202
\BOOKMARK [2][-]{subsection.11.5}{\376\377\0005\000.\000\040\000D\000e\000s\000i\000g\000n\000\040\000C\000o\000n\000s\000i\000d\000e\000r\000a\000t\000i\000o\000n\000s}{section.11}% 203
\BOOKMARK [2][-]{subsection.11.6}{\376\377\0006\000.\000\040\000C\000o\000m\000p\000a\000t\000i\000b\000i\000l\000i\000t\000y}{section.11}% 204
\BOOKMARK [2][-]{subsection.11.7}{\376\377\0007\000.\000\040\000S\000e\000c\000u\000r\000i\000t\000y\000\040\000C\000o\000n\000s\000i\000d\000e\000r\000a\000t\000i\000o\000n\000s}{section.11}% 205
\BOOKMARK [2][-]{subsection.11.8}{\376\377\0008\000.\000\040\000D\000r\000a\000w\000b\000a\000c\000k\000s}{section.11}% 206
\BOOKMARK [2][-]{subsection.11.9}{\376\377\0009\000.\000\040\000A\000l\000t\000e\000r\000n\000a\000t\000i\000v\000e\000s}{section.11}% 207
\BOOKMARK [2][-]{subsection.11.10}{\376\377\0001\0000\000.\000\040\000U\000n\000r\000e\000s\000o\000l\000v\000e\000d\000\040\000Q\000u\000e\000s\000t\000i\000o\000n\000s}{section.11}% 208
\BOOKMARK [2][-]{subsection.11.11}{\376\377\0001\0001\000.\000\040\000F\000u\000t\000u\000r\000e\000\040\000W\000o\000r\000k}{section.11}% 209
\BOOKMARK [2][-]{subsection.11.12}{\376\377\0001\0002\000.\000\040\000R\000e\000f\000e\000r\000e\000n\000c\000e\000s}{section.11}% 210
