This is pdfTeX, Version 3.141592653-2.6-1.40.27 (TeX Live 2025) (preloaded format=pdflatex 2025.9.11)  25 SEP 2025 18:14
entering extended mode
 restricted \write18 enabled.
 file:line:error style messages enabled.
 %&-line parsing enabled.
**/Users/michal/dev/hoprnet/rfc/latex/main.tex
(/Users/michal/dev/hoprnet/rfc/latex/main.tex
LaTeX2e <2024-11-01> patch level 2
L3 programming layer <2025-01-18>
(/usr/local/texlive/2025/texmf-dist/tex/latex/base/article.cls
Document Class: article 2024/06/29 v1.4n Standard LaTeX document class
(/usr/local/texlive/2025/texmf-dist/tex/latex/base/size10.clo
File: size10.clo 2024/06/29 v1.4n Standard LaTeX file (size option)
)
\c@part=\count196
\c@section=\count197
\c@subsection=\count198
\c@subsubsection=\count199
\c@paragraph=\count266
\c@subparagraph=\count267
\c@figure=\count268
\c@table=\count269
\abovecaptionskip=\skip49
\belowcaptionskip=\skip50
\bibindent=\dimen141
) (/usr/local/texlive/2025/texmf-dist/tex/latex/svg/svg.sty
Package: svg 2020/11/26 v2.02k (include SVG pictures)
 (/usr/local/texlive/2025/texmf-dist/tex/generic/iftex/iftex.sty
Package: iftex 2024/12/12 v1.0g TeX engine tests
) (/usr/local/texlive/2025/texmf-dist/tex/latex/koma-script/scrbase.sty
Package: scrbase 2024/10/24 v3.43 KOMA-Script package (KOMA-Script-independent basics and keyval usage)
 (/usr/local/texlive/2025/texmf-dist/tex/latex/koma-script/scrlfile.sty
Package: scrlfile 2024/10/24 v3.43 KOMA-Script package (file load hooks)
 (/usr/local/texlive/2025/texmf-dist/tex/latex/koma-script/scrlfile-hook.sty
Package: scrlfile-hook 2024/10/24 v3.43 KOMA-Script package (using LaTeX hooks)
 (/usr/local/texlive/2025/texmf-dist/tex/latex/koma-script/scrlogo.sty
Package: scrlogo 2024/10/24 v3.43 KOMA-Script package (logo)
))) (/usr/local/texlive/2025/texmf-dist/tex/latex/graphics/keyval.sty
Package: keyval 2022/05/29 v1.15 key=value parser (DPC)
\KV@toks@=\toks17
)
Applying: [2021/05/01] Usage of raw or classic option list on input line 254.
Already applied: [0000/00/00] Usage of raw or classic option list on input line 370.
) (/usr/local/texlive/2025/texmf-dist/tex/generic/pdftexcmds/pdftexcmds.sty
Package: pdftexcmds 2020-06-27 v0.33 Utility functions of pdfTeX for LuaTeX (HO)
 (/usr/local/texlive/2025/texmf-dist/tex/generic/infwarerr/infwarerr.sty
Package: infwarerr 2019/12/03 v1.5 Providing info/warning/error messages (HO)
) (/usr/local/texlive/2025/texmf-dist/tex/generic/ltxcmds/ltxcmds.sty
Package: ltxcmds 2023-12-04 v1.26 LaTeX kernel commands for general use (HO)
)
Package pdftexcmds Info: \pdf@primitive is available.
Package pdftexcmds Info: \pdf@ifprimitive is available.
Package pdftexcmds Info: \pdfdraftmode found.
) (/usr/local/texlive/2025/texmf-dist/tex/latex/trimspaces/trimspaces.sty
Package: trimspaces 2009/09/17 v1.1 Trim spaces around a token list
) (/usr/local/texlive/2025/texmf-dist/tex/latex/graphics/graphicx.sty
Package: graphicx 2021/09/16 v1.2d Enhanced LaTeX Graphics (DPC,SPQR)
 (/usr/local/texlive/2025/texmf-dist/tex/latex/graphics/graphics.sty
Package: graphics 2024/08/06 v1.4g Standard LaTeX Graphics (DPC,SPQR)
 (/usr/local/texlive/2025/texmf-dist/tex/latex/graphics/trig.sty
Package: trig 2023/12/02 v1.11 sin cos tan (DPC)
) (/usr/local/texlive/2025/texmf-dist/tex/latex/graphics-cfg/graphics.cfg
File: graphics.cfg 2016/06/04 v1.11 sample graphics configuration
)
Package graphics Info: Driver file: pdftex.def on input line 106.
 (/usr/local/texlive/2025/texmf-dist/tex/latex/graphics-def/pdftex.def
File: pdftex.def 2024/04/13 v1.2c Graphics/color driver for pdftex
))
\Gin@req@height=\dimen142
\Gin@req@width=\dimen143
) (/usr/local/texlive/2025/texmf-dist/tex/latex/tools/shellesc.sty
Package: shellesc 2023/07/08 v1.0d unified shell escape interface for LaTeX
Package shellesc Info: Restricted shell escape enabled on input line 77.
)
\c@svg@param@lastpage=\count270
\svg@box=\box52
\c@svg@param@currpage=\count271
) (/usr/local/texlive/2025/texmf-dist/tex/latex/xcolor/xcolor.sty
Package: xcolor 2024/09/29 v3.02 LaTeX color extensions (UK)
 (/usr/local/texlive/2025/texmf-dist/tex/latex/graphics-cfg/color.cfg
File: color.cfg 2016/01/02 v1.6 sample color configuration
)
Package xcolor Info: Driver file: pdftex.def on input line 274.
 (/usr/local/texlive/2025/texmf-dist/tex/latex/graphics/mathcolor.ltx)
Package xcolor Info: Model `cmy' substituted by `cmy0' on input line 1349.
Package xcolor Info: Model `hsb' substituted by `rgb' on input line 1353.
Package xcolor Info: Model `RGB' extended on input line 1365.
Package xcolor Info: Model `HTML' substituted by `rgb' on input line 1367.
Package xcolor Info: Model `Hsb' substituted by `hsb' on input line 1368.
Package xcolor Info: Model `tHsb' substituted by `hsb' on input line 1369.
Package xcolor Info: Model `HSB' substituted by `hsb' on input line 1370.
Package xcolor Info: Model `Gray' substituted by `gray' on input line 1371.
Package xcolor Info: Model `wave' substituted by `hsb' on input line 1372.
) (/usr/local/texlive/2025/texmf-dist/tex/latex/transparent/transparent.sty
Package: transparent 2022-10-27 v1.5 Transparency with color stacks
 (/usr/local/texlive/2025/texmf-dist/tex/latex/transparent/transparent-nometadata.sty
Package: transparent-nometadata 2022-10-27 v1.5 Transparency via pdfTeX's color stack (HO)
 (/usr/local/texlive/2025/texmf-dist/tex/latex/auxhook/auxhook.sty
Package: auxhook 2019-12-17 v1.6 Hooks for auxiliary files (HO)
))) (/usr/local/texlive/2025/texmf-dist/tex/latex/pgf/systemlayer/pgfsys.sty (/usr/local/texlive/2025/texmf-dist/tex/latex/pgf/utilities/pgfrcs.sty (/usr/local/texlive/2025/texmf-dist/tex/generic/pgf/utilities/pgfutil-common.tex
\pgfutil@everybye=\toks18
\pgfutil@tempdima=\dimen144
\pgfutil@tempdimb=\dimen145
) (/usr/local/texlive/2025/texmf-dist/tex/generic/pgf/utilities/pgfutil-latex.def
\pgfutil@abb=\box53
) (/usr/local/texlive/2025/texmf-dist/tex/generic/pgf/utilities/pgfrcs.code.tex (/usr/local/texlive/2025/texmf-dist/tex/generic/pgf/pgf.revision.tex)
Package: pgfrcs 2023-01-15 v3.1.10 (3.1.10)
)) (/usr/local/texlive/2025/texmf-dist/tex/generic/pgf/systemlayer/pgfsys.code.tex
Package: pgfsys 2023-01-15 v3.1.10 (3.1.10)
 (/usr/local/texlive/2025/texmf-dist/tex/generic/pgf/utilities/pgfkeys.code.tex
\pgfkeys@pathtoks=\toks19
\pgfkeys@temptoks=\toks20
 (/usr/local/texlive/2025/texmf-dist/tex/generic/pgf/utilities/pgfkeyslibraryfiltered.code.tex
\pgfkeys@tmptoks=\toks21
))
\pgf@x=\dimen146
\pgf@y=\dimen147
\pgf@xa=\dimen148
\pgf@ya=\dimen149
\pgf@xb=\dimen150
\pgf@yb=\dimen151
\pgf@xc=\dimen152
\pgf@yc=\dimen153
\pgf@xd=\dimen154
\pgf@yd=\dimen155
\w@pgf@writea=\write3
\r@pgf@reada=\read2
\c@pgf@counta=\count272
\c@pgf@countb=\count273
\c@pgf@countc=\count274
\c@pgf@countd=\count275
\t@pgf@toka=\toks22
\t@pgf@tokb=\toks23
\t@pgf@tokc=\toks24
\pgf@sys@id@count=\count276
 (/usr/local/texlive/2025/texmf-dist/tex/generic/pgf/systemlayer/pgf.cfg
File: pgf.cfg 2023-01-15 v3.1.10 (3.1.10)
)
Driver file for pgf: pgfsys-pdftex.def
 (/usr/local/texlive/2025/texmf-dist/tex/generic/pgf/systemlayer/pgfsys-pdftex.def
File: pgfsys-pdftex.def 2023-01-15 v3.1.10 (3.1.10)
 (/usr/local/texlive/2025/texmf-dist/tex/generic/pgf/systemlayer/pgfsys-common-pdf.def
File: pgfsys-common-pdf.def 2023-01-15 v3.1.10 (3.1.10)
))) (/usr/local/texlive/2025/texmf-dist/tex/generic/pgf/systemlayer/pgfsyssoftpath.code.tex
File: pgfsyssoftpath.code.tex 2023-01-15 v3.1.10 (3.1.10)
\pgfsyssoftpath@smallbuffer@items=\count277
\pgfsyssoftpath@bigbuffer@items=\count278
) (/usr/local/texlive/2025/texmf-dist/tex/generic/pgf/systemlayer/pgfsysprotocol.code.tex
File: pgfsysprotocol.code.tex 2023-01-15 v3.1.10 (3.1.10)
)) (/usr/local/texlive/2025/texmf-dist/tex/latex/l3backend/l3backend-pdftex.def
File: l3backend-pdftex.def 2024-05-08 L3 backend support: PDF output (pdfTeX)
\l__color_backend_stack_int=\count279
\l__pdf_internal_box=\box54
)
No file main.aux.
\openout1 = `main.aux'.

LaTeX Font Info:    Checking defaults for OML/cmm/m/it on input line 4.
LaTeX Font Info:    ... okay on input line 4.
LaTeX Font Info:    Checking defaults for OMS/cmsy/m/n on input line 4.
LaTeX Font Info:    ... okay on input line 4.
LaTeX Font Info:    Checking defaults for OT1/cmr/m/n on input line 4.
LaTeX Font Info:    ... okay on input line 4.
LaTeX Font Info:    Checking defaults for T1/cmr/m/n on input line 4.
LaTeX Font Info:    ... okay on input line 4.
LaTeX Font Info:    Checking defaults for TS1/cmr/m/n on input line 4.
LaTeX Font Info:    ... okay on input line 4.
LaTeX Font Info:    Checking defaults for OMX/cmex/m/n on input line 4.
LaTeX Font Info:    ... okay on input line 4.
LaTeX Font Info:    Checking defaults for U/cmr/m/n on input line 4.
LaTeX Font Info:    ... okay on input line 4.
(/usr/local/texlive/2025/texmf-dist/tex/context/base/mkii/supp-pdf.mkii
[Loading MPS to PDF converter (version 2006.09.02).]
\scratchcounter=\count280
\scratchdimen=\dimen156
\scratchbox=\box55
\nofMPsegments=\count281
\nofMParguments=\count282
\everyMPshowfont=\toks25
\MPscratchCnt=\count283
\MPscratchDim=\dimen157
\MPnumerator=\count284
\makeMPintoPDFobject=\count285
\everyMPtoPDFconversion=\toks26
) (/usr/local/texlive/2025/texmf-dist/tex/latex/epstopdf-pkg/epstopdf-base.sty
Package: epstopdf-base 2020-01-24 v2.11 Base part for package epstopdf
Package epstopdf-base Info: Redefining graphics rule for `.eps' on input line 485.
 (/usr/local/texlive/2025/texmf-dist/tex/latex/latexconfig/epstopdf-sys.cfg
File: epstopdf-sys.cfg 2010/07/13 v1.3 Configuration of (r)epstopdf for TeX Live
))
\openout2 = `generated/0001-rfc-process/0001-rfc-process-pandoc.aux'.

 (./generated/0001-rfc-process/0001-rfc-process-pandoc.tex
Overfull \hbox (6.70454pt too wide) in paragraph at lines 2--2
[]\OT1/cmr/bx/n/14.4 RFC-0001: RFC Life Cy-cle, Pro-cess and Struc-
 []

./generated/0001-rfc-process/0001-rfc-process-pandoc.tex:5: Undefined control sequence.
l.5 \tightlist
              
The control sequence at the end of the top line
of your error message was never \def'ed. If you have
misspelled it (e.g., `\hobx'), type `I' and the correct
spelling (e.g., `I\hbox'). Otherwise just continue,
and I'll forget about whatever was undefined.

./generated/0001-rfc-process/0001-rfc-process-pandoc.tex:64: Undefined control sequence.
l.64 \pandocbounded
                   {\includesvg[keepaspectratio]{mermaid_1.svg}}
The control sequence at the end of the top line
of your error message was never \def'ed. If you have
misspelled it (e.g., `\hobx'), type `I' and the correct
spelling (e.g., `I\hbox'). Otherwise just continue,
and I'll forget about whatever was undefined.


./generated/0001-rfc-process/0001-rfc-process-pandoc.tex:64: Package svg Error: File `mermaid_1.svg' is missing.

See the svg package documentation for explanation.
Type  H <return>  for immediate help.
 ...                                              
                                                  
l.64 ...includesvg[keepaspectratio]{mermaid_1.svg}
                                                  }
There's no file `mermaid_1.svg'
neither in the current directory nor any other searched
path given by \svgpath or \graphicspath.
No additional path was given.

./generated/0001-rfc-process/0001-rfc-process-pandoc.tex:66: Undefined control sequence.
\@svsechd ...p \z@ \relax \@svsec \texorpdfstring 
                                                  {4.1.1. \textbf {Mermaid D...
l.66 \paragraph
               {\texorpdfstring{4.1.2. \textbf{Stage
The control sequence at the end of the top line
of your error message was never \def'ed. If you have
misspelled it (e.g., `\hobx'), type `I' and the correct
spelling (e.g., `I\hbox'). Otherwise just continue,
and I'll forget about whatever was undefined.

./generated/0001-rfc-process/0001-rfc-process-pandoc.tex:66: Undefined control sequence.
<argument> ...raph\endcsname }\fi \texorpdfstring 
                                                  {4.1.1. \textbf {Mermaid D...
l.66 \paragraph
               {\texorpdfstring{4.1.2. \textbf{Stage
The control sequence at the end of the top line
of your error message was never \def'ed. If you have
misspelled it (e.g., `\hobx'), type `I' and the correct
spelling (e.g., `I\hbox'). Otherwise just continue,
and I'll forget about whatever was undefined.



[1


{/usr/local/texlive/2025/texmf-var/fonts/map/pdftex/updmap/pdftex.map}{/usr/local/texlive/2025/texmf-dist/fonts/enc/dvips/cm-super/cm-super-ts1.enc}]
./generated/0001-rfc-process/0001-rfc-process-pandoc.tex:69: Undefined control sequence.
\@svsechd ...p \z@ \relax \@svsec \texorpdfstring 
                                                  {4.1.2. \textbf {Stage Des...
l.69 \begin{itemize}
                    
The control sequence at the end of the top line
of your error message was never \def'ed. If you have
misspelled it (e.g., `\hobx'), type `I' and the correct
spelling (e.g., `I\hbox'). Otherwise just continue,
and I'll forget about whatever was undefined.

./generated/0001-rfc-process/0001-rfc-process-pandoc.tex:69: Undefined control sequence.
<argument> ...raph\endcsname }\fi \texorpdfstring 
                                                  {4.1.2. \textbf {Stage Des...
l.69 \begin{itemize}
                    
The control sequence at the end of the top line
of your error message was never \def'ed. If you have
misspelled it (e.g., `\hobx'), type `I' and the correct
spelling (e.g., `I\hbox'). Otherwise just continue,
and I'll forget about whatever was undefined.

./generated/0001-rfc-process/0001-rfc-process-pandoc.tex:70: Undefined control sequence.
l.70 \tightlist
               
The control sequence at the end of the top line
of your error message was never \def'ed. If you have
misspelled it (e.g., `\hobx'), type `I' and the correct
spelling (e.g., `I\hbox'). Otherwise just continue,
and I'll forget about whatever was undefined.


./generated/0001-rfc-process/0001-rfc-process-pandoc.tex:114: LaTeX Error: Environment Shaded undefined.

See the LaTeX manual or LaTeX Companion for explanation.
Type  H <return>  for immediate help.
 ...                                              
                                                  
l.114 \begin{Shaded}
                    
Your command was ignored.
Type  I <command> <return>  to replace it with another command,
or  <return>  to continue without it.


./generated/0001-rfc-process/0001-rfc-process-pandoc.tex:115: LaTeX Error: Environment Highlighting undefined.

See the LaTeX manual or LaTeX Companion for explanation.
Type  H <return>  for immediate help.
 ...                                              
                                                  
l.115 \begin{Highlighting}
                          []
Your command was ignored.
Type  I <command> <return>  to replace it with another command,
or  <return>  to continue without it.

./generated/0001-rfc-process/0001-rfc-process-pandoc.tex:116: Undefined control sequence.
l.116 \NormalTok
                {RFC{-}0001{-}rfc{-}life{-}cycle{-}process/}
The control sequence at the end of the top line
of your error message was never \def'ed. If you have
misspelled it (e.g., `\hobx'), type `I' and the correct
spelling (e.g., `I\hbox'). Otherwise just continue,
and I'll forget about whatever was undefined.

./generated/0001-rfc-process/0001-rfc-process-pandoc.tex:117: Undefined control sequence.
l.117 \NormalTok
                {│}
The control sequence at the end of the top line
of your error message was never \def'ed. If you have
misspelled it (e.g., `\hobx'), type `I' and the correct
spelling (e.g., `I\hbox'). Otherwise just continue,
and I'll forget about whatever was undefined.


./generated/0001-rfc-process/0001-rfc-process-pandoc.tex:117: LaTeX Error: Unicode character │ (U+2502)
               not set up for use with LaTeX.

See the LaTeX manual or LaTeX Companion for explanation.
Type  H <return>  for immediate help.
 ...                                              
                                                  
l.117 \NormalTok{│
                    }
You may provide a definition with
\DeclareUnicodeCharacter 

./generated/0001-rfc-process/0001-rfc-process-pandoc.tex:118: Undefined control sequence.
l.118 \NormalTok
                {├── 0001{-}rfc{-}life{-}cycle{-}process.md}
The control sequence at the end of the top line
of your error message was never \def'ed. If you have
misspelled it (e.g., `\hobx'), type `I' and the correct
spelling (e.g., `I\hbox'). Otherwise just continue,
and I'll forget about whatever was undefined.


./generated/0001-rfc-process/0001-rfc-process-pandoc.tex:118: LaTeX Error: Unicode character ├ (U+251C)
               not set up for use with LaTeX.

See the LaTeX manual or LaTeX Companion for explanation.
Type  H <return>  for immediate help.
 ...                                              
                                                  
l.118 \NormalTok{├
                    ── 0001{-}rfc{-}life{-}cycle{-}process.md}
You may provide a definition with
\DeclareUnicodeCharacter 


./generated/0001-rfc-process/0001-rfc-process-pandoc.tex:118: LaTeX Error: Unicode character ─ (U+2500)
               not set up for use with LaTeX.

See the LaTeX manual or LaTeX Companion for explanation.
Type  H <return>  for immediate help.
 ...                                              
                                                  
l.118 \NormalTok{├─
                       ─ 0001{-}rfc{-}life{-}cycle{-}process.md}
You may provide a definition with
\DeclareUnicodeCharacter 


./generated/0001-rfc-process/0001-rfc-process-pandoc.tex:118: LaTeX Error: Unicode character ─ (U+2500)
               not set up for use with LaTeX.

See the LaTeX manual or LaTeX Companion for explanation.
Type  H <return>  for immediate help.
 ...                                              
                                                  
l.118 \NormalTok{├──
                           0001{-}rfc{-}life{-}cycle{-}process.md}
You may provide a definition with
\DeclareUnicodeCharacter 

./generated/0001-rfc-process/0001-rfc-process-pandoc.tex:119: Undefined control sequence.
l.119 \NormalTok
                {├── errata/}
The control sequence at the end of the top line
of your error message was never \def'ed. If you have
misspelled it (e.g., `\hobx'), type `I' and the correct
spelling (e.g., `I\hbox'). Otherwise just continue,
and I'll forget about whatever was undefined.


./generated/0001-rfc-process/0001-rfc-process-pandoc.tex:119: LaTeX Error: Unicode character ├ (U+251C)
               not set up for use with LaTeX.

See the LaTeX manual or LaTeX Companion for explanation.
Type  H <return>  for immediate help.
 ...                                              
                                                  
l.119 \NormalTok{├
                    ── errata/}
You may provide a definition with
\DeclareUnicodeCharacter 


./generated/0001-rfc-process/0001-rfc-process-pandoc.tex:119: LaTeX Error: Unicode character ─ (U+2500)
               not set up for use with LaTeX.

See the LaTeX manual or LaTeX Companion for explanation.
Type  H <return>  for immediate help.
 ...                                              
                                                  
l.119 \NormalTok{├─
                       ─ errata/}
You may provide a definition with
\DeclareUnicodeCharacter 


./generated/0001-rfc-process/0001-rfc-process-pandoc.tex:119: LaTeX Error: Unicode character ─ (U+2500)
               not set up for use with LaTeX.

See the LaTeX manual or LaTeX Companion for explanation.
Type  H <return>  for immediate help.
 ...                                              
                                                  
l.119 \NormalTok{├──
                           errata/}
You may provide a definition with
\DeclareUnicodeCharacter 

./generated/0001-rfc-process/0001-rfc-process-pandoc.tex:120: Undefined control sequence.
l.120 \NormalTok
                {│   └── 0001{-}v1.0.1{-}erratum.md}
The control sequence at the end of the top line
of your error message was never \def'ed. If you have
misspelled it (e.g., `\hobx'), type `I' and the correct
spelling (e.g., `I\hbox'). Otherwise just continue,
and I'll forget about whatever was undefined.


./generated/0001-rfc-process/0001-rfc-process-pandoc.tex:120: LaTeX Error: Unicode character │ (U+2502)
               not set up for use with LaTeX.

See the LaTeX manual or LaTeX Companion for explanation.
Type  H <return>  for immediate help.
 ...                                              
                                                  
l.120 \NormalTok{│
                       └── 0001{-}v1.0.1{-}erratum.md}
You may provide a definition with
\DeclareUnicodeCharacter 


./generated/0001-rfc-process/0001-rfc-process-pandoc.tex:120: LaTeX Error: Unicode character └ (U+2514)
               not set up for use with LaTeX.

See the LaTeX manual or LaTeX Companion for explanation.
Type  H <return>  for immediate help.
 ...                                              
                                                  
l.120 \NormalTok{│   └
                          ── 0001{-}v1.0.1{-}erratum.md}
You may provide a definition with
\DeclareUnicodeCharacter 


./generated/0001-rfc-process/0001-rfc-process-pandoc.tex:120: LaTeX Error: Unicode character ─ (U+2500)
               not set up for use with LaTeX.

See the LaTeX manual or LaTeX Companion for explanation.
Type  H <return>  for immediate help.
 ...                                              
                                                  
l.120 \NormalTok{│   └─
                             ─ 0001{-}v1.0.1{-}erratum.md}
You may provide a definition with
\DeclareUnicodeCharacter 


./generated/0001-rfc-process/0001-rfc-process-pandoc.tex:120: LaTeX Error: Unicode character ─ (U+2500)
               not set up for use with LaTeX.

See the LaTeX manual or LaTeX Companion for explanation.
Type  H <return>  for immediate help.
 ...                                              
                                                  
l.120 \NormalTok{│   └──
                                 0001{-}v1.0.1{-}erratum.md}
You may provide a definition with
\DeclareUnicodeCharacter 

./generated/0001-rfc-process/0001-rfc-process-pandoc.tex:121: Undefined control sequence.
l.121 \NormalTok
                {└── assets/}
The control sequence at the end of the top line
of your error message was never \def'ed. If you have
misspelled it (e.g., `\hobx'), type `I' and the correct
spelling (e.g., `I\hbox'). Otherwise just continue,
and I'll forget about whatever was undefined.


./generated/0001-rfc-process/0001-rfc-process-pandoc.tex:121: LaTeX Error: Unicode character └ (U+2514)
               not set up for use with LaTeX.

See the LaTeX manual or LaTeX Companion for explanation.
Type  H <return>  for immediate help.
 ...                                              
                                                  
l.121 \NormalTok{└
                    ── assets/}
You may provide a definition with
\DeclareUnicodeCharacter 


./generated/0001-rfc-process/0001-rfc-process-pandoc.tex:121: LaTeX Error: Unicode character ─ (U+2500)
               not set up for use with LaTeX.

See the LaTeX manual or LaTeX Companion for explanation.
Type  H <return>  for immediate help.
 ...                                              
                                                  
l.121 \NormalTok{└─
                       ─ assets/}
You may provide a definition with
\DeclareUnicodeCharacter 


./generated/0001-rfc-process/0001-rfc-process-pandoc.tex:121: LaTeX Error: Unicode character ─ (U+2500)
               not set up for use with LaTeX.

See the LaTeX manual or LaTeX Companion for explanation.
Type  H <return>  for immediate help.
 ...                                              
                                                  
l.121 \NormalTok{└──
                           assets/}
You may provide a definition with
\DeclareUnicodeCharacter 

./generated/0001-rfc-process/0001-rfc-process-pandoc.tex:122: Undefined control sequence.
l.122 \NormalTok
                {    └── life{-}cycle{-}overview.png}
The control sequence at the end of the top line
of your error message was never \def'ed. If you have
misspelled it (e.g., `\hobx'), type `I' and the correct
spelling (e.g., `I\hbox'). Otherwise just continue,
and I'll forget about whatever was undefined.


./generated/0001-rfc-process/0001-rfc-process-pandoc.tex:122: LaTeX Error: Unicode character └ (U+2514)
               not set up for use with LaTeX.

See the LaTeX manual or LaTeX Companion for explanation.
Type  H <return>  for immediate help.
 ...                                              
                                                  
l.122 \NormalTok{    └
                        ── life{-}cycle{-}overview.png}
You may provide a definition with
\DeclareUnicodeCharacter 


./generated/0001-rfc-process/0001-rfc-process-pandoc.tex:122: LaTeX Error: Unicode character ─ (U+2500)
               not set up for use with LaTeX.

See the LaTeX manual or LaTeX Companion for explanation.
Type  H <return>  for immediate help.
 ...                                              
                                                  
l.122 \NormalTok{    └─
                           ─ life{-}cycle{-}overview.png}
You may provide a definition with
\DeclareUnicodeCharacter 


./generated/0001-rfc-process/0001-rfc-process-pandoc.tex:122: LaTeX Error: Unicode character ─ (U+2500)
               not set up for use with LaTeX.

See the LaTeX manual or LaTeX Companion for explanation.
Type  H <return>  for immediate help.
 ...                                              
                                                  
l.122 \NormalTok{    └──
                               life{-}cycle{-}overview.png}
You may provide a definition with
\DeclareUnicodeCharacter 


./generated/0001-rfc-process/0001-rfc-process-pandoc.tex:123: LaTeX Error: \begin{document} ended by \end{Highlighting}.

See the LaTeX manual or LaTeX Companion for explanation.
Type  H <return>  for immediate help.
 ...                                              
                                                  
l.123 \end{Highlighting}
                        
Your command was ignored.
Type  I <command> <return>  to replace it with another command,
or  <return>  to continue without it.


./generated/0001-rfc-process/0001-rfc-process-pandoc.tex:124: LaTeX Error: \begin{document} ended by \end{Shaded}.

See the LaTeX manual or LaTeX Companion for explanation.
Type  H <return>  for immediate help.
 ...                                              
                                                  
l.124 \end{Shaded}
                  
Your command was ignored.
Type  I <command> <return>  to replace it with another command,
or  <return>  to continue without it.


Overfull \hbox (2.3338pt too wide) in paragraph at lines 115--125
\OT1/cmr/m/n/10 [] RFC-0001-rfc-life-cycle-process/   0001-rfc-life-cycle-process.md  er-rata/   0001-
 []

./generated/0001-rfc-process/0001-rfc-process-pandoc.tex:131: Undefined control sequence.
l.131 \tightlist
                
The control sequence at the end of the top line
of your error message was never \def'ed. If you have
misspelled it (e.g., `\hobx'), type `I' and the correct
spelling (e.g., `I\hbox'). Otherwise just continue,
and I'll forget about whatever was undefined.



[2]

./generated/0001-rfc-process/0001-rfc-process-pandoc.tex:156: LaTeX Error: Environment Shaded undefined.

See the LaTeX manual or LaTeX Companion for explanation.
Type  H <return>  for immediate help.
 ...                                              
                                                  
l.156 \begin{Shaded}
                    
Your command was ignored.
Type  I <command> <return>  to replace it with another command,
or  <return>  to continue without it.


./generated/0001-rfc-process/0001-rfc-process-pandoc.tex:157: LaTeX Error: Environment Highlighting undefined.

See the LaTeX manual or LaTeX Companion for explanation.
Type  H <return>  for immediate help.
 ...                                              
                                                  
l.157 \begin{Highlighting}
                          []
Your command was ignored.
Type  I <command> <return>  to replace it with another command,
or  <return>  to continue without it.

./generated/0001-rfc-process/0001-rfc-process-pandoc.tex:158: Undefined control sequence.
l.158 \FunctionTok
                  {\# RFC{-}XXXX: [Title]}
The control sequence at the end of the top line
of your error message was never \def'ed. If you have
misspelled it (e.g., `\hobx'), type `I' and the correct
spelling (e.g., `I\hbox'). Otherwise just continue,
and I'll forget about whatever was undefined.

./generated/0001-rfc-process/0001-rfc-process-pandoc.tex:160: Undefined control sequence.
l.160 \SpecialStringTok
                       {{-} }\NormalTok{**RFC Number:** XXXX}
The control sequence at the end of the top line
of your error message was never \def'ed. If you have
misspelled it (e.g., `\hobx'), type `I' and the correct
spelling (e.g., `I\hbox'). Otherwise just continue,
and I'll forget about whatever was undefined.

./generated/0001-rfc-process/0001-rfc-process-pandoc.tex:160: Undefined control sequence.
l.160 \SpecialStringTok{{-} }\NormalTok
                                       {**RFC Number:** XXXX}
The control sequence at the end of the top line
of your error message was never \def'ed. If you have
misspelled it (e.g., `\hobx'), type `I' and the correct
spelling (e.g., `I\hbox'). Otherwise just continue,
and I'll forget about whatever was undefined.

./generated/0001-rfc-process/0001-rfc-process-pandoc.tex:161: Undefined control sequence.
l.161 \SpecialStringTok
                       {{-} }\NormalTok{**Title:** }\CommentTok{[}\OtherTok{...
The control sequence at the end of the top line
of your error message was never \def'ed. If you have
misspelled it (e.g., `\hobx'), type `I' and the correct
spelling (e.g., `I\hbox'). Otherwise just continue,
and I'll forget about whatever was undefined.

./generated/0001-rfc-process/0001-rfc-process-pandoc.tex:161: Undefined control sequence.
l.161 \SpecialStringTok{{-} }\NormalTok
                                       {**Title:** }\CommentTok{[}\OtherTok{...
The control sequence at the end of the top line
of your error message was never \def'ed. If you have
misspelled it (e.g., `\hobx'), type `I' and the correct
spelling (e.g., `I\hbox'). Otherwise just continue,
and I'll forget about whatever was undefined.

./generated/0001-rfc-process/0001-rfc-process-pandoc.tex:161: Undefined control sequence.
l.161 ...k{{-} }\NormalTok{**Title:** }\CommentTok
                                                  {[}\OtherTok{Title in Titl...
The control sequence at the end of the top line
of your error message was never \def'ed. If you have
misspelled it (e.g., `\hobx'), type `I' and the correct
spelling (e.g., `I\hbox'). Otherwise just continue,
and I'll forget about whatever was undefined.

./generated/0001-rfc-process/0001-rfc-process-pandoc.tex:161: Undefined control sequence.
l.161 ...alTok{**Title:** }\CommentTok{[}\OtherTok
                                                  {Title in Title Case}\Comm...
The control sequence at the end of the top line
of your error message was never \def'ed. If you have
misspelled it (e.g., `\hobx'), type `I' and the correct
spelling (e.g., `I\hbox'). Otherwise just continue,
and I'll forget about whatever was undefined.

./generated/0001-rfc-process/0001-rfc-process-pandoc.tex:161: Undefined control sequence.
l.161 ...\OtherTok{Title in Title Case}\CommentTok
                                                  {]}
The control sequence at the end of the top line
of your error message was never \def'ed. If you have
misspelled it (e.g., `\hobx'), type `I' and the correct
spelling (e.g., `I\hbox'). Otherwise just continue,
and I'll forget about whatever was undefined.

./generated/0001-rfc-process/0001-rfc-process-pandoc.tex:162: Undefined control sequence.
l.162 \SpecialStringTok
                       {{-} }\NormalTok{**Status:** Raw | Discussion | Revie...
The control sequence at the end of the top line
of your error message was never \def'ed. If you have
misspelled it (e.g., `\hobx'), type `I' and the correct
spelling (e.g., `I\hbox'). Otherwise just continue,
and I'll forget about whatever was undefined.

./generated/0001-rfc-process/0001-rfc-process-pandoc.tex:162: Undefined control sequence.
l.162 \SpecialStringTok{{-} }\NormalTok
                                       {**Status:** Raw | Discussion | Revie...
The control sequence at the end of the top line
of your error message was never \def'ed. If you have
misspelled it (e.g., `\hobx'), type `I' and the correct
spelling (e.g., `I\hbox'). Otherwise just continue,
and I'll forget about whatever was undefined.

./generated/0001-rfc-process/0001-rfc-process-pandoc.tex:163: Undefined control sequence.
l.163 \SpecialStringTok
                       {{-} }\NormalTok{**Author(s):** }\CommentTok{[}\Other...
The control sequence at the end of the top line
of your error message was never \def'ed. If you have
misspelled it (e.g., `\hobx'), type `I' and the correct
spelling (e.g., `I\hbox'). Otherwise just continue,
and I'll forget about whatever was undefined.

./generated/0001-rfc-process/0001-rfc-process-pandoc.tex:163: Undefined control sequence.
l.163 \SpecialStringTok{{-} }\NormalTok
                                       {**Author(s):** }\CommentTok{[}\Other...
The control sequence at the end of the top line
of your error message was never \def'ed. If you have
misspelled it (e.g., `\hobx'), type `I' and the correct
spelling (e.g., `I\hbox'). Otherwise just continue,
and I'll forget about whatever was undefined.

./generated/0001-rfc-process/0001-rfc-process-pandoc.tex:163: Undefined control sequence.
l.163 ...} }\NormalTok{**Author(s):** }\CommentTok
                                                  {[}\OtherTok{Name (GitHub ...
The control sequence at the end of the top line
of your error message was never \def'ed. If you have
misspelled it (e.g., `\hobx'), type `I' and the correct
spelling (e.g., `I\hbox'). Otherwise just continue,
and I'll forget about whatever was undefined.

./generated/0001-rfc-process/0001-rfc-process-pandoc.tex:163: Undefined control sequence.
l.163 ...k{**Author(s):** }\CommentTok{[}\OtherTok
                                                  {Name (GitHub Handle)}\Com...
The control sequence at the end of the top line
of your error message was never \def'ed. If you have
misspelled it (e.g., `\hobx'), type `I' and the correct
spelling (e.g., `I\hbox'). Otherwise just continue,
and I'll forget about whatever was undefined.

./generated/0001-rfc-process/0001-rfc-process-pandoc.tex:163: Undefined control sequence.
l.163 ...OtherTok{Name (GitHub Handle)}\CommentTok
                                                  {]}
The control sequence at the end of the top line
of your error message was never \def'ed. If you have
misspelled it (e.g., `\hobx'), type `I' and the correct
spelling (e.g., `I\hbox'). Otherwise just continue,
and I'll forget about whatever was undefined.

./generated/0001-rfc-process/0001-rfc-process-pandoc.tex:164: Undefined control sequence.
l.164 \SpecialStringTok
                       {{-} }\NormalTok{**Created:** YYYY{-}MM{-}DD}
The control sequence at the end of the top line
of your error message was never \def'ed. If you have
misspelled it (e.g., `\hobx'), type `I' and the correct
spelling (e.g., `I\hbox'). Otherwise just continue,
and I'll forget about whatever was undefined.

./generated/0001-rfc-process/0001-rfc-process-pandoc.tex:164: Undefined control sequence.
l.164 \SpecialStringTok{{-} }\NormalTok
                                       {**Created:** YYYY{-}MM{-}DD}
The control sequence at the end of the top line
of your error message was never \def'ed. If you have
misspelled it (e.g., `\hobx'), type `I' and the correct
spelling (e.g., `I\hbox'). Otherwise just continue,
and I'll forget about whatever was undefined.

./generated/0001-rfc-process/0001-rfc-process-pandoc.tex:165: Undefined control sequence.
l.165 \SpecialStringTok
                       {{-} }\NormalTok{**Updated:** YYYY{-}MM{-}DD}
The control sequence at the end of the top line
of your error message was never \def'ed. If you have
misspelled it (e.g., `\hobx'), type `I' and the correct
spelling (e.g., `I\hbox'). Otherwise just continue,
and I'll forget about whatever was undefined.

./generated/0001-rfc-process/0001-rfc-process-pandoc.tex:165: Undefined control sequence.
l.165 \SpecialStringTok{{-} }\NormalTok
                                       {**Updated:** YYYY{-}MM{-}DD}
The control sequence at the end of the top line
of your error message was never \def'ed. If you have
misspelled it (e.g., `\hobx'), type `I' and the correct
spelling (e.g., `I\hbox'). Otherwise just continue,
and I'll forget about whatever was undefined.

./generated/0001-rfc-process/0001-rfc-process-pandoc.tex:166: Undefined control sequence.
l.166 \SpecialStringTok
                       {{-} }\NormalTok{**Version:** vX.X.X (Status)}
The control sequence at the end of the top line
of your error message was never \def'ed. If you have
misspelled it (e.g., `\hobx'), type `I' and the correct
spelling (e.g., `I\hbox'). Otherwise just continue,
and I'll forget about whatever was undefined.

./generated/0001-rfc-process/0001-rfc-process-pandoc.tex:166: Undefined control sequence.
l.166 \SpecialStringTok{{-} }\NormalTok
                                       {**Version:** vX.X.X (Status)}
The control sequence at the end of the top line
of your error message was never \def'ed. If you have
misspelled it (e.g., `\hobx'), type `I' and the correct
spelling (e.g., `I\hbox'). Otherwise just continue,
and I'll forget about whatever was undefined.

./generated/0001-rfc-process/0001-rfc-process-pandoc.tex:167: Undefined control sequence.
l.167 \SpecialStringTok
                       {{-} }\NormalTok{**Supersedes:** RFC{-}YYYY (if appli...
The control sequence at the end of the top line
of your error message was never \def'ed. If you have
misspelled it (e.g., `\hobx'), type `I' and the correct
spelling (e.g., `I\hbox'). Otherwise just continue,
and I'll forget about whatever was undefined.

./generated/0001-rfc-process/0001-rfc-process-pandoc.tex:167: Undefined control sequence.
l.167 \SpecialStringTok{{-} }\NormalTok
                                       {**Supersedes:** RFC{-}YYYY (if appli...
The control sequence at the end of the top line
of your error message was never \def'ed. If you have
misspelled it (e.g., `\hobx'), type `I' and the correct
spelling (e.g., `I\hbox'). Otherwise just continue,
and I'll forget about whatever was undefined.

./generated/0001-rfc-process/0001-rfc-process-pandoc.tex:168: Undefined control sequence.
l.168 \SpecialStringTok
                       {{-} }\NormalTok{**Related Links:** }\CommentTok{[}\O...
The control sequence at the end of the top line
of your error message was never \def'ed. If you have
misspelled it (e.g., `\hobx'), type `I' and the correct
spelling (e.g., `I\hbox'). Otherwise just continue,
and I'll forget about whatever was undefined.

./generated/0001-rfc-process/0001-rfc-process-pandoc.tex:168: Undefined control sequence.
l.168 \SpecialStringTok{{-} }\NormalTok
                                       {**Related Links:** }\CommentTok{[}\O...
The control sequence at the end of the top line
of your error message was never \def'ed. If you have
misspelled it (e.g., `\hobx'), type `I' and the correct
spelling (e.g., `I\hbox'). Otherwise just continue,
and I'll forget about whatever was undefined.

./generated/0001-rfc-process/0001-rfc-process-pandoc.tex:168: Undefined control sequence.
l.168 ...NormalTok{**Related Links:** }\CommentTok
                                                  {[}\OtherTok{RFC{-}XXXX}\C...
The control sequence at the end of the top line
of your error message was never \def'ed. If you have
misspelled it (e.g., `\hobx'), type `I' and the correct
spelling (e.g., `I\hbox'). Otherwise just continue,
and I'll forget about whatever was undefined.

./generated/0001-rfc-process/0001-rfc-process-pandoc.tex:168: Undefined control sequence.
l.168 ...Related Links:** }\CommentTok{[}\OtherTok
                                                  {RFC{-}XXXX}\CommentTok{](...
The control sequence at the end of the top line
of your error message was never \def'ed. If you have
misspelled it (e.g., `\hobx'), type `I' and the correct
spelling (e.g., `I\hbox'). Otherwise just continue,
and I'll forget about whatever was undefined.

./generated/0001-rfc-process/0001-rfc-process-pandoc.tex:168: Undefined control sequence.
l.168 ...entTok{[}\OtherTok{RFC{-}XXXX}\CommentTok
                                                  {](../RFC{-}XXXX{-}[slug]/...
The control sequence at the end of the top line
of your error message was never \def'ed. If you have
misspelled it (e.g., `\hobx'), type `I' and the correct
spelling (e.g., `I\hbox'). Otherwise just continue,
and I'll forget about whatever was undefined.

./generated/0001-rfc-process/0001-rfc-process-pandoc.tex:168: Undefined control sequence.
l.168 ...XXX{-}[slug]/XXXX{-}[slug].md)}\NormalTok
                                                  { | none}
The control sequence at the end of the top line
of your error message was never \def'ed. If you have
misspelled it (e.g., `\hobx'), type `I' and the correct
spelling (e.g., `I\hbox'). Otherwise just continue,
and I'll forget about whatever was undefined.


./generated/0001-rfc-process/0001-rfc-process-pandoc.tex:169: LaTeX Error: \begin{document} ended by \end{Highlighting}.

See the LaTeX manual or LaTeX Companion for explanation.
Type  H <return>  for immediate help.
 ...                                              
                                                  
l.169 \end{Highlighting}
                        
Your command was ignored.
Type  I <command> <return>  to replace it with another command,
or  <return>  to continue without it.


./generated/0001-rfc-process/0001-rfc-process-pandoc.tex:170: LaTeX Error: \begin{document} ended by \end{Shaded}.

See the LaTeX manual or LaTeX Companion for explanation.
Type  H <return>  for immediate help.
 ...                                              
                                                  
l.170 \end{Shaded}
                  
Your command was ignored.
Type  I <command> <return>  to replace it with another command,
or  <return>  to continue without it.

./generated/0001-rfc-process/0001-rfc-process-pandoc.tex:180: Undefined control sequence.
l.180 \tightlist
                
The control sequence at the end of the top line
of your error message was never \def'ed. If you have
misspelled it (e.g., `\hobx'), type `I' and the correct
spelling (e.g., `I\hbox'). Otherwise just continue,
and I'll forget about whatever was undefined.


Overfull \hbox (60.85832pt too wide) in paragraph at lines 192--194
[]\OT1/cmr/m/n/10 Example: \OT1/cmtt/m/n/10 [RFC-0002](../RFC-0002-mixnet-keywords/0002-mixnet-keywords.md),
 []


Overfull \hbox (63.24669pt too wide) in paragraph at lines 192--194
\OT1/cmtt/m/n/10 [RFC-0004](../RFC-0004-hopr-packet-protocol/0004-hopr-packet-protocol.md) 
 []

./generated/0001-rfc-process/0001-rfc-process-pandoc.tex:200: Undefined control sequence.
l.200 \tightlist
                
The control sequence at the end of the top line
of your error message was never \def'ed. If you have
misspelled it (e.g., `\hobx'), type `I' and the correct
spelling (e.g., `I\hbox'). Otherwise just continue,
and I'll forget about whatever was undefined.



[3]
Overfull \hbox (68.49664pt too wide) in paragraph at lines 215--215
 []\OT1/cmtt/m/n/10 [XX] Author(s). (Year). [Title](URL). _Publication_, Volume(Issue), pages.[] 
 []


Overfull \hbox (693.2412pt too wide) in paragraph at lines 221--221
 []\OT1/cmtt/m/n/10 [01] Chaum, D. (1981). [Untraceable Electronic Mail, Return Addresses, and Digital Pseudonyms](https://www.freehaven.net/anonbib/cache/chaum-mix.pdf). _Communications of the ACM, 24_(2), 84-90.[] 
 []

./generated/0001-rfc-process/0001-rfc-process-pandoc.tex:230: Undefined control sequence.
l.230 \tightlist
                
The control sequence at the end of the top line
of your error message was never \def'ed. If you have
misspelled it (e.g., `\hobx'), type `I' and the correct
spelling (e.g., `I\hbox'). Otherwise just continue,
and I'll forget about whatever was undefined.

./generated/0001-rfc-process/0001-rfc-process-pandoc.tex:243: Undefined control sequence.
l.243 \tightlist
                
The control sequence at the end of the top line
of your error message was never \def'ed. If you have
misspelled it (e.g., `\hobx'), type `I' and the correct
spelling (e.g., `I\hbox'). Otherwise just continue,
and I'll forget about whatever was undefined.

./generated/0001-rfc-process/0001-rfc-process-pandoc.tex:254: Undefined control sequence.
l.254 \tightlist
                
The control sequence at the end of the top line
of your error message was never \def'ed. If you have
misspelled it (e.g., `\hobx'), type `I' and the correct
spelling (e.g., `I\hbox'). Otherwise just continue,
and I'll forget about whatever was undefined.


Overfull \hbox (11.04054pt too wide) in paragraph at lines 261--263
[]\OT1/cmr/m/n/10 Breaking changes \OT1/cmr/bx/n/10 MUST \OT1/cmr/m/n/10 be re-flected in a ma-jor ver-sion in-cre-ment (\OT1/cmtt/m/n/10 v2.0.0\OT1/cmr/m/n/10 ). 
 []

./generated/0001-rfc-process/0001-rfc-process-pandoc.tex:268: Undefined control sequence.
l.268 \tightlist
                
The control sequence at the end of the top line
of your error message was never \def'ed. If you have
misspelled it (e.g., `\hobx'), type `I' and the correct
spelling (e.g., `I\hbox'). Otherwise just continue,
and I'll forget about whatever was undefined.

./generated/0001-rfc-process/0001-rfc-process-pandoc.tex:279: Undefined control sequence.
l.279 \tightlist
                
The control sequence at the end of the top line
of your error message was never \def'ed. If you have
misspelled it (e.g., `\hobx'), type `I' and the correct
spelling (e.g., `I\hbox'). Otherwise just continue,
and I'll forget about whatever was undefined.

./generated/0001-rfc-process/0001-rfc-process-pandoc.tex:287: Undefined control sequence.
l.287 \tightlist
                
The control sequence at the end of the top line
of your error message was never \def'ed. If you have
misspelled it (e.g., `\hobx'), type `I' and the correct
spelling (e.g., `I\hbox'). Otherwise just continue,
and I'll forget about whatever was undefined.



[4]
./generated/0001-rfc-process/0001-rfc-process-pandoc.tex:295: Undefined control sequence.
l.295 \tightlist
                
The control sequence at the end of the top line
of your error message was never \def'ed. If you have
misspelled it (e.g., `\hobx'), type `I' and the correct
spelling (e.g., `I\hbox'). Otherwise just continue,
and I'll forget about whatever was undefined.

./generated/0001-rfc-process/0001-rfc-process-pandoc.tex:307: Undefined control sequence.
l.307 \tightlist
                
The control sequence at the end of the top line
of your error message was never \def'ed. If you have
misspelled it (e.g., `\hobx'), type `I' and the correct
spelling (e.g., `I\hbox'). Otherwise just continue,
and I'll forget about whatever was undefined.

./generated/0001-rfc-process/0001-rfc-process-pandoc.tex:319: Undefined control sequence.
l.319 \href
           {https://datatracker.ietf.org/doc/html/rfc2119}{Key words for use
The control sequence at the end of the top line
of your error message was never \def'ed. If you have
misspelled it (e.g., `\hobx'), type `I' and the correct
spelling (e.g., `I\hbox'). Otherwise just continue,
and I'll forget about whatever was undefined.


Overfull \hbox (4.46378pt too wide) in paragraph at lines 318--321
\OT1/cmr/m/n/10 [01] Brad-ner, S. (1997). https://datatracker.ietf.org/doc/html/rfc2119Key words
 []

./generated/0001-rfc-process/0001-rfc-process-pandoc.tex:322: Undefined control sequence.
l.322 {[}02{]} \href
                    {https://www.rfc-editor.org/styleguide/}{RFC Editor Style
The control sequence at the end of the top line
of your error message was never \def'ed. If you have
misspelled it (e.g., `\hobx'), type `I' and the correct
spelling (e.g., `I\hbox'). Otherwise just continue,
and I'll forget about whatever was undefined.

./generated/0001-rfc-process/0001-rfc-process-pandoc.tex:325: Undefined control sequence.
l.325 {[}03{]} \href
                    {https://github.com/rust-lang/rfcs}{Rust RFC Process}.
The control sequence at the end of the top line
of your error message was never \def'ed. If you have
misspelled it (e.g., `\hobx'), type `I' and the correct
spelling (e.g., `I\hbox'). Otherwise just continue,
and I'll forget about whatever was undefined.

./generated/0001-rfc-process/0001-rfc-process-pandoc.tex:328: Undefined control sequence.
l.328 {[}04{]} \href
                    {https://rfc.zeromq.org}{ZeroMQ RFC Process}. ZeroMQ
The control sequence at the end of the top line
of your error message was never \def'ed. If you have
misspelled it (e.g., `\hobx'), type `I' and the correct
spelling (e.g., `I\hbox'). Otherwise just continue,
and I'll forget about whatever was undefined.

./generated/0001-rfc-process/0001-rfc-process-pandoc.tex:331: Undefined control sequence.
l.331 {[}05{]} \href
                    {https://github.com/vacp2p/rfc-index}{VACP2P RFC Index}.
The control sequence at the end of the top line
of your error message was never \def'ed. If you have
misspelled it (e.g., `\hobx'), type `I' and the correct
spelling (e.g., `I\hbox'). Otherwise just continue,
and I'll forget about whatever was undefined.

)
Overfull \hbox (6.32251pt too wide) in paragraph at lines 331--5
[]\OT1/cmr/m/n/10 [05] https://github.com/vacp2p/rfc-indexVACP2P RFC In-dex. Vac Re-search. 
 []



[5] (./main.aux (./generated/0001-rfc-process/0001-rfc-process-pandoc.aux))
 ***********
LaTeX2e <2024-11-01> patch level 2
L3 programming layer <2025-01-18>
 ***********


LaTeX Warning: Label(s) may have changed. Rerun to get cross-references right.

 ) 
Here is how much of TeX's memory you used:
 4222 strings out of 473190
 84267 string characters out of 5715800
 501878 words of memory out of 5000000
 27402 multiletter control sequences out of 15000+600000
 561204 words of font info for 44 fonts, out of 8000000 for 9000
 1141 hyphenation exceptions out of 8191
 94i,5n,93p,360b,224s stack positions out of 10000i,1000n,20000p,200000b,200000s
</usr/local/texlive/2025/texmf-dist/fonts/type1/public/amsfonts/cm/cmbx10.pfb></usr/local/texlive/2025/texmf-dist/fonts/type1/public/amsfonts/cm/cmbx12.pfb></usr/local/texlive/2025/texmf-dist/fonts/type1/public/amsfonts/cm/cmr10.pfb></usr/local/texlive/2025/texmf-dist/fonts/type1/public/amsfonts/cm/cmti10.pfb></usr/local/texlive/2025/texmf-dist/fonts/type1/public/amsfonts/cm/cmtt10.pfb></usr/local/texlive/2025/texmf-dist/fonts/type1/public/cm-super/sfrm1000.pfb>
Output written on main.pdf (5 pages, 105198 bytes).
PDF statistics:
 54 PDF objects out of 1000 (max. 8388607)
 34 compressed objects within 1 object stream
 0 named destinations out of 1000 (max. 500000)
 13 words of extra memory for PDF output out of 10000 (max. 10000000)

