\BOOKMARK [1][-]{section.1}{\376\377\000R\000F\000C\000-\0000\0000\0000\0001\000:\000\040\000R\000F\000C\000\040\000L\000i\000f\000e\000c\000y\000c\000l\000e\000,\000\040\000P\000r\000o\000c\000e\000s\000s\000\040\000a\000n\000d\000\040\000S\000t\000r\000u\000c\000t\000u\000r\000e}{}% 1
\BOOKMARK [2][-]{subsection*.1}{\376\377\0001\000.\000\040\000A\000b\000s\000t\000r\000a\000c\000t}{section.1}% 2
\BOOKMARK [2][-]{subsection*.2}{\376\377\0002\000.\000\040\000M\000o\000t\000i\000v\000a\000t\000i\000o\000n}{section.1}% 3
\BOOKMARK [2][-]{subsection*.3}{\376\377\0003\000.\000\040\000T\000e\000r\000m\000i\000n\000o\000l\000o\000g\000y}{section.1}% 4
\BOOKMARK [2][-]{subsection*.4}{\376\377\0004\000.\000\040\000S\000p\000e\000c\000i\000f\000i\000c\000a\000t\000i\000o\000n}{section.1}% 5
\BOOKMARK [3][-]{subsubsection*.5}{\376\377\0004\000.\0001\000.\000\040\000R\000F\000C\000\040\000L\000i\000f\000e\000c\000y\000c\000l\000e\000\040\000S\000t\000a\000g\000e\000s}{subsection*.4}% 6
\BOOKMARK [3][-]{subsubsection*.8}{\376\377\0004\000.\0002\000.\000\040\000F\000i\000l\000e\000\040\000S\000t\000r\000u\000c\000t\000u\000r\000e}{subsection*.4}% 7
\BOOKMARK [3][-]{subsubsection*.9}{\376\377\0004\000.\0003\000.\000\040\000V\000a\000l\000i\000d\000a\000t\000i\000o\000n\000\040\000R\000u\000l\000e\000s}{subsection*.4}% 8
\BOOKMARK [3][-]{subsubsection*.10}{\376\377\0004\000.\0004\000.\000\040\000R\000F\000C\000\040\000D\000o\000c\000u\000m\000e\000n\000t\000\040\000S\000t\000r\000u\000c\000t\000u\000r\000e}{subsection*.4}% 9
\BOOKMARK [2][-]{subsection*.17}{\376\377\0005\000.\000\040\000D\000e\000s\000i\000g\000n\000\040\000C\000o\000n\000s\000i\000d\000e\000r\000a\000t\000i\000o\000n\000s}{section.1}% 10
\BOOKMARK [2][-]{subsection*.18}{\376\377\0006\000.\000\040\000C\000o\000m\000p\000a\000t\000i\000b\000i\000l\000i\000t\000y}{section.1}% 11
\BOOKMARK [2][-]{subsection*.19}{\376\377\0007\000.\000\040\000S\000e\000c\000u\000r\000i\000t\000y\000\040\000C\000o\000n\000s\000i\000d\000e\000r\000a\000t\000i\000o\000n\000s}{section.1}% 12
\BOOKMARK [2][-]{subsection*.20}{\376\377\0008\000.\000\040\000U\000n\000r\000e\000s\000o\000l\000v\000e\000d\000\040\000Q\000u\000e\000s\000t\000i\000o\000n\000s}{section.1}% 13
\BOOKMARK [2][-]{subsection*.21}{\376\377\0009\000.\000\040\000F\000u\000t\000u\000r\000e\000\040\000W\000o\000r\000k}{section.1}% 14
\BOOKMARK [2][-]{subsection*.22}{\376\377\0001\0000\000.\000\040\000R\000e\000f\000e\000r\000e\000n\000c\000e\000s}{section.1}% 15
\BOOKMARK [1][-]{section.2}{\376\377\000R\000F\000C\000-\0000\0000\0000\0002\000:\000\040\000C\000o\000m\000m\000o\000n\000\040\000m\000i\000x\000n\000e\000t\000\040\000t\000e\000r\000m\000s\000\040\000a\000n\000d\000\040\000k\000e\000y\000w\000o\000r\000d\000s}{}% 16
\BOOKMARK [2][-]{subsection*.23}{\376\377\0001\000.\000\040\000A\000b\000s\000t\000r\000a\000c\000t}{section.2}% 17
\BOOKMARK [2][-]{subsection*.24}{\376\377\0002\000.\000\040\000M\000o\000t\000i\000v\000a\000t\000i\000o\000n}{section.2}% 18
\BOOKMARK [2][-]{subsection*.25}{\376\377\0003\000.\000\040\000T\000e\000r\000m\000i\000n\000o\000l\000o\000g\000y}{section.2}% 19
\BOOKMARK [2][-]{subsection*.26}{\376\377\0004\000.\000\040\000R\000e\000f\000e\000r\000e\000n\000c\000e\000s}{section.2}% 20
\BOOKMARK [1][-]{section.3}{\376\377\000R\000F\000C\000-\0000\0000\0000\0003\000:\000\040\000H\000O\000P\000R\000\040\000O\000v\000e\000r\000v\000i\000e\000w}{}% 21
\BOOKMARK [2][-]{subsection*.27}{\376\377\0001\000.\000\040\000A\000b\000s\000t\000r\000a\000c\000t}{section.3}% 22
\BOOKMARK [2][-]{subsection*.28}{\376\377\0002\000.\000\040\000M\000o\000t\000i\000v\000a\000t\000i\000o\000n}{section.3}% 23
\BOOKMARK [2][-]{subsection*.29}{\376\377\0003\000.\000\040\000T\000e\000r\000m\000i\000n\000o\000l\000o\000g\000y}{section.3}% 24
\BOOKMARK [2][-]{subsection*.30}{\376\377\0004\000.\000\040\000N\000e\000t\000w\000o\000r\000k\000\040\000O\000v\000e\000r\000v\000i\000e\000w}{section.3}% 25
\BOOKMARK [3][-]{subsubsection*.31}{\376\377\0004\000.\0001\000\040\000N\000e\000t\000w\000o\000r\000k\000\040\000A\000r\000c\000h\000i\000t\000e\000c\000t\000u\000r\000e}{subsection*.30}% 26
\BOOKMARK [3][-]{subsubsection*.32}{\376\377\0004\000.\0002\000\040\000P\000a\000t\000h\000\040\000C\000o\000n\000s\000t\000r\000u\000c\000t\000i\000o\000n}{subsection*.30}% 27
\BOOKMARK [3][-]{subsubsection*.33}{\376\377\0004\000.\0003\000\040\000E\000c\000o\000n\000o\000m\000i\000c\000\040\000I\000n\000c\000e\000n\000t\000i\000v\000e\000s}{subsection*.30}% 28
\BOOKMARK [3][-]{subsubsection*.34}{\376\377\0004\000.\0004\000\040\000P\000r\000i\000v\000a\000c\000y\000\040\000P\000r\000o\000p\000e\000r\000t\000i\000e\000s}{subsection*.30}% 29
\BOOKMARK [2][-]{subsection*.35}{\376\377\0005\000.\000\040\000P\000r\000o\000t\000o\000c\000o\000l\000\040\000O\000v\000e\000r\000v\000i\000e\000w}{section.3}% 30
\BOOKMARK [3][-]{subsubsection*.36}{\376\377\0005\000.\0001\000\040\000P\000r\000o\000t\000o\000c\000o\000l\000\040\000A\000r\000c\000h\000i\000t\000e\000c\000t\000u\000r\000e}{subsection*.35}% 31
\BOOKMARK [3][-]{subsubsection*.37}{\376\377\0005\000.\0002\000\040\000C\000o\000r\000e\000\040\000P\000r\000o\000t\000o\000c\000o\000l\000\040\000C\000o\000m\000p\000o\000n\000e\000n\000t\000s}{subsection*.35}% 32
\BOOKMARK [3][-]{subsubsection*.43}{\376\377\0005\000.\0003\000\040\000P\000r\000o\000t\000o\000c\000o\000l\000\040\000F\000l\000o\000w}{subsection*.35}% 33
\BOOKMARK [3][-]{subsubsection*.44}{\376\377\0005\000.\0004\000\040\000I\000n\000t\000e\000g\000r\000a\000t\000i\000o\000n\000\040\000P\000o\000i\000n\000t\000s}{subsection*.35}% 34
\BOOKMARK [2][-]{subsection*.45}{\376\377\0006\000.\000\040\000R\000e\000f\000e\000r\000e\000n\000c\000e\000s}{section.3}% 35
\BOOKMARK [1][-]{section.4}{\376\377\000R\000F\000C\000-\0000\0000\0000\0004\000:\000\040\000H\000O\000P\000R\000\040\000P\000a\000c\000k\000e\000t\000\040\000P\000r\000o\000t\000o\000c\000o\000l}{}% 36
\BOOKMARK [2][-]{subsection*.46}{\376\377\0001\000.\000\040\000A\000b\000s\000t\000r\000a\000c\000t}{section.4}% 37
\BOOKMARK [2][-]{subsection*.47}{\376\377\0002\000.\000\040\000I\000n\000t\000r\000o\000d\000u\000c\000t\000i\000o\000n}{section.4}% 38
\BOOKMARK [3][-]{subsubsection*.48}{\376\377\0002\000.\0001\000.\000\040\000C\000o\000n\000v\000e\000n\000t\000i\000o\000n\000s\000\040\000a\000n\000d\000\040\000t\000e\000r\000m\000i\000n\000o\000l\000o\000g\000y}{subsection*.47}% 39
\BOOKMARK [3][-]{subsubsection*.49}{\376\377\0002\000.\0002\000.\000\040\000G\000l\000o\000b\000a\000l\000\040\000p\000a\000c\000k\000e\000t\000\040\000f\000o\000r\000m\000a\000t\000\040\000p\000a\000r\000a\000m\000e\000t\000e\000r\000s}{subsection*.47}% 40
\BOOKMARK [2][-]{subsection*.50}{\376\377\0003\000.\000\040\000F\000o\000r\000w\000a\000r\000d\000\040\000p\000a\000c\000k\000e\000t\000\040\000c\000r\000e\000a\000t\000i\000o\000n}{section.4}% 41
\BOOKMARK [3][-]{subsubsection*.51}{\376\377\0003\000.\0001\000.\000\040\000P\000a\000r\000t\000i\000a\000l\000\040\000t\000i\000c\000k\000e\000t\000\040\000c\000r\000e\000a\000t\000i\000o\000n}{subsection*.50}% 42
\BOOKMARK [3][-]{subsubsection*.52}{\376\377\0003\000.\0002\000.\000\040\000G\000e\000n\000e\000r\000a\000t\000i\000n\000g\000\040\000t\000h\000e\000\040\000S\000h\000a\000r\000e\000d\000\040\000s\000e\000c\000r\000e\000t\000s}{subsection*.50}% 43
\BOOKMARK [3][-]{subsubsection*.53}{\376\377\0003\000.\0003\000.\000\040\000G\000e\000n\000e\000r\000a\000t\000i\000n\000g\000\040\000t\000h\000e\000\040\000P\000r\000o\000o\000f\000\040\000o\000f\000\040\000R\000e\000l\000a\000y}{subsection*.50}% 44
\BOOKMARK [3][-]{subsubsection*.54}{\376\377\0003\000.\0004\000.\000\040\000F\000o\000r\000w\000a\000r\000d\000\040\000m\000e\000t\000a\000\040\000p\000a\000c\000k\000e\000t\000\040\000c\000r\000e\000a\000t\000i\000o\000n}{subsection*.50}% 45
\BOOKMARK [3][-]{subsubsection*.60}{\376\377\0003\000.\0005\000.\000\040\000F\000i\000n\000a\000l\000\040\000f\000o\000r\000w\000a\000r\000d\000\040\000p\000a\000c\000k\000e\000t\000\040\000o\000v\000e\000r\000v\000i\000e\000w}{subsection*.50}% 46
\BOOKMARK [2][-]{subsection*.61}{\376\377\0004\000.\000\040\000R\000e\000p\000l\000y\000\040\000p\000a\000c\000k\000e\000t\000\040\000c\000r\000e\000a\000t\000i\000o\000n}{section.4}% 47
\BOOKMARK [3][-]{subsubsection*.62}{\376\377\0004\000.\0001\000.\000\040\000R\000e\000p\000l\000y\000\040\000p\000a\000c\000k\000e\000t\000\040\000t\000i\000c\000k\000e\000t\000\040\000c\000r\000e\000a\000t\000i\000o\000n}{subsection*.61}% 48
\BOOKMARK [3][-]{subsubsection*.63}{\376\377\0004\000.\0002\000.\000\040\000R\000e\000p\000l\000y\000\040\000m\000e\000t\000a\000\040\000p\000a\000c\000k\000e\000t\000\040\000c\000r\000e\000a\000t\000i\000o\000n}{subsection*.61}% 49
\BOOKMARK [2][-]{subsection*.66}{\376\377\0005\000.\000\040\000P\000a\000c\000k\000e\000t\000\040\000p\000r\000o\000c\000e\000s\000s\000i\000n\000g}{section.4}% 50
\BOOKMARK [3][-]{subsubsection*.67}{\376\377\0005\000.\0001\000.\000\040\000A\000d\000v\000a\000n\000c\000i\000n\000g\000\040\000t\000h\000e\000\040\000A\000l\000p\000h\000a\000\040\000v\000a\000l\000u\000e}{subsection*.66}% 51
\BOOKMARK [3][-]{subsubsection*.68}{\376\377\0005\000.\0002\000.\000\040\000H\000e\000a\000d\000e\000r\000\040\000p\000r\000o\000c\000e\000s\000s\000i\000n\000g}{subsection*.66}% 52
\BOOKMARK [3][-]{subsubsection*.69}{\376\377\0005\000.\0003\000.\000\040\000P\000a\000c\000k\000e\000t\000\040\000p\000r\000o\000c\000e\000s\000s\000i\000n\000g}{subsection*.66}% 53
\BOOKMARK [3][-]{subsubsection*.75}{\376\377\0005\000.\0004\000.\000\040\000T\000i\000c\000k\000e\000t\000\040\000v\000e\000r\000i\000f\000i\000c\000a\000t\000i\000o\000n\000\040\000a\000n\000d\000\040\000a\000c\000k\000n\000o\000w\000l\000e\000d\000g\000e\000m\000e\000n\000t}{subsection*.66}% 54
\BOOKMARK [2][-]{subsection*.76}{\376\377\0006\000.\000\040\000A\000p\000p\000e\000n\000d\000i\000x\000\040\000A}{section.4}% 55
\BOOKMARK [2][-]{subsection*.77}{\376\377\0007\000.\000\040\000R\000e\000f\000e\000r\000e\000n\000c\000e\000s}{section.4}% 56
\BOOKMARK [1][-]{section.5}{\376\377\000R\000F\000C\000-\0000\0000\0000\0005\000:\000\040\000P\000r\000o\000o\000f\000\040\000o\000f\000\040\000R\000e\000l\000a\000y}{}% 57
\BOOKMARK [2][-]{subsection*.78}{\376\377\0001\000.\000\040\000A\000b\000s\000t\000r\000a\000c\000t}{section.5}% 58
\BOOKMARK [2][-]{subsection*.79}{\376\377\0002\000.\000\040\000M\000o\000t\000i\000v\000a\000t\000i\000o\000n}{section.5}% 59
\BOOKMARK [2][-]{subsection*.80}{\376\377\0003\000.\000\040\000T\000e\000r\000m\000i\000n\000o\000l\000o\000g\000y}{section.5}% 60
\BOOKMARK [3][-]{subsubsection*.81}{\376\377\0003\000.\0001\000.\000\040\000C\000r\000y\000p\000t\000o\000g\000r\000a\000p\000h\000i\000c\000\040\000a\000n\000d\000\040\000s\000e\000c\000u\000r\000i\000t\000y\000\040\000p\000a\000r\000a\000m\000e\000t\000e\000r\000s}{subsection*.80}% 61
\BOOKMARK [2][-]{subsection*.82}{\376\377\0004\000.\000\040\000P\000a\000y\000m\000e\000n\000t\000\040\000c\000h\000a\000n\000n\000e\000l\000s}{section.5}% 62
\BOOKMARK [3][-]{subsubsection*.83}{\376\377\0004\000.\0001\000.\000\040\000P\000a\000y\000m\000e\000n\000t\000\040\000c\000h\000a\000n\000n\000e\000l\000\040\000l\000i\000f\000e\000-\000c\000y\000c\000l\000e}{subsection*.82}% 63
\BOOKMARK [2][-]{subsection*.84}{\376\377\0005\000.\000\040\000T\000i\000c\000k\000e\000t\000s}{section.5}% 64
\BOOKMARK [3][-]{subsubsection*.85}{\376\377\0005\000.\0001\000.\000\040\000T\000i\000c\000k\000e\000t\000\040\000s\000t\000r\000u\000c\000t\000u\000r\000e\000\040\000e\000n\000c\000o\000d\000i\000n\000g}{subsection*.84}% 65
\BOOKMARK [3][-]{subsubsection*.86}{\376\377\0005\000.\0002\000.\000\040\000C\000o\000n\000s\000t\000r\000u\000c\000t\000i\000o\000n\000\040\000o\000f\000\040\000P\000r\000o\000o\000f\000-\000o\000f\000-\000R\000e\000l\000a\000y\000\040\000\050\000P\000o\000R\000\051\000\040\000s\000e\000c\000r\000e\000t\000s}{subsection*.84}% 66
\BOOKMARK [3][-]{subsubsection*.88}{\376\377\0005\000.\0003\000\040\000C\000r\000e\000a\000t\000i\000o\000n\000\040\000o\000f\000\040\000t\000h\000e\000\040\000t\000i\000c\000k\000e\000t\000\040\000f\000o\000r\000\040\000t\000h\000e\000\040\000f\000i\000r\000s\000t\000\040\000r\000e\000l\000a\000y\000e\000r}{subsection*.84}% 67
\BOOKMARK [3][-]{subsubsection*.91}{\376\377\0005\000.\0004\000.\000\040\000T\000i\000c\000k\000e\000t\000\040\000p\000r\000o\000c\000e\000s\000s\000i\000n\000g\000\040\000a\000t\000\040\000a\000\040\000n\000o\000d\000e}{subsection*.84}% 68
\BOOKMARK [2][-]{subsection*.98}{\376\377\0006\000\040\000T\000i\000c\000k\000e\000t\000\040\000a\000n\000d\000\040\000C\000h\000a\000n\000n\000e\000l\000\040\000i\000n\000t\000e\000r\000a\000c\000t\000i\000o\000n\000s}{section.5}% 69
\BOOKMARK [3][-]{subsubsection*.99}{\376\377\0006\000.\0001\000.\000\040\000D\000i\000s\000c\000o\000v\000e\000r\000i\000n\000g\000\040\000a\000c\000k\000n\000o\000w\000l\000e\000d\000g\000e\000d\000\040\000w\000i\000n\000n\000i\000n\000g\000\040\000t\000i\000c\000k\000e\000t\000s}{subsection*.98}% 70
\BOOKMARK [3][-]{subsubsection*.100}{\376\377\0006\000.\0002\000.\000\040\000C\000l\000a\000i\000m\000i\000n\000g\000\040\000a\000\040\000w\000i\000n\000n\000i\000n\000g\000\040\000t\000i\000c\000k\000e\000t}{subsection*.98}% 71
\BOOKMARK [2][-]{subsection*.101}{\376\377\0007\000.\000\040\000A\000p\000p\000e\000n\000d\000i\000x\000\040\0001}{section.5}% 72
\BOOKMARK [2][-]{subsection*.102}{\376\377\0008\000.\000\040\000A\000p\000p\000e\000n\000d\000i\000x\000\040\0002}{section.5}% 73
\BOOKMARK [3][-]{subsubsection*.103}{\376\377\0008\000.\0001\000.\000\040\000A\000l\000l\000o\000w\000e\000d\000\040\000t\000r\000a\000n\000s\000i\000t\000i\000o\000n\000s}{subsection*.102}% 74
\BOOKMARK [2][-]{subsection*.104}{\376\377\0009\000.\000\040\000A\000p\000p\000e\000n\000d\000i\000x\000\040\0003}{section.5}% 75
\BOOKMARK [2][-]{subsection*.105}{\376\377\0001\0000\000.\000\040\000R\000e\000f\000e\000r\000e\000n\000c\000e\000s}{section.5}% 76
\BOOKMARK [1][-]{section.6}{\376\377\000R\000F\000C\000-\0000\0000\0000\0006\000:\000\040\000H\000O\000P\000R\000\040\000M\000i\000x\000e\000r}{}% 77
\BOOKMARK [2][-]{subsection*.106}{\376\377\0001\000.\000\040\000A\000b\000s\000t\000r\000a\000c\000t}{section.6}% 78
\BOOKMARK [2][-]{subsection*.107}{\376\377\0002\000.\000\040\000M\000o\000t\000i\000v\000a\000t\000i\000o\000n}{section.6}% 79
\BOOKMARK [2][-]{subsection*.108}{\376\377\0003\000.\000\040\000T\000e\000r\000m\000i\000n\000o\000l\000o\000g\000y}{section.6}% 80
\BOOKMARK [2][-]{subsection*.109}{\376\377\0004\000.\000\040\000S\000p\000e\000c\000i\000f\000i\000c\000a\000t\000i\000o\000n}{section.6}% 81
\BOOKMARK [3][-]{subsubsection*.110}{\376\377\0004\000.\0001\000.\000\040\000O\000v\000e\000r\000v\000i\000e\000w}{subsection*.109}% 82
\BOOKMARK [3][-]{subsubsection*.111}{\376\377\0004\000.\0002\000.\000\040\000C\000o\000n\000f\000i\000g\000u\000r\000a\000t\000i\000o\000n\000\040\000P\000a\000r\000a\000m\000e\000t\000e\000r\000s}{subsection*.109}% 83
\BOOKMARK [3][-]{subsubsection*.112}{\376\377\0004\000.\0003\000.\000\040\000C\000o\000r\000e\000\040\000C\000o\000m\000p\000o\000n\000e\000n\000t\000s}{subsection*.109}% 84
\BOOKMARK [3][-]{subsubsection*.115}{\376\377\0004\000.\0004\000.\000\040\000O\000p\000e\000r\000a\000t\000i\000o\000n\000a\000l\000\040\000B\000e\000h\000a\000v\000i\000o\000u\000r}{subsection*.109}% 85
\BOOKMARK [3][-]{subsubsection*.118}{\376\377\0004\000.\0005\000.\000\040\000S\000p\000e\000c\000i\000a\000l\000\040\000C\000a\000s\000e\000s}{subsection*.109}% 86
\BOOKMARK [2][-]{subsection*.120}{\376\377\0005\000.\000\040\000D\000e\000s\000i\000g\000n\000\040\000C\000o\000n\000s\000i\000d\000e\000r\000a\000t\000i\000o\000n\000s}{section.6}% 87
\BOOKMARK [3][-]{subsubsection*.121}{\376\377\0005\000.\0001\000.\000\040\000P\000e\000r\000f\000o\000r\000m\000a\000n\000c\000e\000\040\000O\000p\000t\000i\000m\000i\000s\000a\000t\000i\000o\000n}{subsection*.120}% 88
\BOOKMARK [3][-]{subsubsection*.122}{\376\377\0005\000.\0002\000.\000\040\000A\000b\000u\000s\000e\000\040\000R\000e\000s\000i\000s\000t\000a\000n\000c\000e\000\040\000a\000n\000d\000\040\000R\000e\000s\000o\000u\000r\000c\000e\000\040\000L\000i\000m\000i\000t\000s}{subsection*.120}% 89
\BOOKMARK [3][-]{subsubsection*.123}{\376\377\0005\000.\0003\000.\000\040\000M\000o\000n\000i\000t\000o\000r\000i\000n\000g\000\040\000a\000n\000d\000\040\000M\000e\000t\000r\000i\000c\000s}{subsection*.120}% 90
\BOOKMARK [2][-]{subsection*.124}{\376\377\0006\000.\000\040\000S\000e\000c\000u\000r\000i\000t\000y\000\040\000C\000o\000n\000s\000i\000d\000e\000r\000a\000t\000i\000o\000n\000s}{section.6}% 91
\BOOKMARK [3][-]{subsubsection*.125}{\376\377\0006\000.\0001\000.\000\040\000T\000h\000r\000e\000a\000t\000\040\000M\000o\000d\000e\000l}{subsection*.124}% 92
\BOOKMARK [3][-]{subsubsection*.126}{\376\377\0006\000.\0002\000.\000\040\000L\000i\000m\000i\000t\000a\000t\000i\000o\000n\000s}{subsection*.124}% 93
\BOOKMARK [2][-]{subsection*.127}{\376\377\0007\000.\000\040\000D\000r\000a\000w\000b\000a\000c\000k\000s}{section.6}% 94
\BOOKMARK [2][-]{subsection*.128}{\376\377\0008\000.\000\040\000A\000l\000t\000e\000r\000n\000a\000t\000i\000v\000e\000s}{section.6}% 95
\BOOKMARK [2][-]{subsection*.129}{\376\377\0009\000.\000\040\000U\000n\000r\000e\000s\000o\000l\000v\000e\000d\000\040\000Q\000u\000e\000s\000t\000i\000o\000n\000s}{section.6}% 96
\BOOKMARK [2][-]{subsection*.130}{\376\377\0001\0000\000.\000\040\000F\000u\000t\000u\000r\000e\000\040\000W\000o\000r\000k}{section.6}% 97
\BOOKMARK [2][-]{subsection*.131}{\376\377\0001\0001\000.\000\040\000R\000e\000f\000e\000r\000e\000n\000c\000e\000s}{section.6}% 98
\BOOKMARK [1][-]{section.7}{\376\377\000R\000F\000C\000-\0000\0000\0000\0007\000:\000\040\000E\000c\000o\000n\000o\000m\000i\000c\000\040\000R\000e\000w\000a\000r\000d\000\040\000S\000y\000s\000t\000e\000m}{}% 99
\BOOKMARK [2][-]{subsection*.132}{\376\377\0001\000.\000\040\000A\000b\000s\000t\000r\000a\000c\000t}{section.7}% 100
\BOOKMARK [2][-]{subsection*.133}{\376\377\0002\000.\000\040\000M\000o\000t\000i\000v\000a\000t\000i\000o\000n}{section.7}% 101
\BOOKMARK [2][-]{subsection*.134}{\376\377\0003\000.\000\040\000T\000e\000r\000m\000i\000n\000o\000l\000o\000g\000y}{section.7}% 102
\BOOKMARK [2][-]{subsection*.135}{\376\377\0004\000.\000\040\000S\000y\000s\000t\000e\000m\000\040\000O\000v\000e\000r\000v\000i\000e\000w}{section.7}% 103
\BOOKMARK [2][-]{subsection*.136}{\376\377\0005\000.\000\040\000D\000a\000t\000a\000\040\000C\000o\000l\000l\000e\000c\000t\000i\000o\000n\000\040\000a\000n\000d\000\040\000E\000n\000r\000i\000c\000h\000m\000e\000n\000t}{section.7}% 104
\BOOKMARK [3][-]{subsubsection*.137}{\376\377\0005\000.\0001\000\040\000D\000a\000t\000a\000\040\000S\000o\000u\000r\000c\000e\000s}{subsection*.136}% 105
\BOOKMARK [3][-]{subsubsection*.138}{\376\377\0005\000.\0002\000\040\000D\000a\000t\000a\000\040\000E\000n\000r\000i\000c\000h\000m\000e\000n\000t}{subsection*.136}% 106
\BOOKMARK [2][-]{subsection*.139}{\376\377\0006\000.\000\040\000P\000e\000e\000r\000\040\000e\000l\000i\000g\000i\000b\000i\000l\000i\000t\000y\000\040\000f\000i\000l\000t\000e\000r\000i\000n\000g}{section.7}% 107
\BOOKMARK [2][-]{subsection*.140}{\376\377\0007\000.\000\040\000E\000c\000o\000n\000o\000m\000i\000c\000\040\000M\000o\000d\000e\000l\000\040\000A\000p\000p\000l\000i\000c\000a\000t\000i\000o\000n}{section.7}% 108
\BOOKMARK [2][-]{subsection*.141}{\376\377\0008\000.\000\040\000M\000e\000s\000s\000a\000g\000e\000\040\000T\000i\000m\000i\000n\000g\000\040\000a\000n\000d\000\040\000D\000e\000l\000a\000y\000\040\000C\000a\000l\000c\000u\000l\000a\000t\000i\000o\000n}{section.7}% 109
\BOOKMARK [2][-]{subsection*.142}{\376\377\0009\000.\000\040\000M\000e\000s\000s\000a\000g\000e\000\040\000S\000e\000n\000d\000i\000n\000g\000\040\000A\000r\000c\000h\000i\000t\000e\000c\000t\000u\000r\000e}{section.7}% 110
\BOOKMARK [2][-]{subsection*.143}{\376\377\0001\0000\000.\000\040\000S\000e\000c\000u\000r\000i\000t\000y\000\040\000a\000n\000d\000\040\000M\000o\000n\000i\000t\000o\000r\000i\000n\000g}{section.7}% 111
\BOOKMARK [2][-]{subsection*.144}{\376\377\0001\0001\000.\000\040\000A\000p\000p\000e\000n\000d\000i\000x\000:\000\040\000D\000a\000t\000a\000\040\000S\000t\000r\000u\000c\000t\000u\000r\000e\000s}{section.7}% 112
\BOOKMARK [3][-]{subsubsection*.145}{\376\377\000R\000e\000g\000i\000s\000t\000e\000r\000e\000d\000\040\000N\000o\000d\000e}{subsection*.144}% 113
\BOOKMARK [3][-]{subsubsection*.146}{\376\377\000S\000a\000f\000e}{subsection*.144}% 114
\BOOKMARK [3][-]{subsubsection*.147}{\376\377\000A\000l\000l\000o\000c\000a\000t\000i\000o\000n}{subsection*.144}% 115
\BOOKMARK [3][-]{subsubsection*.148}{\376\377\000E\000O\000A\000\040\000B\000a\000l\000a\000n\000c\000e}{subsection*.144}% 116
\BOOKMARK [3][-]{subsubsection*.149}{\376\377\000T\000o\000p\000o\000l\000o\000g\000y\000\040\000E\000n\000t\000r\000y}{subsection*.144}% 117
\BOOKMARK [3][-]{subsubsection*.150}{\376\377\000P\000e\000e\000r\000\040\000\050\000E\000n\000r\000i\000c\000h\000e\000d\000\051}{subsection*.144}% 118
\BOOKMARK [2][-]{subsection*.151}{\376\377\0001\0002\000.\000\040\000R\000e\000f\000e\000r\000e\000n\000c\000e\000s}{section.7}% 119
\BOOKMARK [2][-]{subsection*.152}{\376\377\0001\0003\000.\000\040\000C\000h\000a\000n\000g\000e\000l\000o\000g}{section.7}% 120
\BOOKMARK [1][-]{section.8}{\376\377\000R\000F\000C\000-\0000\0000\0000\0008\000:\000\040\000S\000e\000s\000s\000i\000o\000n\000\040\000D\000a\000t\000a\000\040\000P\000r\000o\000t\000o\000c\000o\000l}{}% 121
\BOOKMARK [2][-]{subsection*.153}{\376\377\0001\000.\000\040\000A\000b\000s\000t\000r\000a\000c\000t}{section.8}% 122
\BOOKMARK [2][-]{subsection*.154}{\376\377\0002\000.\000\040\000M\000o\000t\000i\000v\000a\000t\000i\000o\000n}{section.8}% 123
\BOOKMARK [2][-]{subsection*.155}{\376\377\0003\000.\000\040\000T\000e\000r\000m\000i\000n\000o\000l\000o\000g\000y}{section.8}% 124
\BOOKMARK [2][-]{subsection*.156}{\376\377\0004\000.\000\040\000S\000p\000e\000c\000i\000f\000i\000c\000a\000t\000i\000o\000n}{section.8}% 125
\BOOKMARK [3][-]{subsubsection*.157}{\376\377\0004\000.\0001\000\040\000P\000r\000o\000t\000o\000c\000o\000l\000\040\000O\000v\000e\000r\000v\000i\000e\000w}{subsection*.156}% 126
\BOOKMARK [3][-]{subsubsection*.158}{\376\377\0004\000.\0002\000\040\000S\000e\000s\000s\000i\000o\000n\000\040\000D\000a\000t\000a\000\040\000P\000r\000o\000t\000o\000c\000o\000l\000\040\000M\000e\000s\000s\000a\000g\000e\000\040\000F\000o\000r\000m\000a\000t}{subsection*.156}% 127
\BOOKMARK [3][-]{subsubsection*.161}{\376\377\0004\000.\0003\000\040\000S\000e\000g\000m\000e\000n\000t\000\040\000M\000e\000s\000s\000a\000g\000e}{subsection*.156}% 128
\BOOKMARK [3][-]{subsubsection*.166}{\376\377\0004\000.\0004\000\040\000R\000e\000t\000r\000a\000n\000s\000m\000i\000s\000s\000i\000o\000n\000\040\000R\000e\000q\000u\000e\000s\000t\000\040\000M\000e\000s\000s\000a\000g\000e}{subsection*.156}% 129
\BOOKMARK [3][-]{subsubsection*.170}{\376\377\0004\000.\0005\000\040\000F\000r\000a\000m\000e\000\040\000A\000c\000k\000n\000o\000w\000l\000e\000d\000g\000e\000m\000e\000n\000t\000\040\000M\000e\000s\000s\000a\000g\000e}{subsection*.156}% 130
\BOOKMARK [3][-]{subsubsection*.173}{\376\377\0004\000.\0006\000\040\000P\000r\000o\000t\000o\000c\000o\000l\000\040\000S\000t\000a\000t\000e\000\040\000M\000a\000c\000h\000i\000n\000e\000s}{subsection*.156}% 131
\BOOKMARK [3][-]{subsubsection*.176}{\376\377\0004\000.\0007\000\040\000T\000i\000m\000i\000n\000g\000\040\000a\000n\000d\000\040\000R\000e\000l\000i\000a\000b\000i\000l\000i\000t\000y\000\040\000P\000a\000r\000a\000m\000e\000t\000e\000r\000s}{subsection*.156}% 132
\BOOKMARK [3][-]{subsubsection*.179}{\376\377\0004\000.\0008\000\040\000S\000e\000s\000s\000i\000o\000n\000\040\000T\000e\000r\000m\000i\000n\000a\000t\000i\000o\000n}{subsection*.156}% 133
\BOOKMARK [3][-]{subsubsection*.180}{\376\377\0004\000.\0009\000\040\000E\000x\000a\000m\000p\000l\000e\000\040\000M\000e\000s\000s\000a\000g\000e\000\040\000E\000x\000c\000h\000a\000n\000g\000e\000s}{subsection*.156}% 134
\BOOKMARK [2][-]{subsection*.186}{\376\377\0005\000.\000\040\000D\000e\000s\000i\000g\000n\000\040\000C\000o\000n\000s\000i\000d\000e\000r\000a\000t\000i\000o\000n\000s}{section.8}% 135
\BOOKMARK [3][-]{subsubsection*.187}{\376\377\0005\000.\0001\000\040\000M\000a\000x\000i\000m\000u\000m\000\040\000S\000e\000g\000m\000e\000n\000t\000s\000\040\000L\000i\000m\000i\000t\000a\000t\000i\000o\000n}{subsection*.186}% 136
\BOOKMARK [3][-]{subsubsection*.188}{\376\377\0005\000.\0002\000\040\000F\000r\000a\000m\000e\000\040\000I\000D\000\040\000S\000p\000a\000c\000e}{subsection*.186}% 137
\BOOKMARK [3][-]{subsubsection*.189}{\376\377\0005\000.\0003\000\040\000R\000e\000t\000r\000a\000n\000s\000m\000i\000s\000s\000i\000o\000n\000\040\000R\000e\000q\000u\000e\000s\000t\000\040\000D\000e\000s\000i\000g\000n}{subsection*.186}% 138
\BOOKMARK [3][-]{subsubsection*.190}{\376\377\0005\000.\0004\000\040\000P\000r\000o\000t\000o\000c\000o\000l\000\040\000O\000v\000e\000r\000h\000e\000a\000d}{subsection*.186}% 139
\BOOKMARK [2][-]{subsection*.191}{\376\377\0006\000.\000\040\000C\000o\000m\000p\000a\000t\000i\000b\000i\000l\000i\000t\000y}{section.8}% 140
\BOOKMARK [3][-]{subsubsection*.192}{\376\377\0006\000.\0001\000\040\000V\000e\000r\000s\000i\000o\000n\000\040\000C\000o\000m\000p\000a\000t\000i\000b\000i\000l\000i\000t\000y}{subsection*.191}% 141
\BOOKMARK [3][-]{subsubsection*.193}{\376\377\0006\000.\0002\000\040\000T\000r\000a\000n\000s\000p\000o\000r\000t\000\040\000R\000e\000q\000u\000i\000r\000e\000m\000e\000n\000t\000s}{subsection*.191}% 142
\BOOKMARK [2][-]{subsection*.194}{\376\377\0007\000.\000\040\000S\000e\000c\000u\000r\000i\000t\000y\000\040\000C\000o\000n\000s\000i\000d\000e\000r\000a\000t\000i\000o\000n\000s}{section.8}% 143
\BOOKMARK [3][-]{subsubsection*.195}{\376\377\0007\000.\0001\000\040\000P\000r\000o\000t\000o\000c\000o\000l\000\040\000S\000e\000c\000u\000r\000i\000t\000y}{subsection*.194}% 144
\BOOKMARK [2][-]{subsection*.196}{\376\377\0008\000.\000\040\000F\000u\000t\000u\000r\000e\000\040\000W\000o\000r\000k}{section.8}% 145
\BOOKMARK [2][-]{subsection*.197}{\376\377\0009\000.\000\040\000I\000m\000p\000l\000e\000m\000e\000n\000t\000a\000t\000i\000o\000n\000\040\000N\000o\000t\000e\000s}{section.8}% 146
\BOOKMARK [3][-]{subsubsection*.198}{\376\377\0009\000.\0001\000\040\000T\000e\000s\000t\000i\000n\000g\000\040\000R\000e\000c\000o\000m\000m\000e\000n\000d\000a\000t\000i\000o\000n\000s}{subsection*.197}% 147
\BOOKMARK [2][-]{subsection*.199}{\376\377\0001\0000\000.\000\040\000R\000e\000f\000e\000r\000e\000n\000c\000e\000s}{section.8}% 148
\BOOKMARK [1][-]{section.9}{\376\377\000R\000F\000C\000-\0000\0000\0000\0009\000:\000\040\000S\000e\000s\000s\000i\000o\000n\000\040\000S\000t\000a\000r\000t\000\040\000P\000r\000o\000t\000o\000c\000o\000l}{}% 149
\BOOKMARK [2][-]{subsection*.200}{\376\377\0001\000.\000\040\000A\000b\000s\000t\000r\000a\000c\000t}{section.9}% 150
\BOOKMARK [2][-]{subsection*.201}{\376\377\0002\000.\000\040\000M\000o\000t\000i\000v\000a\000t\000i\000o\000n}{section.9}% 151
\BOOKMARK [2][-]{subsection*.202}{\376\377\0003\000.\000\040\000T\000e\000r\000m\000i\000n\000o\000l\000o\000g\000y}{section.9}% 152
\BOOKMARK [2][-]{subsection*.203}{\376\377\0004\000.\000\040\000S\000p\000e\000c\000i\000f\000i\000c\000a\000t\000i\000o\000n}{section.9}% 153
\BOOKMARK [3][-]{subsubsection*.204}{\376\377\0004\000.\0001\000\040\000P\000r\000o\000t\000o\000c\000o\000l\000\040\000O\000v\000e\000r\000v\000i\000e\000w}{subsection*.203}% 154
\BOOKMARK [3][-]{subsubsection*.205}{\376\377\0004\000.\0002\000\040\000M\000e\000s\000s\000a\000g\000e\000\040\000F\000o\000r\000m\000a\000t}{subsection*.203}% 155
\BOOKMARK [3][-]{subsubsection*.208}{\376\377\0004\000.\0003\000\040\000S\000t\000a\000r\000t\000S\000e\000s\000s\000i\000o\000n\000\040\000M\000e\000s\000s\000a\000g\000e}{subsection*.203}% 156
\BOOKMARK [3][-]{subsubsection*.210}{\376\377\0004\000.\0004\000\040\000S\000e\000s\000s\000i\000o\000n\000E\000s\000t\000a\000b\000l\000i\000s\000h\000e\000d\000\040\000M\000e\000s\000s\000a\000g\000e}{subsection*.203}% 157
\BOOKMARK [3][-]{subsubsection*.211}{\376\377\0004\000.\0005\000\040\000S\000e\000s\000s\000i\000o\000n\000E\000r\000r\000o\000r\000\040\000M\000e\000s\000s\000a\000g\000e}{subsection*.203}% 158
\BOOKMARK [3][-]{subsubsection*.213}{\376\377\0004\000.\0006\000\040\000K\000e\000e\000p\000A\000l\000i\000v\000e\000\040\000M\000e\000s\000s\000a\000g\000e}{subsection*.203}% 159
\BOOKMARK [3][-]{subsubsection*.214}{\376\377\0004\000.\0007\000\040\000P\000r\000o\000t\000o\000c\000o\000l\000\040\000F\000l\000o\000w}{subsection*.203}% 160
\BOOKMARK [3][-]{subsubsection*.215}{\376\377\0004\000.\0008\000\040\000P\000r\000o\000t\000o\000c\000o\000l\000\040\000C\000o\000n\000s\000t\000a\000n\000t\000s}{subsection*.203}% 161
\BOOKMARK [3][-]{subsubsection*.216}{\376\377\0004\000.\0009\000\040\000P\000r\000o\000t\000o\000c\000o\000l\000\040\000R\000u\000l\000e\000s}{subsection*.203}% 162
\BOOKMARK [3][-]{subsubsection*.217}{\376\377\0004\000.\0001\0000\000\040\000E\000x\000a\000m\000p\000l\000e\000\040\000M\000e\000s\000s\000a\000g\000e\000\040\000E\000x\000c\000h\000a\000n\000g\000e\000s}{subsection*.203}% 163
\BOOKMARK [2][-]{subsection*.222}{\376\377\0005\000.\000\040\000D\000e\000s\000i\000g\000n\000\040\000C\000o\000n\000s\000i\000d\000e\000r\000a\000t\000i\000o\000n\000s}{section.9}% 164
\BOOKMARK [3][-]{subsubsection*.223}{\376\377\0005\000.\0001\000\040\000C\000B\000O\000R\000\040\000E\000n\000c\000o\000d\000i\000n\000g}{subsection*.222}% 165
\BOOKMARK [3][-]{subsubsection*.224}{\376\377\0005\000.\0002\000\040\000C\000h\000a\000l\000l\000e\000n\000g\000e\000-\000R\000e\000s\000p\000o\000n\000s\000e\000\040\000D\000e\000s\000i\000g\000n}{subsection*.222}% 166
\BOOKMARK [3][-]{subsubsection*.225}{\376\377\0005\000.\0003\000\040\000C\000a\000p\000a\000b\000i\000l\000i\000t\000y\000\040\000N\000e\000g\000o\000t\000i\000a\000t\000i\000o\000n}{subsection*.222}% 167
\BOOKMARK [3][-]{subsubsection*.226}{\376\377\0005\000.\0004\000\040\000T\000r\000a\000n\000s\000p\000o\000r\000t\000\040\000I\000n\000d\000e\000p\000e\000n\000d\000e\000n\000c\000e}{subsection*.222}% 168
\BOOKMARK [3][-]{subsubsection*.227}{\376\377\0005\000.\0005\000\040\000E\000r\000r\000o\000r\000\040\000H\000a\000n\000d\000l\000i\000n\000g}{subsection*.222}% 169
\BOOKMARK [2][-]{subsection*.228}{\376\377\0006\000.\000\040\000C\000o\000m\000p\000a\000t\000i\000b\000i\000l\000i\000t\000y}{section.9}% 170
\BOOKMARK [3][-]{subsubsection*.229}{\376\377\0006\000.\0001\000\040\000V\000e\000r\000s\000i\000o\000n\000\040\000C\000o\000m\000p\000a\000t\000i\000b\000i\000l\000i\000t\000y}{subsection*.228}% 171
\BOOKMARK [3][-]{subsubsection*.230}{\376\377\0006\000.\0002\000\040\000T\000r\000a\000n\000s\000p\000o\000r\000t\000\040\000R\000e\000q\000u\000i\000r\000e\000m\000e\000n\000t\000s}{subsection*.228}% 172
\BOOKMARK [3][-]{subsubsection*.231}{\376\377\0006\000.\0003\000\040\000I\000n\000t\000e\000g\000r\000a\000t\000i\000o\000n\000\040\000w\000i\000t\000h\000\040\000H\000O\000P\000R\000\040\000S\000e\000s\000s\000i\000o\000n\000\040\000D\000a\000t\000a\000\040\000P\000r\000o\000t\000o\000c\000o\000l}{subsection*.228}% 173
\BOOKMARK [2][-]{subsection*.232}{\376\377\0007\000.\000\040\000S\000e\000c\000u\000r\000i\000t\000y\000\040\000C\000o\000n\000s\000i\000d\000e\000r\000a\000t\000i\000o\000n\000s}{section.9}% 174
\BOOKMARK [3][-]{subsubsection*.233}{\376\377\0007\000.\0001\000\040\000P\000r\000o\000t\000o\000c\000o\000l\000\040\000S\000e\000c\000u\000r\000i\000t\000y}{subsection*.232}% 175
\BOOKMARK [3][-]{subsubsection*.234}{\376\377\0007\000.\0002\000\040\000A\000t\000t\000a\000c\000k\000\040\000V\000e\000c\000t\000o\000r\000s}{subsection*.232}% 176
\BOOKMARK [3][-]{subsubsection*.235}{\376\377\0007\000.\0003\000\040\000M\000i\000t\000i\000g\000a\000t\000i\000o\000n\000\040\000S\000t\000r\000a\000t\000e\000g\000i\000e\000s}{subsection*.232}% 177
\BOOKMARK [2][-]{subsection*.236}{\376\377\0008\000.\000\040\000F\000u\000t\000u\000r\000e\000\040\000W\000o\000r\000k}{section.9}% 178
\BOOKMARK [2][-]{subsection*.237}{\376\377\0009\000.\000\040\000I\000m\000p\000l\000e\000m\000e\000n\000t\000a\000t\000i\000o\000n\000\040\000N\000o\000t\000e\000s}{section.9}% 179
\BOOKMARK [3][-]{subsubsection*.238}{\376\377\0009\000.\0001\000\040\000T\000e\000s\000t\000i\000n\000g\000\040\000R\000e\000c\000o\000m\000m\000e\000n\000d\000a\000t\000i\000o\000n\000s}{subsection*.237}% 180
\BOOKMARK [2][-]{subsection*.239}{\376\377\0001\0000\000.\000\040\000R\000e\000f\000e\000r\000e\000n\000c\000e\000s}{section.9}% 181
\BOOKMARK [2][-]{subsection*.240}{\376\377\0001\0001\000.\000\040\000A\000p\000p\000e\000n\000d\000i\000x\000\040\0001}{section.9}% 182
\BOOKMARK [1][-]{section.10}{\376\377\000R\000F\000C\000-\0000\0000\0001\0000\000:\000\040\000A\000u\000t\000o\000m\000a\000t\000i\000c\000\040\000p\000a\000t\000h\000\040\000d\000i\000s\000c\000o\000v\000e\000r\000y}{}% 183
\BOOKMARK [2][-]{subsection*.241}{\376\377\0001\000.\000\040\000A\000b\000s\000t\000r\000a\000c\000t}{section.10}% 184
\BOOKMARK [2][-]{subsection*.242}{\376\377\0002\000.\000\040\000M\000o\000t\000i\000v\000a\000t\000i\000o\000n}{section.10}% 185
\BOOKMARK [2][-]{subsection*.243}{\376\377\0003\000.\000\040\000T\000e\000r\000m\000i\000n\000o\000l\000o\000g\000y}{section.10}% 186
\BOOKMARK [2][-]{subsection*.244}{\376\377\0004\000.\000\040\000S\000p\000e\000c\000i\000f\000i\000c\000a\000t\000i\000o\000n}{section.10}% 187
\BOOKMARK [3][-]{subsubsection*.245}{\376\377\0004\000.\0001\000\040\000O\000v\000e\000r\000v\000i\000e\000w}{subsection*.244}% 188
\BOOKMARK [3][-]{subsubsection*.246}{\376\377\0004\000.\0002\000\040\000N\000e\000t\000w\000o\000r\000k\000\040\000p\000r\000o\000b\000i\000n\000g}{subsection*.244}% 189
\BOOKMARK [3][-]{subsubsection*.254}{\376\377\0004\000.\0003\000\040\000T\000e\000l\000e\000m\000e\000t\000r\000y}{subsection*.244}% 190
\BOOKMARK [3][-]{subsubsection*.258}{\376\377\0004\000.\0004\000\040\000C\000o\000m\000p\000o\000n\000e\000n\000t\000\040\000p\000l\000a\000c\000e\000m\000e\000n\000t}{subsection*.244}% 191
\BOOKMARK [2][-]{subsection*.259}{\376\377\0005\000.\000\040\000D\000e\000s\000i\000g\000n\000\040\000c\000o\000n\000s\000i\000d\000e\000r\000a\000t\000i\000o\000n\000s}{section.10}% 192
\BOOKMARK [2][-]{subsection*.260}{\376\377\0006\000.\000\040\000C\000o\000m\000p\000a\000t\000i\000b\000i\000l\000i\000t\000y}{section.10}% 193
\BOOKMARK [2][-]{subsection*.261}{\376\377\0007\000.\000\040\000S\000e\000c\000u\000r\000i\000t\000y\000\040\000c\000o\000n\000s\000i\000d\000e\000r\000a\000t\000i\000o\000n\000s}{section.10}% 194
\BOOKMARK [2][-]{subsection*.262}{\376\377\0008\000.\000\040\000D\000r\000a\000w\000b\000a\000c\000k\000s}{section.10}% 195
\BOOKMARK [2][-]{subsection*.263}{\376\377\0009\000.\000\040\000A\000l\000t\000e\000r\000n\000a\000t\000i\000v\000e\000s}{section.10}% 196
\BOOKMARK [2][-]{subsection*.264}{\376\377\0001\0000\000.\000\040\000U\000n\000r\000e\000s\000o\000l\000v\000e\000d\000\040\000q\000u\000e\000s\000t\000i\000o\000n\000s}{section.10}% 197
\BOOKMARK [2][-]{subsection*.265}{\376\377\0001\0001\000.\000\040\000F\000u\000t\000u\000r\000e\000\040\000w\000o\000r\000k}{section.10}% 198
\BOOKMARK [2][-]{subsection*.266}{\376\377\0001\0002\000.\000\040\000R\000e\000f\000e\000r\000e\000n\000c\000e\000s}{section.10}% 199
\BOOKMARK [1][-]{section.11}{\376\377\000R\000F\000C\000-\0000\0000\0001\0001\000:\000\040\000A\000p\000p\000l\000i\000c\000a\000t\000i\000o\000n\000\040\000L\000a\000y\000e\000r\000\040\000p\000r\000o\000t\000o\000c\000o\000l}{}% 200
\BOOKMARK [2][-]{subsection*.267}{\376\377\0001\000.\000\040\000A\000b\000s\000t\000r\000a\000c\000t}{section.11}% 201
\BOOKMARK [2][-]{subsection*.268}{\376\377\0002\000.\000\040\000M\000o\000t\000i\000v\000a\000t\000i\000o\000n}{section.11}% 202
\BOOKMARK [2][-]{subsection*.269}{\376\377\0003\000.\000\040\000T\000e\000r\000m\000i\000n\000o\000l\000o\000g\000y}{section.11}% 203
\BOOKMARK [2][-]{subsection*.270}{\376\377\0004\000.\000\040\000I\000n\000t\000r\000o\000d\000u\000c\000t\000i\000o\000n}{section.11}% 204
\BOOKMARK [2][-]{subsection*.271}{\376\377\0005\000.\000\040\000S\000p\000e\000c\000i\000f\000i\000c\000a\000t\000i\000o\000n}{section.11}% 205
\BOOKMARK [3][-]{subsubsection*.272}{\376\377\0005\000.\0001\000\040\000W\000i\000r\000e\000\040\000f\000o\000r\000m\000a\000t\000\040\000e\000n\000c\000o\000d\000i\000n\000g}{subsection*.271}% 206
\BOOKMARK [2][-]{subsection*.273}{\376\377\0006\000.\000\040\000A\000p\000p\000e\000n\000d\000i\000x\000\040\0001}{section.11}% 207
\BOOKMARK [3][-]{subsubsection*.274}{\376\377\000H\000O\000P\000R\000\040\000p\000a\000c\000k\000e\000t\000\040\000p\000r\000o\000t\000o\000c\000o\000l\000\040\000s\000i\000g\000n\000a\000l\000s\000\040\000i\000n\000\040\000t\000h\000e\000\040\000c\000u\000r\000r\000e\000n\000t\000\040\000i\000m\000p\000l\000e\000m\000e\000n\000t\000a\000t\000i\000o\000n}{subsection*.273}% 208
\BOOKMARK [2][-]{subsection*.275}{\376\377\0007\000.\000\040\000R\000e\000f\000e\000r\000e\000n\000c\000e\000s}{section.11}% 209
