This is XeTeX, Version 3.141592653-2.6-0.999997 (TeX Live 2025) (preloaded format=xelatex 2025.9.26)  1 NOV 2025 10:01
entering extended mode
 restricted \write18 enabled.
 file:line:error style messages enabled.
 %&-line parsing enabled.
**main
(./main.tex
LaTeX2e <2024-11-01> patch level 2
L3 programming layer <2025-01-18>
(/usr/local/texlive/2025/texmf-dist/tex/latex/base/article.cls
Document Class: article 2024/06/29 v1.4n Standard LaTeX document class
(/usr/local/texlive/2025/texmf-dist/tex/latex/base/size10.clo
File: size10.clo 2024/06/29 v1.4n Standard LaTeX file (size option)
)
\c@part=\count192
\c@section=\count193
\c@subsection=\count194
\c@subsubsection=\count195
\c@paragraph=\count196
\c@subparagraph=\count197
\c@figure=\count198
\c@table=\count199
\abovecaptionskip=\skip49
\belowcaptionskip=\skip50
\bibindent=\dimen141
) (/usr/local/texlive/2025/texmf-dist/tex/latex/fontspec/fontspec.sty (/usr/local/texlive/2025/texmf-dist/tex/latex/l3packages/xparse/xparse.sty (/usr/local/texlive/2025/texmf-dist/tex/latex/l3kernel/expl3.sty
Package: expl3 2025-01-18 L3 programming layer (loader) 
 (/usr/local/texlive/2025/texmf-dist/tex/latex/l3backend/l3backend-xetex.def
File: l3backend-xetex.def 2024-05-08 L3 backend support: XeTeX
\g__graphics_track_int=\count266
\l__pdf_internal_box=\box52
\g__pdf_backend_annotation_int=\count267
\g__pdf_backend_link_int=\count268
))
Package: xparse 2024-08-16 L3 Experimental document command parser
)
Package: fontspec 2024/05/11 v2.9e Font selection for XeLaTeX and LuaLaTeX
 (/usr/local/texlive/2025/texmf-dist/tex/latex/fontspec/fontspec-xetex.sty
Package: fontspec-xetex 2024/05/11 v2.9e Font selection for XeLaTeX and LuaLaTeX
\l__fontspec_script_int=\count269
\l__fontspec_language_int=\count270
\l__fontspec_strnum_int=\count271
\l__fontspec_tmp_int=\count272
\l__fontspec_tmpa_int=\count273
\l__fontspec_tmpb_int=\count274
\l__fontspec_tmpc_int=\count275
\l__fontspec_em_int=\count276
\l__fontspec_emdef_int=\count277
\l__fontspec_strong_int=\count278
\l__fontspec_strongdef_int=\count279
\l__fontspec_tmpa_dim=\dimen142
\l__fontspec_tmpb_dim=\dimen143
\l__fontspec_tmpc_dim=\dimen144
 (/usr/local/texlive/2025/texmf-dist/tex/latex/base/fontenc.sty
Package: fontenc 2021/04/29 v2.0v Standard LaTeX package
) (/usr/local/texlive/2025/texmf-dist/tex/latex/fontspec/fontspec.cfg))) (/usr/local/texlive/2025/texmf-dist/tex/latex/graphics/graphicx.sty
Package: graphicx 2021/09/16 v1.2d Enhanced LaTeX Graphics (DPC,SPQR)
 (/usr/local/texlive/2025/texmf-dist/tex/latex/graphics/keyval.sty
Package: keyval 2022/05/29 v1.15 key=value parser (DPC)
\KV@toks@=\toks17
) (/usr/local/texlive/2025/texmf-dist/tex/latex/graphics/graphics.sty
Package: graphics 2024/08/06 v1.4g Standard LaTeX Graphics (DPC,SPQR)
 (/usr/local/texlive/2025/texmf-dist/tex/latex/graphics/trig.sty
Package: trig 2023/12/02 v1.11 sin cos tan (DPC)
) (/usr/local/texlive/2025/texmf-dist/tex/latex/graphics-cfg/graphics.cfg
File: graphics.cfg 2016/06/04 v1.11 sample graphics configuration
)
Package graphics Info: Driver file: xetex.def on input line 106.
 (/usr/local/texlive/2025/texmf-dist/tex/latex/graphics-def/xetex.def
File: xetex.def 2022/09/22 v5.0n Graphics/color driver for xetex
))
\Gin@req@height=\dimen145
\Gin@req@width=\dimen146
) (/usr/local/texlive/2025/texmf-dist/tex/latex/fancyvrb/fancyvrb.sty
Package: fancyvrb 2024/01/20 4.5c verbatim text (tvz,hv)
\FV@CodeLineNo=\count280
\FV@InFile=\read2
\FV@TabBox=\box53
\c@FancyVerbLine=\count281
\FV@StepNumber=\count282
\FV@OutFile=\write3
) (/usr/local/texlive/2025/texmf-dist/tex/latex/graphics/color.sty
Package: color 2024/06/23 v1.3e Standard LaTeX Color (DPC)
 (/usr/local/texlive/2025/texmf-dist/tex/latex/graphics-cfg/color.cfg
File: color.cfg 2016/01/02 v1.6 sample color configuration
)
Package color Info: Driver file: xetex.def on input line 149.
 (/usr/local/texlive/2025/texmf-dist/tex/latex/graphics/mathcolor.ltx)) (/usr/local/texlive/2025/texmf-dist/tex/latex/fvextra/fvextra.sty
Package: fvextra 2025/03/04 v1.12.0 fvextra - extensions and patches for fancyvrb
 (/usr/local/texlive/2025/texmf-dist/tex/latex/etoolbox/etoolbox.sty
Package: etoolbox 2025/02/11 v2.5l e-TeX tools for LaTeX (JAW)
\etb@tempcnta=\count283
) (/usr/local/texlive/2025/texmf-dist/tex/generic/pdftexcmds/pdftexcmds.sty
Package: pdftexcmds 2020-06-27 v0.33 Utility functions of pdfTeX for LuaTeX (HO)
 (/usr/local/texlive/2025/texmf-dist/tex/generic/infwarerr/infwarerr.sty
Package: infwarerr 2019/12/03 v1.5 Providing info/warning/error messages (HO)
) (/usr/local/texlive/2025/texmf-dist/tex/generic/iftex/iftex.sty
Package: iftex 2024/12/12 v1.0g TeX engine tests
) (/usr/local/texlive/2025/texmf-dist/tex/generic/ltxcmds/ltxcmds.sty
Package: ltxcmds 2023-12-04 v1.26 LaTeX kernel commands for general use (HO)
)
Package pdftexcmds Info: \pdf@primitive is available.
Package pdftexcmds Info: \pdf@ifprimitive is available.
Package pdftexcmds Info: \pdfdraftmode not found.
) (/usr/local/texlive/2025/texmf-dist/tex/latex/upquote/upquote.sty
Package: upquote 2012/04/19 v1.3 upright-quote and grave-accent glyphs in verbatim
 (/usr/local/texlive/2025/texmf-dist/tex/latex/base/textcomp.sty
Package: textcomp 2024/04/24 v2.1b Standard LaTeX package
)) (/usr/local/texlive/2025/texmf-dist/tex/latex/lineno/lineno.sty
Package: lineno 2025/01/29 line numbers on paragraphs v5.4
 (/usr/local/texlive/2025/texmf-dist/tex/latex/kvoptions/kvoptions.sty
Package: kvoptions 2022-06-15 v3.15 Key value format for package options (HO)
 (/usr/local/texlive/2025/texmf-dist/tex/latex/kvsetkeys/kvsetkeys.sty
Package: kvsetkeys 2022-10-05 v1.19 Key value parser (HO)
))
\linenopenalty=\count284
\output=\toks18
\linenoprevgraf=\count285
\linenumbersep=\dimen147
\linenumberwidth=\dimen148
\c@linenumber=\count286
\c@pagewiselinenumber=\count287
\c@LN@truepage=\count288
\c@internallinenumber=\count289
\c@internallinenumbers=\count290
\quotelinenumbersep=\dimen149
\bframerule=\dimen150
\bframesep=\dimen151
\bframebox=\box54
LaTeX Info: Redefining \\ on input line 3187.
)
\c@FancyVerbWriteLine=\count291
\c@FancyVerbBufferLine=\count292
\c@FV@TrueTabGroupLevel=\count293
\c@FV@TrueTabCounter=\count294
\FV@TabBox@Group=\box55
\FV@bgcolorstructbox=\box56
\FV@TmpLength=\skip51
\c@FV@HighlightLinesStart=\count295
\c@FV@HighlightLinesStop=\count296
\FV@LoopCount=\count297
\FV@NCharsBox=\box57
\FV@BreakIndent=\dimen152
\FV@BreakIndentNChars=\count298
\FV@BreakSymbolSepLeft=\dimen153
\FV@BreakSymbolSepLeftNChars=\count299
\FV@BreakSymbolSepRight=\dimen154
\FV@BreakSymbolSepRightNChars=\count300
\FV@BreakSymbolIndentLeft=\dimen155
\FV@BreakSymbolIndentLeftNChars=\count301
\FV@BreakSymbolIndentRight=\dimen156
\FV@BreakSymbolIndentRightNChars=\count302
\c@FancyVerbLineBreakLast=\count303
\FV@LineBox=\box58
\FV@LineIndentBox=\box59
\c@FV@BreakBufferDepth=\count304
\FV@LineWidth=\dimen157
) (/usr/local/texlive/2025/texmf-dist/tex/latex/tools/longtable.sty
Package: longtable 2024-10-27 v4.22 Multi-page Table package (DPC)
\LTleft=\skip52
\LTright=\skip53
\LTpre=\skip54
\LTpost=\skip55
\LTchunksize=\count305
\LTcapwidth=\dimen158
\LT@head=\box60
\LT@firsthead=\box61
\LT@foot=\box62
\LT@lastfoot=\box63
\LT@gbox=\box64
\LT@cols=\count306
\LT@rows=\count307
\c@LT@tables=\count308
\c@LT@chunks=\count309
\LT@p@ftn=\toks19
) (/usr/local/texlive/2025/texmf-dist/tex/latex/booktabs/booktabs.sty
Package: booktabs 2020/01/12 v1.61803398 Publication quality tables
\heavyrulewidth=\dimen159
\lightrulewidth=\dimen160
\cmidrulewidth=\dimen161
\belowrulesep=\dimen162
\belowbottomsep=\dimen163
\aboverulesep=\dimen164
\abovetopsep=\dimen165
\cmidrulesep=\dimen166
\cmidrulekern=\dimen167
\defaultaddspace=\dimen168
\@cmidla=\count310
\@cmidlb=\count311
\@aboverulesep=\dimen169
\@belowrulesep=\dimen170
\@thisruleclass=\count312
\@lastruleclass=\count313
\@thisrulewidth=\dimen171
) (/usr/local/texlive/2025/texmf-dist/tex/latex/tools/array.sty
Package: array 2024/10/17 v2.6g Tabular extension package (FMi)
\col@sep=\dimen172
\ar@mcellbox=\box65
\extrarowheight=\dimen173
\NC@list=\toks20
\extratabsurround=\skip56
\backup@length=\skip57
\ar@cellbox=\box66
) (/usr/local/texlive/2025/texmf-dist/tex/latex/multirow/multirow.sty
Package: multirow 2024/11/12 v2.9 Span multiple rows of a table
\multirow@colwidth=\skip58
\multirow@cntb=\count314
\multirow@dima=\skip59
\bigstrutjot=\dimen174
) (/usr/local/texlive/2025/texmf-dist/tex/latex/xcolor/xcolor.sty
Package: xcolor 2024/09/29 v3.02 LaTeX color extensions (UK)
 (/usr/local/texlive/2025/texmf-dist/tex/latex/graphics-cfg/color.cfg
File: color.cfg 2016/01/02 v1.6 sample color configuration
)
Package xcolor Info: Driver file: xetex.def on input line 274.
LaTeX Info: Redefining \color on input line 762.
 (/usr/local/texlive/2025/texmf-dist/tex/latex/graphics/mathcolor.ltx)
Package xcolor Info: Model `cmy' substituted by `cmy0' on input line 1349.
Package xcolor Info: Model `RGB' extended on input line 1365.
Package xcolor Info: Model `HTML' substituted by `rgb' on input line 1367.
Package xcolor Info: Model `Hsb' substituted by `hsb' on input line 1368.
Package xcolor Info: Model `tHsb' substituted by `hsb' on input line 1369.
Package xcolor Info: Model `HSB' substituted by `hsb' on input line 1370.
Package xcolor Info: Model `Gray' substituted by `gray' on input line 1371.
Package xcolor Info: Model `wave' substituted by `hsb' on input line 1372.
)

Package fontspec Info: 
(fontspec)             Font family 'SFUIText-Regular(0)' created for font
(fontspec)             'SFUIText-Regular' with options
(fontspec)             [Ligatures=TeX,Path=./fonts/,Extension=.ttf].
(fontspec)              
(fontspec)              This font family consists of the following NFSS
(fontspec)             series/shapes:
(fontspec)              
(fontspec)             - 'normal' (m/n) with NFSS spec.:
(fontspec)             <->"[./fonts/SFUIText-Regular.ttf]/OT:script=latn;language=dflt;mapping=tex-text;"
(fontspec)             - 'small caps'  (m/sc) with NFSS spec.:
(fontspec)             <->"[./fonts/SFUIText-Regular.ttf]/OT:script=latn;language=dflt;+smcp;mapping=tex-text;"


Package fontspec Info: 
(fontspec)             Font family 'SourceCodePro-Regular(0)' created for font
(fontspec)             'SourceCodePro-Regular' with options
(fontspec)             [WordSpace={1,0,0},HyphenChar=None,PunctuationSpace=WordSpace,Path=./fonts/,Extension=.ttf].
(fontspec)              
(fontspec)              This font family consists of the following NFSS
(fontspec)             series/shapes:
(fontspec)              
(fontspec)             - 'normal' (m/n) with NFSS spec.:
(fontspec)             <->"[./fonts/SourceCodePro-Regular.ttf]/OT:script=latn;language=dflt;"


Package fontspec Info: 
(fontspec)             Font family 'SourceCodePro-Regular(1)' created for font
(fontspec)             'SourceCodePro-Regular' with options
(fontspec)             [Path=./fonts/,Extension=.ttf].
(fontspec)              
(fontspec)              This font family consists of the following NFSS
(fontspec)             series/shapes:
(fontspec)              
(fontspec)             - 'normal' (m/n) with NFSS spec.:
(fontspec)             <->"[./fonts/SourceCodePro-Regular.ttf]/OT:script=latn;language=dflt;"


Package fontspec Info: 
(fontspec)             Font family 'SourceCodePro-SemiBold(0)' created for
(fontspec)             font 'SourceCodePro-SemiBold' with options
(fontspec)             [Path=./fonts/,Extension=.ttf].
(fontspec)              
(fontspec)              This font family consists of the following NFSS
(fontspec)             series/shapes:
(fontspec)              
(fontspec)             - 'normal' (m/n) with NFSS spec.:
(fontspec)             <->"[./fonts/SourceCodePro-SemiBold.ttf]/OT:script=latn;language=dflt;"

 (/usr/local/texlive/2025/texmf-dist/tex/latex/framed/framed.sty
Package: framed 2011/10/22 v 0.96: framed or shaded text with page breaks
\OuterFrameSep=\skip60
\fb@frw=\dimen175
\fb@frh=\dimen176
\FrameRule=\dimen177
\FrameSep=\dimen178
) (./rfcstyle.sty
Package: rfcstyle 2025/01/01 v1.0 HOPR RFC Style Package
 (/usr/local/texlive/2025/texmf-dist/tex/latex/geometry/geometry.sty
Package: geometry 2020/01/02 v5.9 Page Geometry
 (/usr/local/texlive/2025/texmf-dist/tex/generic/iftex/ifvtex.sty
Package: ifvtex 2019/10/25 v1.7 ifvtex legacy package. Use iftex instead.
)
\Gm@cnth=\count315
\Gm@cntv=\count316
\c@Gm@tempcnt=\count317
\Gm@bindingoffset=\dimen179
\Gm@wd@mp=\dimen180
\Gm@odd@mp=\dimen181
\Gm@even@mp=\dimen182
\Gm@layoutwidth=\dimen183
\Gm@layoutheight=\dimen184
\Gm@layouthoffset=\dimen185
\Gm@layoutvoffset=\dimen186
\Gm@dimlist=\toks21
) (/usr/local/texlive/2025/texmf-dist/tex/latex/fancyhdr/fancyhdr.sty
Package: fancyhdr 2025/02/07 v5.2 Extensive control of page headers and footers
\f@nch@headwidth=\skip61
\f@nch@offset@elh=\skip62
\f@nch@offset@erh=\skip63
\f@nch@offset@olh=\skip64
\f@nch@offset@orh=\skip65
\f@nch@offset@elf=\skip66
\f@nch@offset@erf=\skip67
\f@nch@offset@olf=\skip68
\f@nch@offset@orf=\skip69
\f@nch@height=\skip70
\f@nch@footalignment=\skip71
\f@nch@widthL=\skip72
\f@nch@widthC=\skip73
\f@nch@widthR=\skip74
\@temptokenb=\toks22
) (/usr/local/texlive/2025/texmf-dist/tex/latex/titlesec/titlesec.sty
Package: titlesec 2025/01/04 v2.17 Sectioning titles
\ttl@box=\box67
\beforetitleunit=\skip75
\aftertitleunit=\skip76
\ttl@plus=\dimen187
\ttl@minus=\dimen188
\ttl@toksa=\toks23
\titlewidth=\dimen189
\titlewidthlast=\dimen190
\titlewidthfirst=\dimen191
) (/usr/local/texlive/2025/texmf-dist/tex/latex/hyperref/hyperref.sty
Package: hyperref 2024-11-05 v7.01l Hypertext links for LaTeX
 (/usr/local/texlive/2025/texmf-dist/tex/generic/kvdefinekeys/kvdefinekeys.sty
Package: kvdefinekeys 2019-12-19 v1.6 Define keys (HO)
) (/usr/local/texlive/2025/texmf-dist/tex/generic/pdfescape/pdfescape.sty
Package: pdfescape 2019/12/09 v1.15 Implements pdfTeX's escape features (HO)
) (/usr/local/texlive/2025/texmf-dist/tex/latex/hycolor/hycolor.sty
Package: hycolor 2020-01-27 v1.10 Color options for hyperref/bookmark (HO)
) (/usr/local/texlive/2025/texmf-dist/tex/latex/hyperref/nameref.sty
Package: nameref 2023-11-26 v2.56 Cross-referencing by name of section
 (/usr/local/texlive/2025/texmf-dist/tex/latex/refcount/refcount.sty
Package: refcount 2019/12/15 v3.6 Data extraction from label references (HO)
) (/usr/local/texlive/2025/texmf-dist/tex/generic/gettitlestring/gettitlestring.sty
Package: gettitlestring 2019/12/15 v1.6 Cleanup title references (HO)
)
\c@section@level=\count318
) (/usr/local/texlive/2025/texmf-dist/tex/generic/stringenc/stringenc.sty
Package: stringenc 2019/11/29 v1.12 Convert strings between diff. encodings (HO)
)
\@linkdim=\dimen192
\Hy@linkcounter=\count319
\Hy@pagecounter=\count320
 (/usr/local/texlive/2025/texmf-dist/tex/latex/hyperref/pd1enc.def
File: pd1enc.def 2024-11-05 v7.01l Hyperref: PDFDocEncoding definition (HO)
) (/usr/local/texlive/2025/texmf-dist/tex/generic/intcalc/intcalc.sty
Package: intcalc 2019/12/15 v1.3 Expandable calculations with integers (HO)
)
\Hy@SavedSpaceFactor=\count321
 (/usr/local/texlive/2025/texmf-dist/tex/latex/hyperref/puenc.def
File: puenc.def 2024-11-05 v7.01l Hyperref: PDF Unicode definition (HO)
)
Package hyperref Info: Hyper figures OFF on input line 4157.
Package hyperref Info: Link nesting OFF on input line 4162.
Package hyperref Info: Hyper index ON on input line 4165.
Package hyperref Info: Plain pages OFF on input line 4172.
Package hyperref Info: Backreferencing OFF on input line 4177.
Package hyperref Info: Implicit mode ON; LaTeX internals redefined.
Package hyperref Info: Bookmarks ON on input line 4424.
\c@Hy@tempcnt=\count322
 (/usr/local/texlive/2025/texmf-dist/tex/latex/url/url.sty
\Urlmuskip=\muskip17
Package: url 2013/09/16  ver 3.4  Verb mode for urls, etc.
)
LaTeX Info: Redefining \url on input line 4763.
\XeTeXLinkMargin=\dimen193
 (/usr/local/texlive/2025/texmf-dist/tex/generic/bitset/bitset.sty
Package: bitset 2019/12/09 v1.3 Handle bit-vector datatype (HO)
 (/usr/local/texlive/2025/texmf-dist/tex/generic/bigintcalc/bigintcalc.sty
Package: bigintcalc 2019/12/15 v1.5 Expandable calculations on big integers (HO)
))
\Fld@menulength=\count323
\Field@Width=\dimen194
\Fld@charsize=\dimen195
Package hyperref Info: Hyper figures OFF on input line 6042.
Package hyperref Info: Link nesting OFF on input line 6047.
Package hyperref Info: Hyper index ON on input line 6050.
Package hyperref Info: backreferencing OFF on input line 6057.
Package hyperref Info: Link coloring OFF on input line 6062.
Package hyperref Info: Link coloring with OCG OFF on input line 6067.
Package hyperref Info: PDF/A mode OFF on input line 6072.
 (/usr/local/texlive/2025/texmf-dist/tex/latex/base/atbegshi-ltx.sty
Package: atbegshi-ltx 2021/01/10 v1.0c Emulation of the original atbegshi
package with kernel methods
)
\Hy@abspage=\count324
\c@Item=\count325
\c@Hfootnote=\count326
)
Package hyperref Info: Driver (autodetected): hxetex.
 (/usr/local/texlive/2025/texmf-dist/tex/latex/hyperref/hxetex.def
File: hxetex.def 2024-11-05 v7.01l Hyperref driver for XeTeX
\pdfm@box=\box68
\c@Hy@AnnotLevel=\count327
\HyField@AnnotCount=\count328
\Fld@listcount=\count329
\c@bookmark@seq@number=\count330
 (/usr/local/texlive/2025/texmf-dist/tex/latex/rerunfilecheck/rerunfilecheck.sty
Package: rerunfilecheck 2022-07-10 v1.10 Rerun checks for auxiliary files (HO)
 (/usr/local/texlive/2025/texmf-dist/tex/latex/base/atveryend-ltx.sty
Package: atveryend-ltx 2020/08/19 v1.0a Emulation of the original atveryend package
with kernel methods
) (/usr/local/texlive/2025/texmf-dist/tex/generic/uniquecounter/uniquecounter.sty
Package: uniquecounter 2019/12/15 v1.4 Provide unlimited unique counter (HO)
)
Package uniquecounter Info: New unique counter `rerunfilecheck' on input line 285.
)
\Hy@SectionHShift=\skip77
) (/usr/local/texlive/2025/texmf-dist/tex/latex/enumitem/enumitem.sty
Package: enumitem 2025/02/06 v3.11 Customized lists
\labelindent=\skip78
\enit@outerparindent=\dimen196
\enit@toks=\toks24
\enit@inbox=\box69
\enit@count@id=\count331
\enitdp@description=\count332
) (/usr/local/texlive/2025/texmf-dist/tex/latex/ragged2e/ragged2e.sty
Package: ragged2e 2023/06/22 v3.6 ragged2e Package
\CenteringLeftskip=\skip79
\RaggedLeftLeftskip=\skip80
\RaggedRightLeftskip=\skip81
\CenteringRightskip=\skip82
\RaggedLeftRightskip=\skip83
\RaggedRightRightskip=\skip84
\CenteringParfillskip=\skip85
\RaggedLeftParfillskip=\skip86
\RaggedRightParfillskip=\skip87
\JustifyingParfillskip=\skip88
\CenteringParindent=\skip89
\RaggedLeftParindent=\skip90
\RaggedRightParindent=\skip91
\JustifyingParindent=\skip92
) (/usr/local/texlive/2025/texmf-dist/tex/latex/tcolorbox/tcolorbox.sty
Package: tcolorbox 2024/10/22 version 6.4.1 text color boxes
 (/usr/local/texlive/2025/texmf-dist/tex/latex/pgf/frontendlayer/tikz.sty (/usr/local/texlive/2025/texmf-dist/tex/latex/pgf/basiclayer/pgf.sty (/usr/local/texlive/2025/texmf-dist/tex/latex/pgf/utilities/pgfrcs.sty (/usr/local/texlive/2025/texmf-dist/tex/generic/pgf/utilities/pgfutil-common.tex
\pgfutil@everybye=\toks25
\pgfutil@tempdima=\dimen197
\pgfutil@tempdimb=\dimen198
) (/usr/local/texlive/2025/texmf-dist/tex/generic/pgf/utilities/pgfutil-latex.def
\pgfutil@abb=\box70
) (/usr/local/texlive/2025/texmf-dist/tex/generic/pgf/utilities/pgfrcs.code.tex (/usr/local/texlive/2025/texmf-dist/tex/generic/pgf/pgf.revision.tex)
Package: pgfrcs 2023-01-15 v3.1.10 (3.1.10)
))
Package: pgf 2023-01-15 v3.1.10 (3.1.10)
 (/usr/local/texlive/2025/texmf-dist/tex/latex/pgf/basiclayer/pgfcore.sty (/usr/local/texlive/2025/texmf-dist/tex/latex/pgf/systemlayer/pgfsys.sty (/usr/local/texlive/2025/texmf-dist/tex/generic/pgf/systemlayer/pgfsys.code.tex
Package: pgfsys 2023-01-15 v3.1.10 (3.1.10)
 (/usr/local/texlive/2025/texmf-dist/tex/generic/pgf/utilities/pgfkeys.code.tex
\pgfkeys@pathtoks=\toks26
\pgfkeys@temptoks=\toks27
 (/usr/local/texlive/2025/texmf-dist/tex/generic/pgf/utilities/pgfkeyslibraryfiltered.code.tex
\pgfkeys@tmptoks=\toks28
))
\pgf@x=\dimen199
\pgf@y=\dimen256
\pgf@xa=\dimen257
\pgf@ya=\dimen258
\pgf@xb=\dimen259
\pgf@yb=\dimen260
\pgf@xc=\dimen261
\pgf@yc=\dimen262
\pgf@xd=\dimen263
\pgf@yd=\dimen264
\w@pgf@writea=\write4
\r@pgf@reada=\read3
\c@pgf@counta=\count333
\c@pgf@countb=\count334
\c@pgf@countc=\count335
\c@pgf@countd=\count336
\t@pgf@toka=\toks29
\t@pgf@tokb=\toks30
\t@pgf@tokc=\toks31
\pgf@sys@id@count=\count337
 (/usr/local/texlive/2025/texmf-dist/tex/generic/pgf/systemlayer/pgf.cfg
File: pgf.cfg 2023-01-15 v3.1.10 (3.1.10)
)
Driver file for pgf: pgfsys-xetex.def
 (/usr/local/texlive/2025/texmf-dist/tex/generic/pgf/systemlayer/pgfsys-xetex.def
File: pgfsys-xetex.def 2023-01-15 v3.1.10 (3.1.10)
 (/usr/local/texlive/2025/texmf-dist/tex/generic/pgf/systemlayer/pgfsys-dvipdfmx.def
File: pgfsys-dvipdfmx.def 2023-01-15 v3.1.10 (3.1.10)
 (/usr/local/texlive/2025/texmf-dist/tex/generic/pgf/systemlayer/pgfsys-common-pdf.def
File: pgfsys-common-pdf.def 2023-01-15 v3.1.10 (3.1.10)
)
\pgfsys@objnum=\count338
))) (/usr/local/texlive/2025/texmf-dist/tex/generic/pgf/systemlayer/pgfsyssoftpath.code.tex
File: pgfsyssoftpath.code.tex 2023-01-15 v3.1.10 (3.1.10)
\pgfsyssoftpath@smallbuffer@items=\count339
\pgfsyssoftpath@bigbuffer@items=\count340
) (/usr/local/texlive/2025/texmf-dist/tex/generic/pgf/systemlayer/pgfsysprotocol.code.tex
File: pgfsysprotocol.code.tex 2023-01-15 v3.1.10 (3.1.10)
)) (/usr/local/texlive/2025/texmf-dist/tex/generic/pgf/basiclayer/pgfcore.code.tex
Package: pgfcore 2023-01-15 v3.1.10 (3.1.10)
 (/usr/local/texlive/2025/texmf-dist/tex/generic/pgf/math/pgfmath.code.tex (/usr/local/texlive/2025/texmf-dist/tex/generic/pgf/math/pgfmathutil.code.tex) (/usr/local/texlive/2025/texmf-dist/tex/generic/pgf/math/pgfmathparser.code.tex
\pgfmath@dimen=\dimen265
\pgfmath@count=\count341
\pgfmath@box=\box71
\pgfmath@toks=\toks32
\pgfmath@stack@operand=\toks33
\pgfmath@stack@operation=\toks34
) (/usr/local/texlive/2025/texmf-dist/tex/generic/pgf/math/pgfmathfunctions.code.tex) (/usr/local/texlive/2025/texmf-dist/tex/generic/pgf/math/pgfmathfunctions.basic.code.tex) (/usr/local/texlive/2025/texmf-dist/tex/generic/pgf/math/pgfmathfunctions.trigonometric.code.tex) (/usr/local/texlive/2025/texmf-dist/tex/generic/pgf/math/pgfmathfunctions.random.code.tex) (/usr/local/texlive/2025/texmf-dist/tex/generic/pgf/math/pgfmathfunctions.comparison.code.tex) (/usr/local/texlive/2025/texmf-dist/tex/generic/pgf/math/pgfmathfunctions.base.code.tex) (/usr/local/texlive/2025/texmf-dist/tex/generic/pgf/math/pgfmathfunctions.round.code.tex) (/usr/local/texlive/2025/texmf-dist/tex/generic/pgf/math/pgfmathfunctions.misc.code.tex) (/usr/local/texlive/2025/texmf-dist/tex/generic/pgf/math/pgfmathfunctions.integerarithmetics.code.tex) (/usr/local/texlive/2025/texmf-dist/tex/generic/pgf/math/pgfmathcalc.code.tex) (/usr/local/texlive/2025/texmf-dist/tex/generic/pgf/math/pgfmathfloat.code.tex
\c@pgfmathroundto@lastzeros=\count342
)) (/usr/local/texlive/2025/texmf-dist/tex/generic/pgf/math/pgfint.code.tex) (/usr/local/texlive/2025/texmf-dist/tex/generic/pgf/basiclayer/pgfcorepoints.code.tex
File: pgfcorepoints.code.tex 2023-01-15 v3.1.10 (3.1.10)
\pgf@picminx=\dimen266
\pgf@picmaxx=\dimen267
\pgf@picminy=\dimen268
\pgf@picmaxy=\dimen269
\pgf@pathminx=\dimen270
\pgf@pathmaxx=\dimen271
\pgf@pathminy=\dimen272
\pgf@pathmaxy=\dimen273
\pgf@xx=\dimen274
\pgf@xy=\dimen275
\pgf@yx=\dimen276
\pgf@yy=\dimen277
\pgf@zx=\dimen278
\pgf@zy=\dimen279
) (/usr/local/texlive/2025/texmf-dist/tex/generic/pgf/basiclayer/pgfcorepathconstruct.code.tex
File: pgfcorepathconstruct.code.tex 2023-01-15 v3.1.10 (3.1.10)
\pgf@path@lastx=\dimen280
\pgf@path@lasty=\dimen281
) (/usr/local/texlive/2025/texmf-dist/tex/generic/pgf/basiclayer/pgfcorepathusage.code.tex
File: pgfcorepathusage.code.tex 2023-01-15 v3.1.10 (3.1.10)
\pgf@shorten@end@additional=\dimen282
\pgf@shorten@start@additional=\dimen283
) (/usr/local/texlive/2025/texmf-dist/tex/generic/pgf/basiclayer/pgfcorescopes.code.tex
File: pgfcorescopes.code.tex 2023-01-15 v3.1.10 (3.1.10)
\pgfpic=\box72
\pgf@hbox=\box73
\pgf@layerbox@main=\box74
\pgf@picture@serial@count=\count343
) (/usr/local/texlive/2025/texmf-dist/tex/generic/pgf/basiclayer/pgfcoregraphicstate.code.tex
File: pgfcoregraphicstate.code.tex 2023-01-15 v3.1.10 (3.1.10)
\pgflinewidth=\dimen284
) (/usr/local/texlive/2025/texmf-dist/tex/generic/pgf/basiclayer/pgfcoretransformations.code.tex
File: pgfcoretransformations.code.tex 2023-01-15 v3.1.10 (3.1.10)
\pgf@pt@x=\dimen285
\pgf@pt@y=\dimen286
\pgf@pt@temp=\dimen287
) (/usr/local/texlive/2025/texmf-dist/tex/generic/pgf/basiclayer/pgfcorequick.code.tex
File: pgfcorequick.code.tex 2023-01-15 v3.1.10 (3.1.10)
) (/usr/local/texlive/2025/texmf-dist/tex/generic/pgf/basiclayer/pgfcoreobjects.code.tex
File: pgfcoreobjects.code.tex 2023-01-15 v3.1.10 (3.1.10)
) (/usr/local/texlive/2025/texmf-dist/tex/generic/pgf/basiclayer/pgfcorepathprocessing.code.tex
File: pgfcorepathprocessing.code.tex 2023-01-15 v3.1.10 (3.1.10)
) (/usr/local/texlive/2025/texmf-dist/tex/generic/pgf/basiclayer/pgfcorearrows.code.tex
File: pgfcorearrows.code.tex 2023-01-15 v3.1.10 (3.1.10)
\pgfarrowsep=\dimen288
) (/usr/local/texlive/2025/texmf-dist/tex/generic/pgf/basiclayer/pgfcoreshade.code.tex
File: pgfcoreshade.code.tex 2023-01-15 v3.1.10 (3.1.10)
\pgf@max=\dimen289
\pgf@sys@shading@range@num=\count344
\pgf@shadingcount=\count345
) (/usr/local/texlive/2025/texmf-dist/tex/generic/pgf/basiclayer/pgfcoreimage.code.tex
File: pgfcoreimage.code.tex 2023-01-15 v3.1.10 (3.1.10)
) (/usr/local/texlive/2025/texmf-dist/tex/generic/pgf/basiclayer/pgfcoreexternal.code.tex
File: pgfcoreexternal.code.tex 2023-01-15 v3.1.10 (3.1.10)
\pgfexternal@startupbox=\box75
) (/usr/local/texlive/2025/texmf-dist/tex/generic/pgf/basiclayer/pgfcorelayers.code.tex
File: pgfcorelayers.code.tex 2023-01-15 v3.1.10 (3.1.10)
) (/usr/local/texlive/2025/texmf-dist/tex/generic/pgf/basiclayer/pgfcoretransparency.code.tex
File: pgfcoretransparency.code.tex 2023-01-15 v3.1.10 (3.1.10)
) (/usr/local/texlive/2025/texmf-dist/tex/generic/pgf/basiclayer/pgfcorepatterns.code.tex
File: pgfcorepatterns.code.tex 2023-01-15 v3.1.10 (3.1.10)
) (/usr/local/texlive/2025/texmf-dist/tex/generic/pgf/basiclayer/pgfcorerdf.code.tex
File: pgfcorerdf.code.tex 2023-01-15 v3.1.10 (3.1.10)
))) (/usr/local/texlive/2025/texmf-dist/tex/generic/pgf/modules/pgfmoduleshapes.code.tex
File: pgfmoduleshapes.code.tex 2023-01-15 v3.1.10 (3.1.10)
\pgfnodeparttextbox=\box76
) (/usr/local/texlive/2025/texmf-dist/tex/generic/pgf/modules/pgfmoduleplot.code.tex
File: pgfmoduleplot.code.tex 2023-01-15 v3.1.10 (3.1.10)
) (/usr/local/texlive/2025/texmf-dist/tex/latex/pgf/compatibility/pgfcomp-version-0-65.sty
Package: pgfcomp-version-0-65 2023-01-15 v3.1.10 (3.1.10)
\pgf@nodesepstart=\dimen290
\pgf@nodesepend=\dimen291
) (/usr/local/texlive/2025/texmf-dist/tex/latex/pgf/compatibility/pgfcomp-version-1-18.sty
Package: pgfcomp-version-1-18 2023-01-15 v3.1.10 (3.1.10)
)) (/usr/local/texlive/2025/texmf-dist/tex/latex/pgf/utilities/pgffor.sty (/usr/local/texlive/2025/texmf-dist/tex/latex/pgf/utilities/pgfkeys.sty (/usr/local/texlive/2025/texmf-dist/tex/generic/pgf/utilities/pgfkeys.code.tex)) (/usr/local/texlive/2025/texmf-dist/tex/latex/pgf/math/pgfmath.sty (/usr/local/texlive/2025/texmf-dist/tex/generic/pgf/math/pgfmath.code.tex)) (/usr/local/texlive/2025/texmf-dist/tex/generic/pgf/utilities/pgffor.code.tex
Package: pgffor 2023-01-15 v3.1.10 (3.1.10)
\pgffor@iter=\dimen292
\pgffor@skip=\dimen293
\pgffor@stack=\toks35
\pgffor@toks=\toks36
)) (/usr/local/texlive/2025/texmf-dist/tex/generic/pgf/frontendlayer/tikz/tikz.code.tex
Package: tikz 2023-01-15 v3.1.10 (3.1.10)
 (/usr/local/texlive/2025/texmf-dist/tex/generic/pgf/libraries/pgflibraryplothandlers.code.tex
File: pgflibraryplothandlers.code.tex 2023-01-15 v3.1.10 (3.1.10)
\pgf@plot@mark@count=\count346
\pgfplotmarksize=\dimen294
)
\tikz@lastx=\dimen295
\tikz@lasty=\dimen296
\tikz@lastxsaved=\dimen297
\tikz@lastysaved=\dimen298
\tikz@lastmovetox=\dimen299
\tikz@lastmovetoy=\dimen300
\tikzleveldistance=\dimen301
\tikzsiblingdistance=\dimen302
\tikz@figbox=\box77
\tikz@figbox@bg=\box78
\tikz@tempbox=\box79
\tikz@tempbox@bg=\box80
\tikztreelevel=\count347
\tikznumberofchildren=\count348
\tikznumberofcurrentchild=\count349
\tikz@fig@count=\count350
 (/usr/local/texlive/2025/texmf-dist/tex/generic/pgf/modules/pgfmodulematrix.code.tex
File: pgfmodulematrix.code.tex 2023-01-15 v3.1.10 (3.1.10)
\pgfmatrixcurrentrow=\count351
\pgfmatrixcurrentcolumn=\count352
\pgf@matrix@numberofcolumns=\count353
)
\tikz@expandcount=\count354
 (/usr/local/texlive/2025/texmf-dist/tex/generic/pgf/frontendlayer/tikz/libraries/tikzlibrarytopaths.code.tex
File: tikzlibrarytopaths.code.tex 2023-01-15 v3.1.10 (3.1.10)
))) (/usr/local/texlive/2025/texmf-dist/tex/latex/tools/verbatim.sty
Package: verbatim 2024-01-22 v1.5x LaTeX2e package for verbatim enhancements
\every@verbatim=\toks37
\verbatim@line=\toks38
\verbatim@in@stream=\read4
)
(/usr/local/texlive/2025/texmf-dist/tex/latex/environ/environ.sty
Package: environ 2014/05/04 v0.3 A new way to define environments
 (/usr/local/texlive/2025/texmf-dist/tex/latex/trimspaces/trimspaces.sty
Package: trimspaces 2009/09/17 v1.1 Trim spaces around a token list
)
\@envbody=\toks39
)
\tcb@titlebox=\box81
\tcb@upperbox=\box82
\tcb@lowerbox=\box83
\tcb@phantombox=\box84
\c@tcbbreakpart=\count355
\c@tcblayer=\count356
\c@tcolorbox@number=\count357
\l__tcobox_tmpa_box=\box85
\l__tcobox_tmpa_dim=\dimen303
\tcb@temp=\box86
\tcb@temp=\box87
\tcb@temp=\box88
\tcb@temp=\box89
 (/usr/local/texlive/2025/texmf-dist/tex/latex/tcolorbox/tcbraster.code.tex
Library (tcolorbox): 'tcbraster.code.tex' version '6.4.1'
\c@tcbrastercolumn=\count358
\c@tcbrasterrow=\count359
\c@tcbrasternum=\count360
\c@tcbraster=\count361
) (/usr/local/texlive/2025/texmf-dist/tex/latex/tcolorbox/tcbskins.code.tex
Library (tcolorbox): 'tcbskins.code.tex' version '6.4.1'
(/usr/local/texlive/2025/texmf-dist/tex/latex/tikzfill/tikzfill.image.sty
Package: tikzfill.image 2023/08/08 v1.0.1 Image filling library for TikZ
 (/usr/local/texlive/2025/texmf-dist/tex/latex/tikzfill/tikzfill-common.sty
Package: tikzfill-common 2023/08/08 v1.0.1 Auxiliary code for tikzfill
) (/usr/local/texlive/2025/texmf-dist/tex/latex/tikzfill/tikzlibraryfill.image.code.tex
File: tikzlibraryfill.image.code.tex 2023/08/08 v1.0.1 Image filling library
\l__tikzfill_img_box=\box90
)) (/usr/local/texlive/2025/texmf-dist/tex/latex/tcolorbox/tcbskinsjigsaw.code.tex
Library (tcolorbox): 'tcbskinsjigsaw.code.tex' version '6.4.1'
)) (/usr/local/texlive/2025/texmf-dist/tex/latex/tcolorbox/tcbbreakable.code.tex
Library (tcolorbox): 'tcbbreakable.code.tex' version '6.4.1'
(/usr/local/texlive/2025/texmf-dist/tex/latex/pdfcol/pdfcol.sty
Package: pdfcol 2022-09-21 v1.7 Handle new color stacks for pdfTeX (HO)
Package pdfcol Info: Interface disabled because of missing PDF mode of pdfTeX.
)
Package pdfcol Info: pdfTeX's color stacks are not available.
\tcb@testbox=\box91
\tcb@totalupperbox=\box92
\tcb@totallowerbox=\box93
) (/usr/local/texlive/2025/texmf-dist/tex/latex/tcolorbox/tcbhooks.code.tex
Library (tcolorbox): 'tcbhooks.code.tex' version '6.4.1'
) (/usr/local/texlive/2025/texmf-dist/tex/latex/tcolorbox/tcbtheorems.code.tex
Library (tcolorbox): 'tcbtheorems.code.tex' version '6.4.1'
(/usr/local/texlive/2025/texmf-dist/tex/latex/amsmath/amsmath.sty
Package: amsmath 2024/11/05 v2.17t AMS math features
\@mathmargin=\skip93

For additional information on amsmath, use the `?' option.
(/usr/local/texlive/2025/texmf-dist/tex/latex/amsmath/amstext.sty
Package: amstext 2021/08/26 v2.01 AMS text
 (/usr/local/texlive/2025/texmf-dist/tex/latex/amsmath/amsgen.sty
File: amsgen.sty 1999/11/30 v2.0 generic functions
\@emptytoks=\toks40
\ex@=\dimen304
)) (/usr/local/texlive/2025/texmf-dist/tex/latex/amsmath/amsbsy.sty
Package: amsbsy 1999/11/29 v1.2d Bold Symbols
\pmbraise@=\dimen305
) (/usr/local/texlive/2025/texmf-dist/tex/latex/amsmath/amsopn.sty
Package: amsopn 2022/04/08 v2.04 operator names
)
\inf@bad=\count362
LaTeX Info: Redefining \frac on input line 233.
\uproot@=\count363
\leftroot@=\count364
LaTeX Info: Redefining \overline on input line 398.
LaTeX Info: Redefining \colon on input line 409.
\classnum@=\count365
\DOTSCASE@=\count366
LaTeX Info: Redefining \ldots on input line 495.
LaTeX Info: Redefining \dots on input line 498.
LaTeX Info: Redefining \cdots on input line 619.
\Mathstrutbox@=\box94
\strutbox@=\box95
LaTeX Info: Redefining \big on input line 721.
LaTeX Info: Redefining \Big on input line 722.
LaTeX Info: Redefining \bigg on input line 723.
LaTeX Info: Redefining \Bigg on input line 724.
\big@size=\dimen306
LaTeX Font Info:    Redeclaring font encoding OML on input line 742.
LaTeX Font Info:    Redeclaring font encoding OMS on input line 743.
\macc@depth=\count367
LaTeX Info: Redefining \bmod on input line 904.
LaTeX Info: Redefining \pmod on input line 909.
LaTeX Info: Redefining \smash on input line 939.
LaTeX Info: Redefining \relbar on input line 969.
LaTeX Info: Redefining \Relbar on input line 970.
\c@MaxMatrixCols=\count368
\dotsspace@=\muskip18
\c@parentequation=\count369
\dspbrk@lvl=\count370
\tag@help=\toks41
\row@=\count371
\column@=\count372
\maxfields@=\count373
\andhelp@=\toks42
\eqnshift@=\dimen307
\alignsep@=\dimen308
\tagshift@=\dimen309
\tagwidth@=\dimen310
\totwidth@=\dimen311
\lineht@=\dimen312
\@envbody=\toks43
\multlinegap=\skip94
\multlinetaggap=\skip95
\mathdisplay@stack=\toks44
LaTeX Info: Redefining \[ on input line 2953.
LaTeX Info: Redefining \] on input line 2954.
)
\@LN@amsmath@ams@eqpen=\count374
) (/usr/local/texlive/2025/texmf-dist/tex/latex/tcolorbox/tcbfitting.code.tex
Library (tcolorbox): 'tcbfitting.code.tex' version '6.4.1'
\tcbfitdim=\dimen313
\tcb@lowerfitdim=\dimen314
\tcb@upperfitdim=\dimen315
\tcb@cur@hbadness=\count375
) (/usr/local/texlive/2025/texmf-dist/tex/latex/tcolorbox/tcblistingsutf8.code.tex
Library (tcolorbox): 'tcblistingsutf8.code.tex' version '6.4.1'
(/usr/local/texlive/2025/texmf-dist/tex/latex/tcolorbox/tcblistings.code.tex
Library (tcolorbox): 'tcblistings.code.tex' version '6.4.1'
(/usr/local/texlive/2025/texmf-dist/tex/latex/listings/listings.sty
\lst@mode=\count376
\lst@gtempboxa=\box96
\lst@token=\toks45
\lst@length=\count377
\lst@currlwidth=\dimen316
\lst@column=\count378
\lst@pos=\count379
\lst@lostspace=\dimen317
\lst@width=\dimen318
\lst@newlines=\count380
\lst@lineno=\count381
\lst@maxwidth=\dimen319
 (/usr/local/texlive/2025/texmf-dist/tex/latex/listings/lstpatch.sty
File: lstpatch.sty 2024/09/23 1.10c (Carsten Heinz)
) (/usr/local/texlive/2025/texmf-dist/tex/latex/listings/lstmisc.sty
File: lstmisc.sty 2024/09/23 1.10c (Carsten Heinz)
\c@lstnumber=\count382
\lst@skipnumbers=\count383
\lst@framebox=\box97
) (/usr/local/texlive/2025/texmf-dist/tex/latex/listings/listings.cfg
File: listings.cfg 2024/09/23 1.10c listings configuration
))
Package: listings 2024/09/23 1.10c (Carsten Heinz)
 (/usr/local/texlive/2025/texmf-dist/tex/latex/tcolorbox/tcblistingscore.code.tex
Library (tcolorbox): 'tcblistingscore.code.tex' version '6.4.1'
(/usr/local/texlive/2025/texmf-dist/tex/latex/tcolorbox/tcbprocessing.code.tex
Library (tcolorbox): 'tcbprocessing.code.tex' version '6.4.1'
)
\c@tcblisting=\count384
))
Package tcolorbox Info: Library `listingsutf8' is compatible with pdftex only. Library `listings` is loaded instead. on input line 29.
) (/usr/local/texlive/2025/texmf-dist/tex/latex/tcolorbox/tcbexternal.code.tex
Library (tcolorbox): 'tcbexternal.code.tex' version '6.4.1'
) (/usr/local/texlive/2025/texmf-dist/tex/latex/tcolorbox/tcbmagazine.code.tex
Library (tcolorbox): 'tcbmagazine.code.tex' version '6.4.1'
) (/usr/local/texlive/2025/texmf-dist/tex/latex/tcolorbox/tcbvignette.code.tex
Library (tcolorbox): 'tcbvignette.code.tex' version '6.4.1'
(/usr/local/texlive/2025/texmf-dist/tex/generic/pgf/frontendlayer/tikz/libraries/tikzlibraryfadings.code.tex
File: tikzlibraryfadings.code.tex 2023-01-15 v3.1.10 (3.1.10)
 (/usr/local/texlive/2025/texmf-dist/tex/generic/pgf/libraries/pgflibraryfadings.code.tex
File: pgflibraryfadings.code.tex 2023-01-15 v3.1.10 (3.1.10)
))) (/usr/local/texlive/2025/texmf-dist/tex/latex/tcolorbox/tcbposter.code.tex
Library (tcolorbox): 'tcbposter.code.tex' version '6.4.1'
)) (/usr/local/texlive/2025/texmf-dist/tex/latex/needspace/needspace.sty
Package: needspace 2010/09/12 v1.3d reserve vertical space
)
\MinLongtableSpace=\skip96
Package hyperref Info: Option `colorlinks' set `true' on input line 249.
 (/usr/local/texlive/2025/texmf-dist/tex/latex/tocloft/tocloft.sty
Package: tocloft 2017/08/31 v2.3i parameterised ToC, etc., typesetting
Package tocloft Info: The document has section divisions on input line 51.
\cftparskip=\skip97
\cftbeforetoctitleskip=\skip98
\cftaftertoctitleskip=\skip99
\cftbeforepartskip=\skip100
\cftpartnumwidth=\skip101
\cftpartindent=\skip102
\cftbeforesecskip=\skip103
\cftsecindent=\skip104
\cftsecnumwidth=\skip105
\cftbeforesubsecskip=\skip106
\cftsubsecindent=\skip107
\cftsubsecnumwidth=\skip108
\cftbeforesubsubsecskip=\skip109
\cftsubsubsecindent=\skip110
\cftsubsubsecnumwidth=\skip111
\cftbeforeparaskip=\skip112
\cftparaindent=\skip113
\cftparanumwidth=\skip114
\cftbeforesubparaskip=\skip115
\cftsubparaindent=\skip116
\cftsubparanumwidth=\skip117
\cftbeforeloftitleskip=\skip118
\cftafterloftitleskip=\skip119
\cftbeforefigskip=\skip120
\cftfigindent=\skip121
\cftfignumwidth=\skip122
\c@lofdepth=\count385
\c@lotdepth=\count386
\cftbeforelottitleskip=\skip123
\cftafterlottitleskip=\skip124
\cftbeforetabskip=\skip125
\cfttabindent=\skip126
\cfttabnumwidth=\skip127
) (/usr/local/texlive/2025/texmf-dist/tex/latex/caption/caption.sty
Package: caption 2023/08/05 v3.6o Customizing captions (AR)
 (/usr/local/texlive/2025/texmf-dist/tex/latex/caption/caption3.sty
Package: caption3 2023/07/31 v2.4d caption3 kernel (AR)
\caption@tempdima=\dimen320
\captionmargin=\dimen321
\caption@leftmargin=\dimen322
\caption@rightmargin=\dimen323
\caption@width=\dimen324
\caption@indent=\dimen325
\caption@parindent=\dimen326
\caption@hangindent=\dimen327
Package caption Info: Standard document class detected.
)
\c@caption@flags=\count387
\c@continuedfloat=\count388
Package caption Info: hyperref package is loaded.
Package caption Info: listings package is loaded.
Package caption Info: longtable package is loaded.
 (/usr/local/texlive/2025/texmf-dist/tex/latex/caption/ltcaption.sty
Package: ltcaption 2021/01/08 v1.4c longtable captions (AR)
)) (/usr/local/texlive/2025/texmf-dist/tex/latex/float/float.sty
Package: float 2001/11/08 v1.3d Float enhancements (AL)
\c@float@type=\count389
\float@exts=\toks46
\float@box=\box98
\@float@everytoks=\toks47
\@floatcapt=\box99
)
\@float@every@figure=\toks48
\@float@every@table=\toks49
 (/usr/local/texlive/2025/texmf-dist/tex/latex/amsfonts/amssymb.sty
Package: amssymb 2013/01/14 v3.01 AMS font symbols
 (/usr/local/texlive/2025/texmf-dist/tex/latex/amsfonts/amsfonts.sty
Package: amsfonts 2013/01/14 v3.01 Basic AMSFonts support
\symAMSa=\mathgroup4
\symAMSb=\mathgroup5
LaTeX Font Info:    Redeclaring math symbol \hbar on input line 98.
LaTeX Font Info:    Overwriting math alphabet `\mathfrak' in version `bold'
(Font)                  U/euf/m/n --> U/euf/b/n on input line 106.
)) (/usr/local/texlive/2025/texmf-dist/tex/latex/mathtools/mathtools.sty
Package: mathtools 2024/10/04 v1.31 mathematical typesetting tools
 (/usr/local/texlive/2025/texmf-dist/tex/latex/tools/calc.sty
Package: calc 2023/07/08 v4.3 Infix arithmetic (KKT,FJ)
\calc@Acount=\count390
\calc@Bcount=\count391
\calc@Adimen=\dimen328
\calc@Bdimen=\dimen329
\calc@Askip=\skip128
\calc@Bskip=\skip129
LaTeX Info: Redefining \setlength on input line 80.
LaTeX Info: Redefining \addtolength on input line 81.
\calc@Ccount=\count392
\calc@Cskip=\skip130
) (/usr/local/texlive/2025/texmf-dist/tex/latex/mathtools/mhsetup.sty
Package: mhsetup 2021/03/18 v1.4 programming setup (MH)
)
\g_MT_multlinerow_int=\count393
\l_MT_multwidth_dim=\dimen330
\origjot=\skip131
\l_MT_shortvdotswithinadjustabove_dim=\dimen331
\l_MT_shortvdotswithinadjustbelow_dim=\dimen332
\l_MT_above_intertext_sep=\dimen333
\l_MT_below_intertext_sep=\dimen334
\l_MT_above_shortintertext_sep=\dimen335
\l_MT_below_shortintertext_sep=\dimen336
\xmathstrut@box=\box100
\xmathstrut@dim=\dimen337
) (/usr/local/texlive/2025/texmf-dist/tex/latex/mdframed/mdframed.sty
Package: mdframed 2013/07/01 1.9b: mdframed
 (/usr/local/texlive/2025/texmf-dist/tex/latex/zref/zref-abspage.sty
Package: zref-abspage 2023-09-14 v2.35 Module abspage for zref (HO)
 (/usr/local/texlive/2025/texmf-dist/tex/latex/zref/zref-base.sty
Package: zref-base 2023-09-14 v2.35 Module base for zref (HO)
 (/usr/local/texlive/2025/texmf-dist/tex/generic/etexcmds/etexcmds.sty
Package: etexcmds 2019/12/15 v1.7 Avoid name clashes with e-TeX commands (HO)
) (/usr/local/texlive/2025/texmf-dist/tex/latex/auxhook/auxhook.sty
Package: auxhook 2019-12-17 v1.6 Hooks for auxiliary files (HO)
)
Package zref Info: New property list: main on input line 767.
Package zref Info: New property: default on input line 768.
Package zref Info: New property: page on input line 769.
)
\c@abspage=\count394
Package zref Info: New property: abspage on input line 67.
)
\mdf@templength=\skip132
\c@mdf@globalstyle@cnt=\count395
\mdf@skipabove@length=\skip133
\mdf@skipbelow@length=\skip134
\mdf@leftmargin@length=\skip135
\mdf@rightmargin@length=\skip136
\mdf@innerleftmargin@length=\skip137
\mdf@innerrightmargin@length=\skip138
\mdf@innertopmargin@length=\skip139
\mdf@innerbottommargin@length=\skip140
\mdf@splittopskip@length=\skip141
\mdf@splitbottomskip@length=\skip142
\mdf@outermargin@length=\skip143
\mdf@innermargin@length=\skip144
\mdf@linewidth@length=\skip145
\mdf@innerlinewidth@length=\skip146
\mdf@middlelinewidth@length=\skip147
\mdf@outerlinewidth@length=\skip148
\mdf@roundcorner@length=\skip149
\mdf@footenotedistance@length=\skip150
\mdf@userdefinedwidth@length=\skip151
\mdf@needspace@length=\skip152
\mdf@frametitleaboveskip@length=\skip153
\mdf@frametitlebelowskip@length=\skip154
\mdf@frametitlerulewidth@length=\skip155
\mdf@frametitleleftmargin@length=\skip156
\mdf@frametitlerightmargin@length=\skip157
\mdf@shadowsize@length=\skip158
\mdf@extratopheight@length=\skip159
\mdf@subtitleabovelinewidth@length=\skip160
\mdf@subtitlebelowlinewidth@length=\skip161
\mdf@subtitleaboveskip@length=\skip162
\mdf@subtitlebelowskip@length=\skip163
\mdf@subtitleinneraboveskip@length=\skip164
\mdf@subtitleinnerbelowskip@length=\skip165
\mdf@subsubtitleabovelinewidth@length=\skip166
\mdf@subsubtitlebelowlinewidth@length=\skip167
\mdf@subsubtitleaboveskip@length=\skip168
\mdf@subsubtitlebelowskip@length=\skip169
\mdf@subsubtitleinneraboveskip@length=\skip170
\mdf@subsubtitleinnerbelowskip@length=\skip171
 (/usr/local/texlive/2025/texmf-dist/tex/latex/mdframed/md-frame-0.mdf
File: md-frame-0.mdf 2013/07/01\ 1.9b: md-frame-0
)
\mdf@frametitlebox=\box101
\mdf@footnotebox=\box102
\mdf@splitbox@one=\box103
\mdf@splitbox@two=\box104
\mdf@splitbox@save=\box105
\mdfsplitboxwidth=\skip172
\mdfsplitboxtotalwidth=\skip173
\mdfsplitboxheight=\skip174
\mdfsplitboxdepth=\skip175
\mdfsplitboxtotalheight=\skip176
\mdfframetitleboxwidth=\skip177
\mdfframetitleboxtotalwidth=\skip178
\mdfframetitleboxheight=\skip179
\mdfframetitleboxdepth=\skip180
\mdfframetitleboxtotalheight=\skip181
\mdffootnoteboxwidth=\skip182
\mdffootnoteboxtotalwidth=\skip183
\mdffootnoteboxheight=\skip184
\mdffootnoteboxdepth=\skip185
\mdffootnoteboxtotalheight=\skip186
\mdftotallinewidth=\skip187
\mdfboundingboxwidth=\skip188
\mdfboundingboxtotalwidth=\skip189
\mdfboundingboxheight=\skip190
\mdfboundingboxdepth=\skip191
\mdfboundingboxtotalheight=\skip192
\mdf@freevspace@length=\skip193
\mdf@horizontalwidthofbox@length=\skip194
\mdf@verticalmarginwhole@length=\skip195
\mdf@horizontalspaceofbox=\skip196
\mdfsubtitleheight=\skip197
\mdfsubsubtitleheight=\skip198
\c@mdfcountframes=\count396

****** mdframed patching \endmdf@trivlist

****** -- success******

\mdf@envdepth=\count397
\c@mdf@env@i=\count398
\c@mdf@env@ii=\count399
\c@mdf@zref@counter=\count400
Package zref Info: New property: mdf@pagevalue on input line 895.
) (/usr/local/texlive/2025/texmf-dist/tex/latex/acronym/acronym.sty
Package: acronym 2025/01/17 v1.50 Support for acronyms (Tobias Oetiker)
 (/usr/local/texlive/2025/texmf-dist/tex/latex/bigfoot/suffix.sty
Package: suffix 2006/07/15 1.5a Variant command support
) (/usr/local/texlive/2025/texmf-dist/tex/generic/xstring/xstring.sty (/usr/local/texlive/2025/texmf-dist/tex/generic/xstring/xstring.tex
\xs_counta=\count401
\xs_countb=\count402
)
Package: xstring 2023/08/22 v1.86 String manipulations (CT)
)
\AC@clearlist=\toks50
) (/usr/local/texlive/2025/texmf-dist/tex/latex/placeins/placeins.sty
Package: placeins 2005/04/18  v 2.2
)) (/usr/local/texlive/2025/texmf-dist/tex/latex/hyphenat/hyphenat.sty
Package: hyphenat 2009/09/02 v2.3c hyphenation utilities
\langwohyphens=\language90
LaTeX Info: Redefining \_ on input line 43.
) (./main.aux (./0001-rfc-process/0001-rfc-process-pandoc.aux) (./0002-mixnet-keywords/0002-mixnet-keywords-pandoc.aux

LaTeX Warning: Label `abstract' multiply defined.


LaTeX Warning: Label `motivation' multiply defined.


LaTeX Warning: Label `terminology' multiply defined.


LaTeX Warning: Label `references' multiply defined.

) (./0003-hopr-overview/0003-hopr-overview-pandoc.aux

LaTeX Warning: Label `abstract' multiply defined.


LaTeX Warning: Label `motivation' multiply defined.


LaTeX Warning: Label `terminology' multiply defined.


LaTeX Warning: Label `references' multiply defined.

) (./0004-hopr-packet-protocol/0004-hopr-packet-protocol-pandoc.aux

LaTeX Warning: Label `abstract' multiply defined.


LaTeX Warning: Label `terminology' multiply defined.


LaTeX Warning: Label `references' multiply defined.

) (./0005-proof-of-relay/0005-proof-of-relay-pandoc.aux

LaTeX Warning: Label `abstract' multiply defined.


LaTeX Warning: Label `motivation' multiply defined.


LaTeX Warning: Label `terminology' multiply defined.


LaTeX Warning: Label `references' multiply defined.

) (./0006-hopr-mixer/0006-hopr-mixer-pandoc.aux

LaTeX Warning: Label `abstract' multiply defined.


LaTeX Warning: Label `motivation' multiply defined.


LaTeX Warning: Label `terminology' multiply defined.


LaTeX Warning: Label `specification' multiply defined.


LaTeX Warning: Label `design-considerations' multiply defined.


LaTeX Warning: Label `security-considerations' multiply defined.


LaTeX Warning: Label `unresolved-questions' multiply defined.


LaTeX Warning: Label `future-work' multiply defined.


LaTeX Warning: Label `references' multiply defined.

) (./0007-economic-reward-system/0007-economic-reward-system-pandoc.aux

LaTeX Warning: Label `abstract' multiply defined.


LaTeX Warning: Label `motivation' multiply defined.


LaTeX Warning: Label `terminology' multiply defined.


LaTeX Warning: Label `references' multiply defined.

) (./0008-session-protocol/0008-session-protocol-pandoc.aux

LaTeX Warning: Label `abstract' multiply defined.


LaTeX Warning: Label `motivation' multiply defined.


LaTeX Warning: Label `terminology' multiply defined.


LaTeX Warning: Label `specification' multiply defined.


LaTeX Warning: Label `protocol-overview' multiply defined.


LaTeX Warning: Label `design-considerations' multiply defined.


LaTeX Warning: Label `compatibility' multiply defined.


LaTeX Warning: Label `security-considerations' multiply defined.


LaTeX Warning: Label `future-work' multiply defined.


LaTeX Warning: Label `references' multiply defined.

) (./0009-session-start-protocol/0009-session-start-protocol-pandoc.aux

LaTeX Warning: Label `abstract' multiply defined.


LaTeX Warning: Label `motivation' multiply defined.


LaTeX Warning: Label `terminology' multiply defined.


LaTeX Warning: Label `specification' multiply defined.


LaTeX Warning: Label `protocol-overview' multiply defined.


LaTeX Warning: Label `message-types' multiply defined.


LaTeX Warning: Label `byte-order' multiply defined.


LaTeX Warning: Label `protocol-flow' multiply defined.


LaTeX Warning: Label `protocol-constants' multiply defined.


LaTeX Warning: Label `example-message-exchanges' multiply defined.


LaTeX Warning: Label `design-considerations' multiply defined.


LaTeX Warning: Label `compatibility' multiply defined.


LaTeX Warning: Label `version-compatibility' multiply defined.


LaTeX Warning: Label `transport-requirements' multiply defined.


LaTeX Warning: Label `security-considerations' multiply defined.


LaTeX Warning: Label `protocol-security' multiply defined.


LaTeX Warning: Label `future-work' multiply defined.


LaTeX Warning: Label `implementation-notes' multiply defined.


LaTeX Warning: Label `testing-recommendations' multiply defined.


LaTeX Warning: Label `appendix-1' multiply defined.


LaTeX Warning: Label `references' multiply defined.

) (./0010-automatic-path-discovery/0010-automatic-path-discovery-pandoc.aux

LaTeX Warning: Label `abstract' multiply defined.


LaTeX Warning: Label `motivation' multiply defined.


LaTeX Warning: Label `terminology' multiply defined.


LaTeX Warning: Label `specification' multiply defined.


LaTeX Warning: Label `overview' multiply defined.


LaTeX Warning: Label `design-considerations' multiply defined.


LaTeX Warning: Label `compatibility' multiply defined.


LaTeX Warning: Label `security-considerations' multiply defined.


LaTeX Warning: Label `drawbacks' multiply defined.


LaTeX Warning: Label `alternatives' multiply defined.


LaTeX Warning: Label `unresolved-questions' multiply defined.


LaTeX Warning: Label `future-work' multiply defined.


LaTeX Warning: Label `references' multiply defined.

) (./0011-application-protocol/0011-application-protocol-pandoc.aux

LaTeX Warning: Label `abstract' multiply defined.


LaTeX Warning: Label `motivation' multiply defined.


LaTeX Warning: Label `terminology' multiply defined.


LaTeX Warning: Label `introduction' multiply defined.


LaTeX Warning: Label `specification' multiply defined.


LaTeX Warning: Label `appendix-1' multiply defined.


LaTeX Warning: Label `references' multiply defined.

))
\openout1 = `main.aux'.

LaTeX Font Info:    Checking defaults for OML/cmm/m/it on input line 59.
LaTeX Font Info:    ... okay on input line 59.
LaTeX Font Info:    Checking defaults for OMS/cmsy/m/n on input line 59.
LaTeX Font Info:    ... okay on input line 59.
LaTeX Font Info:    Checking defaults for OT1/cmr/m/n on input line 59.
LaTeX Font Info:    ... okay on input line 59.
LaTeX Font Info:    Checking defaults for T1/cmr/m/n on input line 59.
LaTeX Font Info:    ... okay on input line 59.
LaTeX Font Info:    Checking defaults for TS1/cmr/m/n on input line 59.
LaTeX Font Info:    ... okay on input line 59.
LaTeX Font Info:    Checking defaults for TU/lmr/m/n on input line 59.
LaTeX Font Info:    ... okay on input line 59.
LaTeX Font Info:    Checking defaults for OMX/cmex/m/n on input line 59.
LaTeX Font Info:    ... okay on input line 59.
LaTeX Font Info:    Checking defaults for U/cmr/m/n on input line 59.
LaTeX Font Info:    ... okay on input line 59.
LaTeX Font Info:    Checking defaults for PD1/pdf/m/n on input line 59.
LaTeX Font Info:    ... okay on input line 59.
LaTeX Font Info:    Checking defaults for PU/pdf/m/n on input line 59.
LaTeX Font Info:    ... okay on input line 59.

Package fontspec Info: 
(fontspec)             Adjusting the maths setup (use [no-math] to avoid
(fontspec)             this).

\symlegacymaths=\mathgroup6
LaTeX Font Info:    Overwriting symbol font `legacymaths' in version `bold'
(Font)                  OT1/cmr/m/n --> OT1/cmr/bx/n on input line 59.
LaTeX Font Info:    Redeclaring math accent \acute on input line 59.
LaTeX Font Info:    Redeclaring math accent \grave on input line 59.
LaTeX Font Info:    Redeclaring math accent \ddot on input line 59.
LaTeX Font Info:    Redeclaring math accent \tilde on input line 59.
LaTeX Font Info:    Redeclaring math accent \bar on input line 59.
LaTeX Font Info:    Redeclaring math accent \breve on input line 59.
LaTeX Font Info:    Redeclaring math accent \check on input line 59.
LaTeX Font Info:    Redeclaring math accent \hat on input line 59.
LaTeX Font Info:    Redeclaring math accent \dot on input line 59.
LaTeX Font Info:    Redeclaring math accent \mathring on input line 59.
LaTeX Font Info:    Redeclaring math symbol \Gamma on input line 59.
LaTeX Font Info:    Redeclaring math symbol \Delta on input line 59.
LaTeX Font Info:    Redeclaring math symbol \Theta on input line 59.
LaTeX Font Info:    Redeclaring math symbol \Lambda on input line 59.
LaTeX Font Info:    Redeclaring math symbol \Xi on input line 59.
LaTeX Font Info:    Redeclaring math symbol \Pi on input line 59.
LaTeX Font Info:    Redeclaring math symbol \Sigma on input line 59.
LaTeX Font Info:    Redeclaring math symbol \Upsilon on input line 59.
LaTeX Font Info:    Redeclaring math symbol \Phi on input line 59.
LaTeX Font Info:    Redeclaring math symbol \Psi on input line 59.
LaTeX Font Info:    Redeclaring math symbol \Omega on input line 59.
LaTeX Font Info:    Redeclaring math symbol \mathdollar on input line 59.
LaTeX Font Info:    Redeclaring symbol font `operators' on input line 59.
LaTeX Font Info:    Encoding `OT1' has changed to `TU' for symbol font
(Font)              `operators' in the math version `normal' on input line 59.
LaTeX Font Info:    Overwriting symbol font `operators' in version `normal'
(Font)                  OT1/cmr/m/n --> TU/SFUIText-Regular(0)/m/n on input line 59.
LaTeX Font Info:    Encoding `OT1' has changed to `TU' for symbol font
(Font)              `operators' in the math version `bold' on input line 59.
LaTeX Font Info:    Overwriting symbol font `operators' in version `bold'
(Font)                  OT1/cmr/bx/n --> TU/SFUIText-Regular(0)/m/n on input line 59.
LaTeX Font Info:    Overwriting symbol font `operators' in version `normal'
(Font)                  TU/SFUIText-Regular(0)/m/n --> TU/SFUIText-Regular(0)/m/n on input line 59.
LaTeX Font Info:    Overwriting math alphabet `\mathit' in version `normal'
(Font)                  OT1/cmr/m/it --> TU/SFUIText-Regular(0)/m/it on input line 59.
LaTeX Font Info:    Overwriting math alphabet `\mathbf' in version `normal'
(Font)                  OT1/cmr/bx/n --> TU/SFUIText-Regular(0)/b/n on input line 59.
LaTeX Font Info:    Overwriting math alphabet `\mathsf' in version `normal'
(Font)                  OT1/cmss/m/n --> TU/lmss/m/n on input line 59.
LaTeX Font Info:    Overwriting math alphabet `\mathtt' in version `normal'
(Font)                  OT1/cmtt/m/n --> TU/SourceCodePro-Regular(0)/m/n on input line 59.
LaTeX Font Info:    Overwriting symbol font `operators' in version `bold'
(Font)                  TU/SFUIText-Regular(0)/m/n --> TU/SFUIText-Regular(0)/b/n on input line 59.
LaTeX Font Info:    Overwriting math alphabet `\mathit' in version `bold'
(Font)                  OT1/cmr/bx/it --> TU/SFUIText-Regular(0)/b/it on input line 59.
LaTeX Font Info:    Overwriting math alphabet `\mathsf' in version `bold'
(Font)                  OT1/cmss/bx/n --> TU/lmss/b/n on input line 59.
LaTeX Font Info:    Overwriting math alphabet `\mathtt' in version `bold'
(Font)                  OT1/cmtt/m/n --> TU/SourceCodePro-Regular(0)/b/n on input line 59.

*geometry* driver: auto-detecting
*geometry* detected driver: xetex
*geometry* verbose mode - [ preamble ] result:
* driver: xetex
* paper: custom
* layout: <same size as paper>
* layoutoffset:(h,v)=(0.0pt,0.0pt)
* modes: twoside 
* h-part:(L,W,R)=(51.21504pt, 338.58754pt, 31.2982pt)
* v-part:(T,H,B)=(64.58788pt, 445.56992pt, 121.49338pt)
* \paperwidth=421.10078pt
* \paperheight=631.65117pt
* \textwidth=338.58754pt
* \textheight=445.56992pt
* \oddsidemargin=-21.05495pt
* \evensidemargin=-40.97179pt
* \topmargin=-44.68211pt
* \headheight=12.0pt
* \headsep=25.0pt
* \topskip=10.0pt
* \footskip=30.0pt
* \marginparwidth=121.0pt
* \marginparsep=11.0pt
* \columnsep=10.0pt
* \skip\footins=9.0pt plus 4.0pt minus 2.0pt
* \hoffset=0.0pt
* \voffset=0.0pt
* \mag=1000
* \@twocolumnfalse
* \@twosidetrue
* \@mparswitchtrue
* \@reversemarginfalse
* (1in=72.27pt=25.4mm, 1cm=28.453pt)

Package hyperref Info: Link coloring ON on input line 59.
(./main.out) (./main.out)
\@outlinefile=\write5
\openout5 = `main.out'.

\c@lstlisting=\count403
Package caption Info: Begin \AtBeginDocument code.
Package caption Info: float package is loaded.
Package caption Info: End \AtBeginDocument code.


LaTeX Font Warning: Font shape `TU/SFUIText-Regular(0)/b/n' undefined
(Font)              using `TU/SFUIText-Regular(0)/m/n' instead on input line 63.

(./main.toc

LaTeX Font Warning: Font shape `TU/SourceCodePro-Regular(1)/b/n' undefined
(Font)              using `TU/SourceCodePro-Regular(1)/m/n' instead on input line 1.

LaTeX Font Info:    Trying to load font information for U+msa on input line 1.
(/usr/local/texlive/2025/texmf-dist/tex/latex/amsfonts/umsa.fd
File: umsa.fd 2013/01/14 v3.01 AMS symbols A
)
LaTeX Font Info:    Trying to load font information for U+msb on input line 1.
 (/usr/local/texlive/2025/texmf-dist/tex/latex/amsfonts/umsb.fd
File: umsb.fd 2013/01/14 v3.01 AMS symbols B
)
Underfull \hbox (badness 10000) in paragraph at lines 1--1
[][] [][][]\TU/SourceCodePro-Regular(1)/m/n/16 RFC-0001: RFC Lifecycle, Process 
 []


Underfull \hbox (badness 10000) in paragraph at lines 24--24
[][] [][][]\TU/SourceCodePro-Regular(1)/b/n/16 RFC-0002: Common mixnet terms 
 []



[1

]

[2]

[3]

[4]

[5]
Underfull \hbox (badness 10000) in paragraph at lines 249--249
[][] [][][]\TU/SourceCodePro-Regular(1)/b/n/16 RFC-0010: Automatic path 
 []



[6]
Underfull \hbox (badness 10000) in paragraph at lines 276--276
[][] [][][]\TU/SourceCodePro-Regular(1)/b/n/16 RFC-0011: Application Layer 
 []

)
\tf@toc=\write6
\openout6 = `main.toc'.



[7]

[8

]
\openout2 = `0001-rfc-process/0001-rfc-process-pandoc.aux'.

 (./0001-rfc-process/0001-rfc-process-pandoc.tex

[9

]
File: 0001-rfc-process/mermaid_1.png Graphic file (type bmp)
<0001-rfc-process/mermaid_1.png>


[10]

[11]
Underfull \vbox (badness 2111) has occurred while \output is active []



[12]

[13]
Underfull \hbox (badness 1365) in paragraph at lines 275--277
\TU/SFUIText-Regular(0)/b/n/8 All RFCs MUST follow consistent terminology formatting to ensure clarity and 
 []



[14]

LaTeX Font Warning: Font shape `TU/SFUIText-Regular(0)/m/it' undefined
(Font)              using `TU/SFUIText-Regular(0)/m/n' instead on input line 312.



[15])

[16]
\openout2 = `0002-mixnet-keywords/0002-mixnet-keywords-pandoc.aux'.

 (./0002-mixnet-keywords/0002-mixnet-keywords-pandoc.tex

[17




]
Underfull \hbox (badness 1584) in paragraph at lines 58--64
[]\TU/SourceCodePro-SemiBold(0)/m/n/8 Mixnet \TU/SFUIText-Regular(0)/m/it/8 (also known as a \TU/SourceCodePro-SemiBold(0)/m/n/8 Mix network\TU/SFUIText-Regular(0)/m/it/8 ): a routing protocol that creates 
 []


Underfull \vbox (badness 1354) has occurred while \output is active []



[18]
Underfull \hbox (badness 1038) in paragraph at lines 116--121
\TU/SFUIText-Regular(0)/m/it/8 layers of encryption. Each intermediary node (or hop) can only decrypt its 
 []


Underfull \vbox (badness 10000) has occurred while \output is active []



[19]
Underfull \hbox (badness 4899) in paragraph at lines 186--189
[]\TU/SFUIText-Regular(0)/m/it/8 [02] Chaum, D. (1981). Untraceable Electronic Mail, Return Addresses, 
 []


Underfull \hbox (badness 6236) in paragraph at lines 186--189
\TU/SFUIText-Regular(0)/m/it/8 and Digital Pseudonyms. Communications of the ACM, 24(2), 84-90. 
 []


Underfull \hbox (badness 2318) in paragraph at lines 190--193
\TU/SFUIText-Regular(0)/m/it/8 Mix Format. 2009 30th IEEE Symposium on Security and Privacy, 262-277. 
 []

)

[20]

[21]

[22



]
\openout2 = `0003-hopr-overview/0003-hopr-overview-pandoc.aux'.

 (./0003-hopr-overview/0003-hopr-overview-pandoc.tex
Underfull \vbox (badness 2221) has occurred while \output is active []



[23

]
Underfull \hbox (badness 1152) in paragraph at lines 116--121
\TU/SFUIText-Regular(0)/m/it/8 The HOPR network is a decentralised, peer-to-peer mix network that provides 
 []



[24]

[25]

[26]

[27]
Underfull \hbox (badness 1097) in paragraph at lines 352--357
[]\TU/SourceCodePro-SemiBold(0)/m/n/8 Configurable delays\TU/SFUIText-Regular(0)/m/it/8 : supports configurable minimum delay and delay 
 []



[28]
Underfull \hbox (badness 2310) in paragraph at lines 406--411
[]\TU/SourceCodePro-SemiBold(0)/m/n/8 Payment channels\TU/SFUIText-Regular(0)/m/it/8 : unidirectional payment channels enable efficient 
 []



[29]
Underfull \hbox (badness 1584) in paragraph at lines 486--490
[]\TU/SourceCodePro-SemiBold(0)/m/n/8 Extensibility\TU/SFUIText-Regular(0)/m/it/8 : the modular design allows for protocol extensions and 
 []



[30]
Underfull \hbox (badness 5133) in paragraph at lines 494--498
\TU/SFUIText-Regular(0)/m/it/8 [01] Chaum, D. (1981). Untraceable Electronic Mail, Return Addresses, 
 []


Underfull \hbox (badness 6236) in paragraph at lines 494--498
\TU/SFUIText-Regular(0)/m/it/8 and Digital Pseudonyms. Communications of the ACM, 24(2), 84-90. 
 []


Underfull \hbox (badness 2318) in paragraph at lines 507--511
\TU/SFUIText-Regular(0)/m/it/8 Mix Format. 2009 30th IEEE Symposium on Security and Privacy, 262-277. 
 []


Underfull \hbox (badness 5924) in paragraph at lines 512--514
\TU/SFUIText-Regular(0)/m/it/8 Scalable Off-Chain Instant Payments. Lightning Network Whitepaper. 
 []


Underfull \hbox (badness 1990) in paragraph at lines 515--519
[]\TU/SFUIText-Regular(0)/m/it/8 [06] Pfitzmann, A., & Khntopp, M. (2001). Anonymity, Unobservability, and 
 []

)

[31]

[32



]
\openout2 = `0004-hopr-packet-protocol/0004-hopr-packet-protocol-pandoc.aux'.

 (./0004-hopr-packet-protocol/0004-hopr-packet-protocol-pandoc.tex

[33

]

[34]

[35]

[36]

[37]

[38]

[39]

[40]

[41]

[42]

[43]
Underfull \vbox (badness 3780) has occurred while \output is active []



[44]

[45]

[46]

[47]

[48]

[49]

[50]

[51

]

[52]
Underfull \hbox (badness 2318) in paragraph at lines 1246--1250
\TU/SFUIText-Regular(0)/m/it/8 Mix Format. 2009 30th IEEE Symposium on Security and Privacy, 262-277. 
 []

)
Underfull \hbox (badness 10000) in paragraph at lines 1267--68
\TU/SFUIText-Regular(0)/m/it/8 function, fast everywhere. 
 []



[53

]

[54



]
\openout2 = `0005-proof-of-relay/0005-proof-of-relay-pandoc.aux'.

 (./0005-proof-of-relay/0005-proof-of-relay-pandoc.tex

[55

]

[56]
Underfull \hbox (badness 1033) in paragraph at lines 129--132
[]\TU/SFUIText-Regular(0)/m/it/8 The security parameter []\TU/SourceCodePro-Regular(0)/m/n/8 L[] \TU/SFUIText-Regular(0)/m/it/8 SHALL NOT be less than 2^128, meaning the chosen 
 []


Underfull \hbox (badness 1838) in paragraph at lines 138--144
[]\TU/SourceCodePro-SemiBold(0)/m/n/8 EC group\TU/SFUIText-Regular(0)/m/it/8 : a specific elliptic curve []\TU/SourceCodePro-Regular(0)/m/n/8 E[] \TU/SFUIText-Regular(0)/m/it/8 group over a finite field, where the 
 []


Underfull \hbox (badness 2261) in paragraph at lines 144--147
[]\TU/SourceCodePro-SemiBold(0)/m/n/8 MUL(a,B)\TU/SFUIText-Regular(0)/m/it/8 : scalar multiplication of an EC point []\TU/SourceCodePro-Regular(0)/m/n/8 B[] \TU/SFUIText-Regular(0)/m/it/8 by a scalar []\TU/SourceCodePro-Regular(0)/m/n/8 a[] \TU/SFUIText-Regular(0)/m/it/8 from the 
 []



[57]

[58]

[59]
Underfull \hbox (badness 1590) in paragraph at lines 334--336
[]\TU/SFUIText-Regular(0)/m/it/8 Their creation MAY happen at the same time as the HOPR packet, or MAY be 
 []



[60]

[61]

[62]

[63]

[64]

[65]

[66]
Underfull \hbox (badness 1286) in paragraph at lines 782--787
\TU/SFUIText-Regular(0)/m/it/8 Per section 4.3.3 in [][]RFC-0004[][], each packet without []\TU/SourceCodePro-Regular(0)/m/n/8 NoAckFlag[] \TU/SFUIText-Regular(0)/m/it/8 set MUST be 
 []



[67]

[68]

[69]

[70]

[71]
File: 0005-proof-of-relay/mermaid_1.png Graphic file (type bmp)
<0005-proof-of-relay/mermaid_1.png>


[72]

[73]

[74]
Underfull \vbox (badness 10000) has occurred while \output is active []



[75])

[76]
\openout2 = `0006-hopr-mixer/0006-hopr-mixer-pandoc.aux'.

 (./0006-hopr-mixer/0006-hopr-mixer-pandoc.tex

[77




]

[78]

[79

]
Missing character: There is no  (U+2208) in font [./fonts/SourceCodePro-Regular.ttf]/OT:script=latn;language=dflt;!
Missing character: There is no  (U+2208) in font [./fonts/SourceCodePro-Regular.ttf]/OT:script=latn;language=dflt;!


[80]

[81]

[82]

[83])
Underfull \hbox (badness 2318) in paragraph at lines 467--68
[]\TU/SFUIText-Regular(0)/m/it/8 [02] Piotrowska, A. M., Hayes, J., Elahi, T., Meiser, S., & Danezis, G. (2017). 
 []


Underfull \hbox (badness 1163) in paragraph at lines 467--68
\TU/SFUIText-Regular(0)/m/it/8 The Loopix Anonymity System. 26th USENIX Security Symposium, 1199-1216. 
 []



[84]
\openout2 = `0007-economic-reward-system/0007-economic-reward-system-pandoc.aux'.

 (./0007-economic-reward-system/0007-economic-reward-system-pandoc.tex

[85




]

[86]
File: 0007-economic-reward-system/mermaid_1.png Graphic file (type bmp)
<0007-economic-reward-system/mermaid_1.png>


[87]

[88]
File: 0007-economic-reward-system/mermaid_2.png Graphic file (type bmp)
<0007-economic-reward-system/mermaid_2.png>


LaTeX Warning: Float too large for page by 0.00063pt on input line 188.



[89]

[90]
File: 0007-economic-reward-system/mermaid_3.png Graphic file (type bmp)
<0007-economic-reward-system/mermaid_3.png>


[91]

[92]
File: 0007-economic-reward-system/mermaid_4.png Graphic file (type bmp)
<0007-economic-reward-system/mermaid_4.png>


[93]
File: 0007-economic-reward-system/mermaid_5.png Graphic file (type bmp)
<0007-economic-reward-system/mermaid_5.png>


[94]

[95]

[96]

[97

])

[98

]
\openout2 = `0008-session-protocol/0008-session-protocol-pandoc.aux'.

 (./0008-session-protocol/0008-session-protocol-pandoc.tex

[99




]

[100]

[101]
File: 0008-session-protocol/mermaid_1.png Graphic file (type bmp)
<0008-session-protocol/mermaid_1.png>


[102]
Underfull \hbox (badness 1062) in paragraph at lines 265--268
[]\TU/SourceCodePro-SemiBold(0)/m/n/8 Frame ID \TU/SFUIText-Regular(0)/m/it/8 field (4 bytes) in Segment, Retransmission Request, and Frame 
 []

File: 0008-session-protocol/mermaid_2.png Graphic file (type bmp)
<0008-session-protocol/mermaid_2.png>

Overfull \hbox (1.41429pt too wide) in paragraph at lines 309--309
[]|\TU/SFUIText-Regular(0)/m/n/7 Variable|  
 []



[103

]
Overfull \hbox (1.36212pt too wide) in paragraph at lines 340--340
[]|\TU/SFUIText-Regular(0)/m/n/7 5-0|  
 []


Overfull \hbox (7.91211pt too wide) in paragraph at lines 354--355
[]\TU/SFUIText-Regular(0)/m/n/7 Requirement  
 []


Overfull \hbox (2.0193pt too wide) in paragraph at lines 396--396
[]|\TU/SFUIText-Regular(0)/m/n/7 4,294,967,295|  
 []



[104

]
File: 0008-session-protocol/mermaid_3.png Graphic file (type bmp)
<0008-session-protocol/mermaid_3.png>


[105

]

[106

]
File: 0008-session-protocol/mermaid_4.png Graphic file (type bmp)
<0008-session-protocol/mermaid_4.png>
File: 0008-session-protocol/mermaid_5.png Graphic file (type bmp)
<0008-session-protocol/mermaid_5.png>


[107

]

[108]
File: 0008-session-protocol/mermaid_6.png Graphic file (type bmp)
<0008-session-protocol/mermaid_6.png>


[109]
Overfull \hbox (12.72725pt too wide) in paragraph at lines 636--637
[]|\TU/SFUIText-Regular(0)/m/n/7 Implementation-defined|  
 []



[110

]
File: 0008-session-protocol/mermaid_7.png Graphic file (type bmp)
<0008-session-protocol/mermaid_7.png>
File: 0008-session-protocol/mermaid_8.png Graphic file (type bmp)
<0008-session-protocol/mermaid_8.png>


[111

]
File: 0008-session-protocol/mermaid_9.png Graphic file (type bmp)
<0008-session-protocol/mermaid_9.png>
File: 0008-session-protocol/mermaid_10.png Graphic file (type bmp)
<0008-session-protocol/mermaid_10.png>


[112

]
File: 0008-session-protocol/mermaid_11.png Graphic file (type bmp)
<0008-session-protocol/mermaid_11.png>


[113

]

[114

]
Underfull \hbox (badness 7468) in paragraph at lines 872--875
\TU/SFUIText-Regular(0)/m/it/8 [01] Postel, J. (1981). Transmission Control Protocol. IETF RFC 793. 
 []

)
Underfull \hbox (badness 10000) in paragraph at lines 884--68
[]\TU/SFUIText-Regular(0)/m/it/8 [04] Postel, J. (1980). User Datagram Protocol. IETF RFC 768. 
 []



[115

]

[116



]
\openout2 = `0009-session-start-protocol/0009-session-start-protocol-pandoc.aux'.

 (./0009-session-start-protocol/0009-session-start-protocol-pandoc.tex
Underfull \hbox (badness 1210) in paragraph at lines 46--52
\TU/SFUIText-Regular(0)/m/it/8 ([][]RFC-0008[][]), which handles actual data transmission once a session has been 
 []



[117

]

[118]

[119]
File: 0009-session-start-protocol/mermaid_1.png Graphic file (type bmp)
<0009-session-start-protocol/mermaid_1.png>


[120]

[121

]
File: 0009-session-start-protocol/mermaid_2.png Graphic file (type bmp)
<0009-session-start-protocol/mermaid_2.png>

Overfull \hbox (1.87102pt too wide) in paragraph at lines 308--308
\TU/SFUIText-Regular(0)/m/n/7 bytes|  
 []


Overfull \hbox (11.81937pt too wide) in paragraph at lines 310--310
[]|\TU/SourceCodePro-SemiBold(0)/m/n/7 Capabilities|  
 []


Overfull \hbox (3.41936pt too wide) in paragraph at lines 312--312
[]|\TU/SourceCodePro-SemiBold(0)/m/n/7 Additional 
 []


Overfull \hbox (1.87102pt too wide) in paragraph at lines 312--312
\TU/SFUIText-Regular(0)/m/n/7 bytes|  
 []


Overfull \hbox (10.3715pt too wide) in paragraph at lines 315--315
[]|\TU/SFUIText-Regular(0)/m/n/7 Variable|  
 []



[122

]
File: 0009-session-start-protocol/mermaid_3.png Graphic file (type bmp)
<0009-session-start-protocol/mermaid_3.png>

Overfull \hbox (1.41393pt too wide) in paragraph at lines 381--381
\TU/SFUIText-Regular(0)/m/n/7 bytes|  
 []


Overfull \hbox (9.91441pt too wide) in paragraph at lines 384--384
[]|\TU/SFUIText-Regular(0)/m/n/7 Variable|  
 []



[123

]
File: 0009-session-start-protocol/mermaid_4.png Graphic file (type bmp)
<0009-session-start-protocol/mermaid_4.png>

Overfull \hbox (8.66138pt too wide) in paragraph at lines 424--424
[]|\TU/SourceCodePro-SemiBold(0)/m/n/7 Challenge|  
 []


Overfull \hbox (2.41583pt too wide) in paragraph at lines 424--424
\TU/SFUIText-Regular(0)/m/n/7 bytes|  
 []



[124

]
Overfull \hbox (4.55432pt too wide) in paragraph at lines 442--443
[]\TU/SFUIText-Regular(0)/m/n/7 Code  
 []

File: 0009-session-start-protocol/mermaid_5.png Graphic file (type bmp)
<0009-session-start-protocol/mermaid_5.png>

Overfull \hbox (2.87454pt too wide) in paragraph at lines 496--496
[]|\TU/SourceCodePro-SemiBold(0)/m/n/7 Additional 
 []


Overfull \hbox (1.65863pt too wide) in paragraph at lines 496--496
\TU/SFUIText-Regular(0)/m/n/7 bytes|  
 []


Overfull \hbox (10.15912pt too wide) in paragraph at lines 499--499
[]|\TU/SFUIText-Regular(0)/m/n/7 Variable|  
 []

File: 0009-session-start-protocol/mermaid_6.png Graphic file (type bmp)
<0009-session-start-protocol/mermaid_6.png>


[125

]

[126]
Overfull \hbox (2.78546pt too wide) in paragraph at lines 550--551
[]\TU/SFUIText-Regular(0)/m/n/7 Requirement 
 []



[127

]
File: 0009-session-start-protocol/mermaid_7.png Graphic file (type bmp)
<0009-session-start-protocol/mermaid_7.png>
File: 0009-session-start-protocol/mermaid_8.png Graphic file (type bmp)
<0009-session-start-protocol/mermaid_8.png>


[128

]
File: 0009-session-start-protocol/mermaid_9.png Graphic file (type bmp)
<0009-session-start-protocol/mermaid_9.png>
File: 0009-session-start-protocol/mermaid_10.png Graphic file (type bmp)
<0009-session-start-protocol/mermaid_10.png>


[129

]

[130]

[131]

[132]
Underfull \hbox (badness 1122) in paragraph at lines 848--850
\TU/SFUIText-Regular(0)/m/it/8 The following attack vectors exist when the protocol is used without adequate 
 []



[133]
Underfull \hbox (badness 2119) in paragraph at lines 895--899
[]\TU/SourceCodePro-SemiBold(0)/m/n/8 Unpredictable session identifiers\TU/SFUIText-Regular(0)/m/it/8 : Generate session IDs using 
 []



[134

]

[135

])

[136]
\openout2 = `0010-automatic-path-discovery/0010-automatic-path-discovery-pandoc.aux'.

 (./0010-automatic-path-discovery/0010-automatic-path-discovery-pandoc.tex
Underfull \hbox (badness 1308) in paragraph at lines 65--71
\TU/SFUIText-Regular(0)/m/it/8 is delegated to upper protocol layers (see [][]RFC-0008[][]). This design places the 
 []



[137




]

[138]

[139]

[140]
Underfull \hbox (badness 1448) in paragraph at lines 267--270
\TU/SFUIText-Regular(0)/m/it/8 traversing three hops (out, relay, and back). This represents a complete 
 []



[141]
File: 0010-automatic-path-discovery/mermaid_1.png Graphic file (type bmp)
<0010-automatic-path-discovery/mermaid_1.png>


[142]

[143]
File: 0010-automatic-path-discovery/mermaid_2.png Graphic file (type bmp)
<0010-automatic-path-discovery/mermaid_2.png>


[144]

[145]

[146]

[147]

[148]

[149]

[150

]

[151]

[152

]
Underfull \vbox (badness 1442) has occurred while \output is active []



[153]

[154]
Underfull \hbox (badness 2469) in paragraph at lines 863--866
[]\TU/SourceCodePro-SemiBold(0)/m/n/8 Formal slashing logic\TU/SFUIText-Regular(0)/m/it/8 : Define a formal slashing mechanism with 
 []

)

[155]

[156



]
\openout2 = `0011-application-protocol/0011-application-protocol-pandoc.aux'.

 (./0011-application-protocol/0011-application-protocol-pandoc.tex
Underfull \hbox (badness 5519) in paragraph at lines 6--6
|[]\TU/SourceCodePro-Regular(1)/b/n/16 RFC-0011: Application Layer 
 []



[157

]

[158]
Underfull \hbox (badness 1742) in paragraph at lines 150--154
[]\TU/SourceCodePro-Regular(0)/m/n/8 0x0000000000000001[]\TU/SFUIText-Regular(0)/m/it/8 : reserved for the session start protocol (session 
 []



[159])

[160] (./main.aux (./0001-rfc-process/0001-rfc-process-pandoc.aux) (./0002-mixnet-keywords/0002-mixnet-keywords-pandoc.aux) (./0003-hopr-overview/0003-hopr-overview-pandoc.aux) (./0004-hopr-packet-protocol/0004-hopr-packet-protocol-pandoc.aux) (./0005-proof-of-relay/0005-proof-of-relay-pandoc.aux) (./0006-hopr-mixer/0006-hopr-mixer-pandoc.aux) (./0007-economic-reward-system/0007-economic-reward-system-pandoc.aux) (./0008-session-protocol/0008-session-protocol-pandoc.aux) (./0009-session-start-protocol/0009-session-start-protocol-pandoc.aux) (./0010-automatic-path-discovery/0010-automatic-path-discovery-pandoc.aux) (./0011-application-protocol/0011-application-protocol-pandoc.aux))
 ***********
LaTeX2e <2024-11-01> patch level 2
L3 programming layer <2025-01-18>
 ***********


LaTeX Font Warning: Some font shapes were not available, defaults substituted.


LaTeX Warning: There were multiply-defined labels.

Package rerunfilecheck Info: File `main.out' has not changed.
(rerunfilecheck)             Checksum: BF0DDD1B9105872B3013E8B3750591DB;37047.
 ) 
Here is how much of TeX's memory you used:
 36679 strings out of 473832
 790740 string characters out of 5729481
 1323122 words of memory out of 5000000
 59056 multiletter control sequences out of 15000+600000
 563142 words of font info for 77 fonts, out of 8000000 for 9000
 1348 hyphenation exceptions out of 8191
 117i,13n,120p,2263b,983s stack positions out of 10000i,1000n,20000p,200000b,200000s

Output written on main.pdf (160 pages).
